This is pdfTeX, Version 3.14159265-2.6-1.40.20 (MiKTeX 2.9.7050 64-bit) (preloaded format=pdflatex 2019.7.13)  9 JUN 2020 19:00
entering extended mode
**./Compiler.tex
(Compiler.tex
LaTeX2e <2018-12-01>
("C:\Program Files\MiKTeX 2.9\tex/latex/base\report.cls"
Document Class: report 2018/09/03 v1.4i Standard LaTeX document class
("C:\Program Files\MiKTeX 2.9\tex/latex/base\size12.clo"
File: size12.clo 2018/09/03 v1.4i Standard LaTeX file (size option)
)
\c@part=\count80
\c@chapter=\count81
\c@section=\count82
\c@subsection=\count83
\c@subsubsection=\count84
\c@paragraph=\count85
\c@subparagraph=\count86
\c@figure=\count87
\c@table=\count88
\abovecaptionskip=\skip41
\belowcaptionskip=\skip42
\bibindent=\dimen102
)
("C:\Program Files\MiKTeX 2.9\tex/generic/babel\babel.sty"
Package: babel 2019/07/19 3.33 The Babel package

("C:\Program Files\MiKTeX 2.9\tex/generic/babel\switch.def"
File: switch.def 2019/07/19 3.33 Babel switching mechanism
)
*************************************
* Local config file bblopts.cfg used
*

(C:\Users\DavidEttinger02\AppData\Roaming\MiKTeX\2.9\tex/latex/arabi\bblopts.cf
g
File: bblopts.cfg 2005/09/08 v0.1 add Arabic and Farsi to "declared" options of
 babel
) ("C:\Program Files\MiKTeX 2.9\tex/latex/babel-english\english.ldf"
Language: english 2017/06/06 v3.3r English support from the babel system

("C:\Program Files\MiKTeX 2.9\tex/generic/babel\babel.def"
File: babel.def 2019/07/19 3.33 Babel common definitions
\babel@savecnt=\count89
\U@D=\dimen103

("C:\Program Files\MiKTeX 2.9\tex/generic/babel\txtbabel.def")
\bbl@dirlevel=\count90
)
\l@canadian = a dialect from \language\l@american 
\l@australian = a dialect from \language\l@british 
\l@newzealand = a dialect from \language\l@british 
))
("C:\Program Files\MiKTeX 2.9\tex/latex/base\inputenc.sty"
Package: inputenc 2018/08/11 v1.3c Input encoding file
\inpenc@prehook=\toks14
\inpenc@posthook=\toks15
)
("C:\Program Files\MiKTeX 2.9\tex/latex/base\fontenc.sty"
Package: fontenc 2018/08/11 v2.0j Standard LaTeX package

("C:\Program Files\MiKTeX 2.9\tex/latex/base\t1enc.def"
File: t1enc.def 2018/08/11 v2.0j Standard LaTeX file
LaTeX Font Info:    Redeclaring font encoding T1 on input line 48.
))
(C:\Users\DavidEttinger02\AppData\Roaming\MiKTeX\2.9\tex/latex/natbib\natbib.st
y
Package: natbib 2010/09/13 8.31b (PWD, AO)
\bibhang=\skip43
\bibsep=\skip44
LaTeX Info: Redefining \cite on input line 694.
\c@NAT@ctr=\count91
)
(C:\Users\DavidEttinger02\AppData\Roaming\MiKTeX\2.9\tex/latex/tocbibind\tocbib
ind.sty
Package: tocbibind 2010/10/13 v1.5k extra ToC listings
Package tocbibind Info: The document has chapter divisions on input line 50.


Package tocbibind Note: Using chapter style headings, unless overridden.

)
(C:\Users\DavidEttinger02\AppData\Roaming\MiKTeX\2.9\tex/latex/contour\contour.
sty
Package: contour 2004/11/18 v2.14 Print contoured text (HH, MH)
 ("C:\Program Files\MiKTeX 2.9\tex/latex/graphics\color.sty"
Package: color 2016/07/10 v1.1e Standard LaTeX Color (DPC)

("C:\Program Files\MiKTeX 2.9\tex/latex/graphics-cfg\color.cfg"
File: color.cfg 2016/01/02 v1.6 sample color configuration
)
Package color Info: Driver file: pdftex.def on input line 147.

("C:\Program Files\MiKTeX 2.9\tex/latex/graphics-def\pdftex.def"
File: pdftex.def 2018/01/08 v1.0l Graphics/color driver for pdftex
))
("C:\Program Files\MiKTeX 2.9\tex/latex/graphics\trig.sty"
Package: trig 2016/01/03 v1.10 sin cos tan (DPC)
)
\con@length=\skip45

Loading configuration file `contour.cfg'.

(C:\Users\DavidEttinger02\AppData\Roaming\MiKTeX\2.9\tex/latex/contour\contour.
cfg
File: contour.cfg 2004/11/18 v2.14 Print contoured text (HH, MH)
)
contour: Using driver file `pdftex.cnt'.

(C:\Users\DavidEttinger02\AppData\Roaming\MiKTeX\2.9\tex/latex/contour\pdftex.c
nt
File: pdftex.cnt 2004/11/18 v2.14 Print contoured text (HH, MH)
)) ("C:\Program Files\MiKTeX 2.9\tex/latex/hyperref\hyperref.sty"
Package: hyperref 2018/11/30 v6.88e Hypertext links for LaTeX

("C:\Program Files\MiKTeX 2.9\tex/generic/oberdiek\hobsub-hyperref.sty"
Package: hobsub-hyperref 2016/05/16 v1.14 Bundle oberdiek, subset hyperref (HO)


("C:\Program Files\MiKTeX 2.9\tex/generic/oberdiek\hobsub-generic.sty"
Package: hobsub-generic 2016/05/16 v1.14 Bundle oberdiek, subset generic (HO)
Package: hobsub 2016/05/16 v1.14 Construct package bundles (HO)
Package: infwarerr 2016/05/16 v1.4 Providing info/warning/error messages (HO)
Package: ltxcmds 2016/05/16 v1.23 LaTeX kernel commands for general use (HO)
Package: ifluatex 2016/05/16 v1.4 Provides the ifluatex switch (HO)
Package ifluatex Info: LuaTeX not detected.
Package: ifvtex 2016/05/16 v1.6 Detect VTeX and its facilities (HO)
Package ifvtex Info: VTeX not detected.
Package: intcalc 2016/05/16 v1.2 Expandable calculations with integers (HO)
Package: ifpdf 2018/09/07 v3.3 Provides the ifpdf switch
Package: etexcmds 2016/05/16 v1.6 Avoid name clashes with e-TeX commands (HO)
Package: kvsetkeys 2016/05/16 v1.17 Key value parser (HO)
Package: kvdefinekeys 2016/05/16 v1.4 Define keys (HO)
Package: pdftexcmds 2018/09/10 v0.29 Utility functions of pdfTeX for LuaTeX (HO
)
Package pdftexcmds Info: LuaTeX not detected.
Package pdftexcmds Info: \pdf@primitive is available.
Package pdftexcmds Info: \pdf@ifprimitive is available.
Package pdftexcmds Info: \pdfdraftmode found.
Package: pdfescape 2016/05/16 v1.14 Implements pdfTeX's escape features (HO)
Package: bigintcalc 2016/05/16 v1.4 Expandable calculations on big integers (HO
)
Package: bitset 2016/05/16 v1.2 Handle bit-vector datatype (HO)
Package: uniquecounter 2016/05/16 v1.3 Provide unlimited unique counter (HO)
)
Package hobsub Info: Skipping package `hobsub' (already loaded).
Package: letltxmacro 2016/05/16 v1.5 Let assignment for LaTeX macros (HO)
Package: hopatch 2016/05/16 v1.3 Wrapper for package hooks (HO)
Package: xcolor-patch 2016/05/16 xcolor patch
Package: atveryend 2016/05/16 v1.9 Hooks at the very end of document (HO)
Package atveryend Info: \enddocument detected (standard20110627).
Package: atbegshi 2016/06/09 v1.18 At begin shipout hook (HO)
Package: refcount 2016/05/16 v3.5 Data extraction from label references (HO)
Package: hycolor 2016/05/16 v1.8 Color options for hyperref/bookmark (HO)
)
("C:\Program Files\MiKTeX 2.9\tex/latex/graphics\keyval.sty"
Package: keyval 2014/10/28 v1.15 key=value parser (DPC)
\KV@toks@=\toks16
)
("C:\Program Files\MiKTeX 2.9\tex/generic/ifxetex\ifxetex.sty"
Package: ifxetex 2010/09/12 v0.6 Provides ifxetex conditional
)
("C:\Program Files\MiKTeX 2.9\tex/latex/oberdiek\auxhook.sty"
Package: auxhook 2016/05/16 v1.4 Hooks for auxiliary files (HO)
)
("C:\Program Files\MiKTeX 2.9\tex/latex/oberdiek\kvoptions.sty"
Package: kvoptions 2016/05/16 v3.12 Key value format for package options (HO)
)
\@linkdim=\dimen104
\Hy@linkcounter=\count92
\Hy@pagecounter=\count93

("C:\Program Files\MiKTeX 2.9\tex/latex/hyperref\pd1enc.def"
File: pd1enc.def 2018/11/30 v6.88e Hyperref: PDFDocEncoding definition (HO)
Now handling font encoding PD1 ...
... no UTF-8 mapping file for font encoding PD1
)
\Hy@SavedSpaceFactor=\count94

("C:\Program Files\MiKTeX 2.9\tex/latex/00miktex\hyperref.cfg"
File: hyperref.cfg 2002/06/06 v1.2 hyperref configuration of TeXLive
)
Package hyperref Info: Hyper figures OFF on input line 4519.
Package hyperref Info: Link nesting OFF on input line 4524.
Package hyperref Info: Hyper index ON on input line 4527.
Package hyperref Info: Plain pages OFF on input line 4534.
Package hyperref Info: Backreferencing OFF on input line 4539.
Package hyperref Info: Implicit mode ON; LaTeX internals redefined.
Package hyperref Info: Bookmarks ON on input line 4772.
\c@Hy@tempcnt=\count95

(C:\Users\DavidEttinger02\AppData\Roaming\MiKTeX\2.9\tex/latex/url\url.sty
\Urlmuskip=\muskip10
Package: url 2013/09/16  ver 3.4  Verb mode for urls, etc.
)
LaTeX Info: Redefining \url on input line 5125.
\XeTeXLinkMargin=\dimen105
\Fld@menulength=\count96
\Field@Width=\dimen106
\Fld@charsize=\dimen107
Package hyperref Info: Hyper figures OFF on input line 6380.
Package hyperref Info: Link nesting OFF on input line 6385.
Package hyperref Info: Hyper index ON on input line 6388.
Package hyperref Info: backreferencing OFF on input line 6395.
Package hyperref Info: Link coloring OFF on input line 6400.
Package hyperref Info: Link coloring with OCG OFF on input line 6405.
Package hyperref Info: PDF/A mode OFF on input line 6410.
LaTeX Info: Redefining \ref on input line 6450.
LaTeX Info: Redefining \pageref on input line 6454.
\Hy@abspage=\count97
\c@Item=\count98
\c@Hfootnote=\count99
)
Package hyperref Info: Driver: hpdftex.

("C:\Program Files\MiKTeX 2.9\tex/latex/hyperref\hpdftex.def"
File: hpdftex.def 2018/11/30 v6.88e Hyperref driver for pdfTeX
\Fld@listcount=\count100
\c@bookmark@seq@number=\count101

("C:\Program Files\MiKTeX 2.9\tex/latex/oberdiek\rerunfilecheck.sty"
Package: rerunfilecheck 2016/05/16 v1.8 Rerun checks for auxiliary files (HO)
Package uniquecounter Info: New unique counter `rerunfilecheck' on input line 2
82.
)
\Hy@SectionHShift=\skip46
)
(C:\Users\DavidEttinger02\AppData\Roaming\MiKTeX\2.9\tex/latex/overpic\overpic.
sty
Package: overpic 2018/09/02 1.2 picture overlays (RN)
 ("C:\Program Files\MiKTeX 2.9\tex/latex/graphics\graphicx.sty"
Package: graphicx 2017/06/01 v1.1a Enhanced LaTeX Graphics (DPC,SPQR)

("C:\Program Files\MiKTeX 2.9\tex/latex/graphics\graphics.sty"
Package: graphics 2017/06/25 v1.2c Standard LaTeX Graphics (DPC,SPQR)

("C:\Program Files\MiKTeX 2.9\tex/latex/graphics-cfg\graphics.cfg"
File: graphics.cfg 2016/06/04 v1.11 sample graphics configuration
)
Package graphics Info: Driver file: pdftex.def on input line 99.
)
\Gin@req@height=\dimen108
\Gin@req@width=\dimen109
)
(C:\Users\DavidEttinger02\AppData\Roaming\MiKTeX\2.9\tex/latex/eepic\epic.sty
Enhancements to Picture Environment. Version 1.2 - Released June 1, 1986
\@@multicnt=\count102
\d@lta=\count103
\@delta=\dimen110
\@@delta=\dimen111
\@gridcnt=\count104
\@joinkind=\count105
\@dotgap=\dimen112
\@ddotgap=\dimen113
\@x@diff=\count106
\@y@diff=\count107
\x@diff=\dimen114
\y@diff=\dimen115
\@dotbox=\box27
\num@segments=\count108
\num@segmentsi=\count109
\@datafile=\read1
)
\OVP@box=\box28
)
(C:\Users\DavidEttinger02\AppData\Roaming\MiKTeX\2.9\tex/latex/tcolorbox\tcolor
box.sty
Package: tcolorbox 2019/03/02 version 4.20 text color boxes

(C:\Users\DavidEttinger02\AppData\Roaming\MiKTeX\2.9\tex/latex/pgf/basiclayer\p
gf.sty
(C:\Users\DavidEttinger02\AppData\Roaming\MiKTeX\2.9\tex/latex/pgf/utilities\pg
frcs.sty
(C:\Users\DavidEttinger02\AppData\Roaming\MiKTeX\2.9\tex/generic/pgf/utilities\
pgfutil-common.tex
\pgfutil@everybye=\toks17
\pgfutil@tempdima=\dimen116
\pgfutil@tempdimb=\dimen117

(C:\Users\DavidEttinger02\AppData\Roaming\MiKTeX\2.9\tex/generic/pgf/utilities\
pgfutil-common-lists.tex))
(C:\Users\DavidEttinger02\AppData\Roaming\MiKTeX\2.9\tex/generic/pgf/utilities\
pgfutil-latex.def
\pgfutil@abb=\box29

(C:\Users\DavidEttinger02\AppData\Roaming\MiKTeX\2.9\tex/latex/ms\everyshi.sty
Package: everyshi 2001/05/15 v3.00 EveryShipout Package (MS)
))
(C:\Users\DavidEttinger02\AppData\Roaming\MiKTeX\2.9\tex/generic/pgf/utilities\
pgfrcs.code.tex
(C:\Users\DavidEttinger02\AppData\Roaming\MiKTeX\2.9\tex/generic/pgf\pgf.revisi
on.tex)
Package: pgfrcs 2019/05/09 v3.1.3 (3.1.3)
))
Package: pgf 2019/05/09 v3.1.3 (3.1.3)

(C:\Users\DavidEttinger02\AppData\Roaming\MiKTeX\2.9\tex/latex/pgf/basiclayer\p
gfcore.sty
(C:\Users\DavidEttinger02\AppData\Roaming\MiKTeX\2.9\tex/latex/pgf/systemlayer\
pgfsys.sty
(C:\Users\DavidEttinger02\AppData\Roaming\MiKTeX\2.9\tex/generic/pgf/systemlaye
r\pgfsys.code.tex
Package: pgfsys 2019/05/09 v3.1.3 (3.1.3)

(C:\Users\DavidEttinger02\AppData\Roaming\MiKTeX\2.9\tex/generic/pgf/utilities\
pgfkeys.code.tex
\pgfkeys@pathtoks=\toks18
\pgfkeys@temptoks=\toks19

(C:\Users\DavidEttinger02\AppData\Roaming\MiKTeX\2.9\tex/generic/pgf/utilities\
pgfkeysfiltered.code.tex
\pgfkeys@tmptoks=\toks20
))
\pgf@x=\dimen118
\pgf@y=\dimen119
\pgf@xa=\dimen120
\pgf@ya=\dimen121
\pgf@xb=\dimen122
\pgf@yb=\dimen123
\pgf@xc=\dimen124
\pgf@yc=\dimen125
\pgf@xd=\dimen126
\pgf@yd=\dimen127
\w@pgf@writea=\write3
\r@pgf@reada=\read2
\c@pgf@counta=\count110
\c@pgf@countb=\count111
\c@pgf@countc=\count112
\c@pgf@countd=\count113
\t@pgf@toka=\toks21
\t@pgf@tokb=\toks22
\t@pgf@tokc=\toks23
\pgf@sys@id@count=\count114

(C:\Users\DavidEttinger02\AppData\Roaming\MiKTeX\2.9\tex/generic/pgf/systemlaye
r\pgf.cfg
File: pgf.cfg 2019/05/09 v3.1.3 (3.1.3)
)
Driver file for pgf: pgfsys-pdftex.def

(C:\Users\DavidEttinger02\AppData\Roaming\MiKTeX\2.9\tex/generic/pgf/systemlaye
r\pgfsys-pdftex.def
File: pgfsys-pdftex.def 2019/05/09 v3.1.3 (3.1.3)

(C:\Users\DavidEttinger02\AppData\Roaming\MiKTeX\2.9\tex/generic/pgf/systemlaye
r\pgfsys-common-pdf.def
File: pgfsys-common-pdf.def 2019/05/09 v3.1.3 (3.1.3)
)))
(C:\Users\DavidEttinger02\AppData\Roaming\MiKTeX\2.9\tex/generic/pgf/systemlaye
r\pgfsyssoftpath.code.tex
File: pgfsyssoftpath.code.tex 2019/05/09 v3.1.3 (3.1.3)
\pgfsyssoftpath@smallbuffer@items=\count115
\pgfsyssoftpath@bigbuffer@items=\count116
)
(C:\Users\DavidEttinger02\AppData\Roaming\MiKTeX\2.9\tex/generic/pgf/systemlaye
r\pgfsysprotocol.code.tex
File: pgfsysprotocol.code.tex 2019/05/09 v3.1.3 (3.1.3)
))
(C:\Users\DavidEttinger02\AppData\Roaming\MiKTeX\2.9\tex/latex/xcolor\xcolor.st
y
Package: xcolor 2016/05/11 v2.12 LaTeX color extensions (UK)
 ("C:\Program Files\MiKTeX 2.9\tex/latex/graphics-cfg\color.cfg"
File: color.cfg 2016/01/02 v1.6 sample color configuration
)
Package xcolor Info: Driver file: pdftex.def on input line 225.
LaTeX Info: Redefining \color on input line 709.
Package xcolor Info: Model `cmy' substituted by `cmy0' on input line 1348.
Package xcolor Info: Model `hsb' substituted by `rgb' on input line 1352.
Package xcolor Info: Model `RGB' extended on input line 1364.
Package xcolor Info: Model `HTML' substituted by `rgb' on input line 1366.
Package xcolor Info: Model `Hsb' substituted by `hsb' on input line 1367.
Package xcolor Info: Model `tHsb' substituted by `hsb' on input line 1368.
Package xcolor Info: Model `HSB' substituted by `hsb' on input line 1369.
Package xcolor Info: Model `Gray' substituted by `gray' on input line 1370.
Package xcolor Info: Model `wave' substituted by `hsb' on input line 1371.
)
(C:\Users\DavidEttinger02\AppData\Roaming\MiKTeX\2.9\tex/generic/pgf/basiclayer
\pgfcore.code.tex
Package: pgfcore 2019/05/09 v3.1.3 (3.1.3)

(C:\Users\DavidEttinger02\AppData\Roaming\MiKTeX\2.9\tex/generic/pgf/math\pgfma
th.code.tex
(C:\Users\DavidEttinger02\AppData\Roaming\MiKTeX\2.9\tex/generic/pgf/math\pgfma
thcalc.code.tex
(C:\Users\DavidEttinger02\AppData\Roaming\MiKTeX\2.9\tex/generic/pgf/math\pgfma
thutil.code.tex)
(C:\Users\DavidEttinger02\AppData\Roaming\MiKTeX\2.9\tex/generic/pgf/math\pgfma
thparser.code.tex
\pgfmath@dimen=\dimen128
\pgfmath@count=\count117
\pgfmath@box=\box30
\pgfmath@toks=\toks24
\pgfmath@stack@operand=\toks25
\pgfmath@stack@operation=\toks26
)
(C:\Users\DavidEttinger02\AppData\Roaming\MiKTeX\2.9\tex/generic/pgf/math\pgfma
thfunctions.code.tex
(C:\Users\DavidEttinger02\AppData\Roaming\MiKTeX\2.9\tex/generic/pgf/math\pgfma
thfunctions.basic.code.tex)
(C:\Users\DavidEttinger02\AppData\Roaming\MiKTeX\2.9\tex/generic/pgf/math\pgfma
thfunctions.trigonometric.code.tex)
(C:\Users\DavidEttinger02\AppData\Roaming\MiKTeX\2.9\tex/generic/pgf/math\pgfma
thfunctions.random.code.tex)
(C:\Users\DavidEttinger02\AppData\Roaming\MiKTeX\2.9\tex/generic/pgf/math\pgfma
thfunctions.comparison.code.tex)
(C:\Users\DavidEttinger02\AppData\Roaming\MiKTeX\2.9\tex/generic/pgf/math\pgfma
thfunctions.base.code.tex)
(C:\Users\DavidEttinger02\AppData\Roaming\MiKTeX\2.9\tex/generic/pgf/math\pgfma
thfunctions.round.code.tex)
(C:\Users\DavidEttinger02\AppData\Roaming\MiKTeX\2.9\tex/generic/pgf/math\pgfma
thfunctions.misc.code.tex)
(C:\Users\DavidEttinger02\AppData\Roaming\MiKTeX\2.9\tex/generic/pgf/math\pgfma
thfunctions.integerarithmetics.code.tex)))
(C:\Users\DavidEttinger02\AppData\Roaming\MiKTeX\2.9\tex/generic/pgf/math\pgfma
thfloat.code.tex
\c@pgfmathroundto@lastzeros=\count118
))
(C:\Users\DavidEttinger02\AppData\Roaming\MiKTeX\2.9\tex/generic/pgf/math\pgfin
t.code.tex)
(C:\Users\DavidEttinger02\AppData\Roaming\MiKTeX\2.9\tex/generic/pgf/basiclayer
\pgfcorepoints.code.tex
File: pgfcorepoints.code.tex 2019/05/09 v3.1.3 (3.1.3)
\pgf@picminx=\dimen129
\pgf@picmaxx=\dimen130
\pgf@picminy=\dimen131
\pgf@picmaxy=\dimen132
\pgf@pathminx=\dimen133
\pgf@pathmaxx=\dimen134
\pgf@pathminy=\dimen135
\pgf@pathmaxy=\dimen136
\pgf@xx=\dimen137
\pgf@xy=\dimen138
\pgf@yx=\dimen139
\pgf@yy=\dimen140
\pgf@zx=\dimen141
\pgf@zy=\dimen142
)
(C:\Users\DavidEttinger02\AppData\Roaming\MiKTeX\2.9\tex/generic/pgf/basiclayer
\pgfcorepathconstruct.code.tex
File: pgfcorepathconstruct.code.tex 2019/05/09 v3.1.3 (3.1.3)
\pgf@path@lastx=\dimen143
\pgf@path@lasty=\dimen144
)
(C:\Users\DavidEttinger02\AppData\Roaming\MiKTeX\2.9\tex/generic/pgf/basiclayer
\pgfcorepathusage.code.tex
File: pgfcorepathusage.code.tex 2019/05/09 v3.1.3 (3.1.3)
\pgf@shorten@end@additional=\dimen145
\pgf@shorten@start@additional=\dimen146
)
(C:\Users\DavidEttinger02\AppData\Roaming\MiKTeX\2.9\tex/generic/pgf/basiclayer
\pgfcorescopes.code.tex
File: pgfcorescopes.code.tex 2019/05/09 v3.1.3 (3.1.3)
\pgfpic=\box31
\pgf@hbox=\box32
\pgf@layerbox@main=\box33
\pgf@picture@serial@count=\count119
)
(C:\Users\DavidEttinger02\AppData\Roaming\MiKTeX\2.9\tex/generic/pgf/basiclayer
\pgfcoregraphicstate.code.tex
File: pgfcoregraphicstate.code.tex 2019/05/09 v3.1.3 (3.1.3)
\pgflinewidth=\dimen147
)
(C:\Users\DavidEttinger02\AppData\Roaming\MiKTeX\2.9\tex/generic/pgf/basiclayer
\pgfcoretransformations.code.tex
File: pgfcoretransformations.code.tex 2019/05/09 v3.1.3 (3.1.3)
\pgf@pt@x=\dimen148
\pgf@pt@y=\dimen149
\pgf@pt@temp=\dimen150
)
(C:\Users\DavidEttinger02\AppData\Roaming\MiKTeX\2.9\tex/generic/pgf/basiclayer
\pgfcorequick.code.tex
File: pgfcorequick.code.tex 2019/05/09 v3.1.3 (3.1.3)
)
(C:\Users\DavidEttinger02\AppData\Roaming\MiKTeX\2.9\tex/generic/pgf/basiclayer
\pgfcoreobjects.code.tex
File: pgfcoreobjects.code.tex 2019/05/09 v3.1.3 (3.1.3)
)
(C:\Users\DavidEttinger02\AppData\Roaming\MiKTeX\2.9\tex/generic/pgf/basiclayer
\pgfcorepathprocessing.code.tex
File: pgfcorepathprocessing.code.tex 2019/05/09 v3.1.3 (3.1.3)
)
(C:\Users\DavidEttinger02\AppData\Roaming\MiKTeX\2.9\tex/generic/pgf/basiclayer
\pgfcorearrows.code.tex
File: pgfcorearrows.code.tex 2019/05/09 v3.1.3 (3.1.3)
\pgfarrowsep=\dimen151
)
(C:\Users\DavidEttinger02\AppData\Roaming\MiKTeX\2.9\tex/generic/pgf/basiclayer
\pgfcoreshade.code.tex
File: pgfcoreshade.code.tex 2019/05/09 v3.1.3 (3.1.3)
\pgf@max=\dimen152
\pgf@sys@shading@range@num=\count120
\pgf@shadingcount=\count121
)
(C:\Users\DavidEttinger02\AppData\Roaming\MiKTeX\2.9\tex/generic/pgf/basiclayer
\pgfcoreimage.code.tex
File: pgfcoreimage.code.tex 2019/05/09 v3.1.3 (3.1.3)

(C:\Users\DavidEttinger02\AppData\Roaming\MiKTeX\2.9\tex/generic/pgf/basiclayer
\pgfcoreexternal.code.tex
File: pgfcoreexternal.code.tex 2019/05/09 v3.1.3 (3.1.3)
\pgfexternal@startupbox=\box34
))
(C:\Users\DavidEttinger02\AppData\Roaming\MiKTeX\2.9\tex/generic/pgf/basiclayer
\pgfcorelayers.code.tex
File: pgfcorelayers.code.tex 2019/05/09 v3.1.3 (3.1.3)
)
(C:\Users\DavidEttinger02\AppData\Roaming\MiKTeX\2.9\tex/generic/pgf/basiclayer
\pgfcoretransparency.code.tex
File: pgfcoretransparency.code.tex 2019/05/09 v3.1.3 (3.1.3)
)
(C:\Users\DavidEttinger02\AppData\Roaming\MiKTeX\2.9\tex/generic/pgf/basiclayer
\pgfcorepatterns.code.tex
File: pgfcorepatterns.code.tex 2019/05/09 v3.1.3 (3.1.3)
)
(C:\Users\DavidEttinger02\AppData\Roaming\MiKTeX\2.9\tex/generic/pgf/basiclayer
\pgfcorerdf.code.tex
File: pgfcorerdf.code.tex 2019/05/09 v3.1.3 (3.1.3)
)))
(C:\Users\DavidEttinger02\AppData\Roaming\MiKTeX\2.9\tex/generic/pgf/modules\pg
fmoduleshapes.code.tex
File: pgfmoduleshapes.code.tex 2019/05/09 v3.1.3 (3.1.3)
\pgfnodeparttextbox=\box35
)
(C:\Users\DavidEttinger02\AppData\Roaming\MiKTeX\2.9\tex/generic/pgf/modules\pg
fmoduleplot.code.tex
File: pgfmoduleplot.code.tex 2019/05/09 v3.1.3 (3.1.3)
)
(C:\Users\DavidEttinger02\AppData\Roaming\MiKTeX\2.9\tex/latex/pgf/compatibilit
y\pgfcomp-version-0-65.sty
Package: pgfcomp-version-0-65 2019/05/09 v3.1.3 (3.1.3)
\pgf@nodesepstart=\dimen153
\pgf@nodesepend=\dimen154
)
(C:\Users\DavidEttinger02\AppData\Roaming\MiKTeX\2.9\tex/latex/pgf/compatibilit
y\pgfcomp-version-1-18.sty
Package: pgfcomp-version-1-18 2019/05/09 v3.1.3 (3.1.3)
))
("C:\Program Files\MiKTeX 2.9\tex/latex/tools\verbatim.sty"
Package: verbatim 2014/10/28 v1.5q LaTeX2e package for verbatim enhancements
\every@verbatim=\toks27
\verbatim@line=\toks28
\verbatim@in@stream=\read3
)
(C:\Users\DavidEttinger02\AppData\Roaming\MiKTeX\2.9\tex/latex/environ\environ.
sty
Package: environ 2014/05/04 v0.3 A new way to define environments

(C:\Users\DavidEttinger02\AppData\Roaming\MiKTeX\2.9\tex/latex/trimspaces\trims
paces.sty
Package: trimspaces 2009/09/17 v1.1 Trim spaces around a token list
)
\@envbody=\toks29
)
(C:\Users\DavidEttinger02\AppData\Roaming\MiKTeX\2.9\tex/latex/etoolbox\etoolbo
x.sty
Package: etoolbox 2018/08/19 v2.5f e-TeX tools for LaTeX (JAW)
\etb@tempcnta=\count122
)
\tcb@titlebox=\box36
\tcb@upperbox=\box37
\tcb@lowerbox=\box38
\tcb@phantombox=\box39
\c@tcbbreakpart=\count123
\c@tcblayer=\count124
\tcolorbox@number=\count125
\tcb@temp=\box40
\tcb@temp=\box41
\tcb@temp=\box42
\tcb@temp=\box43
\tcb@out=\write4
\tcb@record@out=\write5

(C:\Users\DavidEttinger02\AppData\Roaming\MiKTeX\2.9\tex/latex/tcolorbox\tcbras
ter.code.tex
Library (tcolorbox): 'tcbraster.code.tex' version '4.20'
\c@tcbrastercolumn=\count126
\c@tcbrasterrow=\count127
\c@tcbraster=\count128
)
(C:\Users\DavidEttinger02\AppData\Roaming\MiKTeX\2.9\tex/latex/tcolorbox\tcbski
ns.code.tex
Library (tcolorbox): 'tcbskins.code.tex' version '4.20'

(C:\Users\DavidEttinger02\AppData\Roaming\MiKTeX\2.9\tex/latex/pgf/frontendlaye
r\tikz.sty
(C:\Users\DavidEttinger02\AppData\Roaming\MiKTeX\2.9\tex/latex/pgf/utilities\pg
ffor.sty
(C:\Users\DavidEttinger02\AppData\Roaming\MiKTeX\2.9\tex/latex/pgf/utilities\pg
fkeys.sty
(C:\Users\DavidEttinger02\AppData\Roaming\MiKTeX\2.9\tex/generic/pgf/utilities\
pgfkeys.code.tex))
(C:\Users\DavidEttinger02\AppData\Roaming\MiKTeX\2.9\tex/latex/pgf/math\pgfmath
.sty
(C:\Users\DavidEttinger02\AppData\Roaming\MiKTeX\2.9\tex/generic/pgf/math\pgfma
th.code.tex))
(C:\Users\DavidEttinger02\AppData\Roaming\MiKTeX\2.9\tex/generic/pgf/utilities\
pgffor.code.tex
Package: pgffor 2019/05/09 v3.1.3 (3.1.3)

(C:\Users\DavidEttinger02\AppData\Roaming\MiKTeX\2.9\tex/generic/pgf/math\pgfma
th.code.tex)
\pgffor@iter=\dimen155
\pgffor@skip=\dimen156
\pgffor@stack=\toks30
\pgffor@toks=\toks31
))
(C:\Users\DavidEttinger02\AppData\Roaming\MiKTeX\2.9\tex/generic/pgf/frontendla
yer/tikz\tikz.code.tex
Package: tikz 2019/05/09 v3.1.3 (3.1.3)

(C:\Users\DavidEttinger02\AppData\Roaming\MiKTeX\2.9\tex/generic/pgf/libraries\
pgflibraryplothandlers.code.tex
File: pgflibraryplothandlers.code.tex 2019/05/09 v3.1.3 (3.1.3)
\pgf@plot@mark@count=\count129
\pgfplotmarksize=\dimen157
)
\tikz@lastx=\dimen158
\tikz@lasty=\dimen159
\tikz@lastxsaved=\dimen160
\tikz@lastysaved=\dimen161
\tikzleveldistance=\dimen162
\tikzsiblingdistance=\dimen163
\tikz@figbox=\box44
\tikz@figbox@bg=\box45
\tikz@tempbox=\box46
\tikz@tempbox@bg=\box47
\tikztreelevel=\count130
\tikznumberofchildren=\count131
\tikznumberofcurrentchild=\count132
\tikz@fig@count=\count133

(C:\Users\DavidEttinger02\AppData\Roaming\MiKTeX\2.9\tex/generic/pgf/modules\pg
fmodulematrix.code.tex
File: pgfmodulematrix.code.tex 2019/05/09 v3.1.3 (3.1.3)
\pgfmatrixcurrentrow=\count134
\pgfmatrixcurrentcolumn=\count135
\pgf@matrix@numberofcolumns=\count136
)
\tikz@expandcount=\count137

(C:\Users\DavidEttinger02\AppData\Roaming\MiKTeX\2.9\tex/generic/pgf/frontendla
yer/tikz/libraries\tikzlibrarytopaths.code.tex
File: tikzlibrarytopaths.code.tex 2019/05/09 v3.1.3 (3.1.3)
)))
\tcb@waterbox=\box48

(C:\Users\DavidEttinger02\AppData\Roaming\MiKTeX\2.9\tex/latex/tcolorbox\tcbski
nsjigsaw.code.tex
Library (tcolorbox): 'tcbskinsjigsaw.code.tex' version '4.20'
))
(C:\Users\DavidEttinger02\AppData\Roaming\MiKTeX\2.9\tex/latex/tcolorbox\tcbbre
akable.code.tex
Library (tcolorbox): 'tcbbreakable.code.tex' version '4.20'
\tcb@testbox=\box49
\tcb@totalupperbox=\box50
\tcb@totallowerbox=\box51
)
(C:\Users\DavidEttinger02\AppData\Roaming\MiKTeX\2.9\tex/latex/tcolorbox\tcbhoo
ks.code.tex
Library (tcolorbox): 'tcbhooks.code.tex' version '4.20'
)
(C:\Users\DavidEttinger02\AppData\Roaming\MiKTeX\2.9\tex/latex/tcolorbox\tcbthe
orems.code.tex
Library (tcolorbox): 'tcbtheorems.code.tex' version '4.20'
("C:\Program Files\MiKTeX 2.9\tex/latex/amsmath\amsmath.sty"
Package: amsmath 2018/12/01 v2.17b AMS math features
\@mathmargin=\skip47

For additional information on amsmath, use the `?' option.
("C:\Program Files\MiKTeX 2.9\tex/latex/amsmath\amstext.sty"
Package: amstext 2000/06/29 v2.01 AMS text

("C:\Program Files\MiKTeX 2.9\tex/latex/amsmath\amsgen.sty"
File: amsgen.sty 1999/11/30 v2.0 generic functions
\@emptytoks=\toks32
\ex@=\dimen164
))
("C:\Program Files\MiKTeX 2.9\tex/latex/amsmath\amsbsy.sty"
Package: amsbsy 1999/11/29 v1.2d Bold Symbols
\pmbraise@=\dimen165
)
("C:\Program Files\MiKTeX 2.9\tex/latex/amsmath\amsopn.sty"
Package: amsopn 2016/03/08 v2.02 operator names
)
\inf@bad=\count138
LaTeX Info: Redefining \frac on input line 223.
\uproot@=\count139
\leftroot@=\count140
LaTeX Info: Redefining \overline on input line 385.
\classnum@=\count141
\DOTSCASE@=\count142
LaTeX Info: Redefining \ldots on input line 482.
LaTeX Info: Redefining \dots on input line 485.
LaTeX Info: Redefining \cdots on input line 606.
\Mathstrutbox@=\box52
\strutbox@=\box53
\big@size=\dimen166
LaTeX Font Info:    Redeclaring font encoding OML on input line 729.
LaTeX Font Info:    Redeclaring font encoding OMS on input line 730.
\macc@depth=\count143
\c@MaxMatrixCols=\count144
\dotsspace@=\muskip11
\c@parentequation=\count145
\dspbrk@lvl=\count146
\tag@help=\toks33
\row@=\count147
\column@=\count148
\maxfields@=\count149
\andhelp@=\toks34
\eqnshift@=\dimen167
\alignsep@=\dimen168
\tagshift@=\dimen169
\tagwidth@=\dimen170
\totwidth@=\dimen171
\lineht@=\dimen172
\@envbody=\toks35
\multlinegap=\skip48
\multlinetaggap=\skip49
\mathdisplay@stack=\toks36
LaTeX Info: Redefining \[ on input line 2844.
LaTeX Info: Redefining \] on input line 2845.
))
(C:\Users\DavidEttinger02\AppData\Roaming\MiKTeX\2.9\tex/latex/tcolorbox\tcbfit
ting.code.tex
Library (tcolorbox): 'tcbfitting.code.tex' version '4.20'
\tcbfitdim=\dimen173
\tcb@lowerfitdim=\dimen174
\tcb@upperfitdim=\dimen175
\tcb@cur@hbadness=\count150
)
(C:\Users\DavidEttinger02\AppData\Roaming\MiKTeX\2.9\tex/latex/tcolorbox\tcbxpa
rse.code.tex
Library (tcolorbox): 'tcbxparse.code.tex' version '4.20'

(C:\Users\DavidEttinger02\AppData\Roaming\MiKTeX\2.9\tex/latex/l3packages/xpars
e\xparse.sty
(C:\Users\DavidEttinger02\AppData\Roaming\MiKTeX\2.9\tex/latex/l3kernel\expl3.s
ty
Package: expl3 2019-07-01 L3 programming layer (loader) 

(C:\Users\DavidEttinger02\AppData\Roaming\MiKTeX\2.9\tex/latex/l3kernel\expl3-c
ode.tex
Package: expl3 2019-07-01 L3 programming layer (code)
\c_max_int=\count151
\l_tmpa_int=\count152
\l_tmpb_int=\count153
\g_tmpa_int=\count154
\g_tmpb_int=\count155
\g__kernel_prg_map_int=\count156
\c__ior_term_ior=\count157
\c_log_iow=\count158
\l_iow_line_count_int=\count159
\l__iow_line_target_int=\count160
\l__iow_one_indent_int=\count161
\l__iow_indent_int=\count162
\c_zero_dim=\dimen176
\c_max_dim=\dimen177
\l_tmpa_dim=\dimen178
\l_tmpb_dim=\dimen179
\g_tmpa_dim=\dimen180
\g_tmpb_dim=\dimen181
\c_zero_skip=\skip50
\c_max_skip=\skip51
\l_tmpa_skip=\skip52
\l_tmpb_skip=\skip53
\g_tmpa_skip=\skip54
\g_tmpb_skip=\skip55
\c_zero_muskip=\muskip12
\c_max_muskip=\muskip13
\l_tmpa_muskip=\muskip14
\l_tmpb_muskip=\muskip15
\g_tmpa_muskip=\muskip16
\g_tmpb_muskip=\muskip17
\l_keys_choice_int=\count163
\l__intarray_loop_int=\count164
\c__intarray_sp_dim=\dimen182
\g__intarray_font_int=\count165
\c__fp_leading_shift_int=\count166
\c__fp_middle_shift_int=\count167
\c__fp_trailing_shift_int=\count168
\c__fp_big_leading_shift_int=\count169
\c__fp_big_middle_shift_int=\count170
\c__fp_big_trailing_shift_int=\count171
\c__fp_Bigg_leading_shift_int=\count172
\c__fp_Bigg_middle_shift_int=\count173
\c__fp_Bigg_trailing_shift_int=\count174
\c__kernel_randint_max_int=\count175
\g__fp_array_int=\count176
\l__fp_array_loop_int=\count177
\l__sort_length_int=\count178
\l__sort_min_int=\count179
\l__sort_top_int=\count180
\l__sort_max_int=\count181
\l__sort_true_max_int=\count182
\l__sort_block_int=\count183
\l__sort_begin_int=\count184
\l__sort_end_int=\count185
\l__sort_A_int=\count186
\l__sort_B_int=\count187
\l__sort_C_int=\count188
\l__str_internal_int=\count189
\c__str_replacement_char_int=\count190
\l__tl_analysis_normal_int=\count191
\l__tl_analysis_index_int=\count192
\l__tl_analysis_nesting_int=\count193
\l__tl_analysis_type_int=\count194
\l__regex_internal_a_int=\count195
\l__regex_internal_b_int=\count196
\l__regex_internal_c_int=\count197
\l__regex_balance_int=\count198
\l__regex_group_level_int=\count199
\l__regex_mode_int=\count266
\c__regex_cs_in_class_mode_int=\count267
\c__regex_cs_mode_int=\count268
\l__regex_catcodes_int=\count269
\l__regex_default_catcodes_int=\count270
\c__regex_catcode_D_int=\count271
\c__regex_catcode_S_int=\count272
\c__regex_catcode_L_int=\count273
\c__regex_catcode_O_int=\count274
\c__regex_catcode_A_int=\count275
\c__regex_all_catcodes_int=\count276
\l__regex_show_lines_int=\count277
\l__regex_min_state_int=\count278
\l__regex_max_state_int=\count279
\l__regex_left_state_int=\count280
\l__regex_right_state_int=\count281
\l__regex_capturing_group_int=\count282
\l__regex_min_pos_int=\count283
\l__regex_max_pos_int=\count284
\l__regex_curr_pos_int=\count285
\l__regex_start_pos_int=\count286
\l__regex_success_pos_int=\count287
\l__regex_curr_char_int=\count288
\l__regex_curr_catcode_int=\count289
\l__regex_last_char_int=\count290
\l__regex_case_changed_char_int=\count291
\l__regex_curr_state_int=\count292
\l__regex_step_int=\count293
\l__regex_min_active_int=\count294
\l__regex_max_active_int=\count295
\l__regex_replacement_csnames_int=\count296
\l__regex_match_count_int=\count297
\l__regex_min_submatch_int=\count298
\l__regex_submatch_int=\count299
\l__regex_zeroth_submatch_int=\count300
\g__regex_trace_regex_int=\count301
\c_empty_box=\box54
\l_tmpa_box=\box55
\l_tmpb_box=\box56
\g_tmpa_box=\box57
\g_tmpb_box=\box58
\l__box_top_dim=\dimen183
\l__box_bottom_dim=\dimen184
\l__box_left_dim=\dimen185
\l__box_right_dim=\dimen186
\l__box_top_new_dim=\dimen187
\l__box_bottom_new_dim=\dimen188
\l__box_left_new_dim=\dimen189
\l__box_right_new_dim=\dimen190
\l__box_internal_box=\box59
\l__coffin_internal_box=\box60
\l__coffin_internal_dim=\dimen191
\l__coffin_offset_x_dim=\dimen192
\l__coffin_offset_y_dim=\dimen193
\l__coffin_x_dim=\dimen194
\l__coffin_y_dim=\dimen195
\l__coffin_x_prime_dim=\dimen196
\l__coffin_y_prime_dim=\dimen197
\c_empty_coffin=\box61
\l__coffin_aligned_coffin=\box62
\l__coffin_aligned_internal_coffin=\box63
\l_tmpa_coffin=\box64
\l_tmpb_coffin=\box65
\g_tmpa_coffin=\box66
\g_tmpb_coffin=\box67
\l__coffin_bounding_shift_dim=\dimen198
\l__coffin_left_corner_dim=\dimen199
\l__coffin_right_corner_dim=\dimen256
\l__coffin_bottom_corner_dim=\dimen257
\l__coffin_top_corner_dim=\dimen258
\l__coffin_scaled_total_height_dim=\dimen259
\l__coffin_scaled_width_dim=\dimen260
\c__coffin_empty_coffin=\box68
\l__coffin_display_coffin=\box69
\l__coffin_display_coord_coffin=\box70
\l__coffin_display_pole_coffin=\box71
\l__coffin_display_offset_dim=\dimen261
\l__coffin_display_x_dim=\dimen262
\l__coffin_display_y_dim=\dimen263
\g__file_internal_ior=\read4
\l__seq_internal_a_int=\count302
\l__seq_internal_b_int=\count303
\c__deprecation_minus_one=\count304
)
(C:\Users\DavidEttinger02\AppData\Roaming\MiKTeX\2.9\tex/latex/l3backend\l3back
end-pdfmode.def
File: l3backend-pdfmode.def 2019-04-06 v L3 Experimental backend support: PDF m
ode
\l__kernel_color_stack_int=\count305
\l__pdf_internal_box=\box72
))
Package: xparse 2019-05-28 L3 Experimental document command parser
\l__xparse_current_arg_int=\count306
\g__xparse_grabber_int=\count307
\l__xparse_m_args_int=\count308
\l__xparse_v_nesting_int=\count309
))
(C:\Users\DavidEttinger02\AppData\Roaming\MiKTeX\2.9\tex/latex/tcolorbox\tcblis
tingsutf8.code.tex
Library (tcolorbox): 'tcblistingsutf8.code.tex' version '4.20'
("C:\Program Files\MiKTeX 2.9\tex/latex/oberdiek\listingsutf8.sty"
Package: listingsutf8 2016/05/16 v1.3 Allow UTF-8 in listings input (HO)

(C:\Users\DavidEttinger02\AppData\Roaming\MiKTeX\2.9\tex/latex/listings\listing
s.sty
\lst@mode=\count310
\lst@gtempboxa=\box73
\lst@token=\toks37
\lst@length=\count311
\lst@currlwidth=\dimen264
\lst@column=\count312
\lst@pos=\count313
\lst@lostspace=\dimen265
\lst@width=\dimen266
\lst@newlines=\count314
\lst@lineno=\count315
\lst@maxwidth=\dimen267

(C:\Users\DavidEttinger02\AppData\Roaming\MiKTeX\2.9\tex/latex/listings\lstmisc
.sty
File: lstmisc.sty 2019/02/27 1.8b (Carsten Heinz)
\c@lstnumber=\count316
\lst@skipnumbers=\count317
\lst@framebox=\box74
)
(C:\Users\DavidEttinger02\AppData\Roaming\MiKTeX\2.9\tex/latex/listings\listing
s.cfg
File: listings.cfg 2019/02/27 1.8b listings configuration
))
Package: listings 2019/02/27 1.8b (Carsten Heinz)
 ("C:\Program Files\MiKTeX 2.9\tex/generic/oberdiek\stringenc.sty"
Package: stringenc 2016/05/16 v1.11 Convert strings between diff. encodings (HO
)
))
(C:\Users\DavidEttinger02\AppData\Roaming\MiKTeX\2.9\tex/latex/tcolorbox\tcblis
tings.code.tex
Library (tcolorbox): 'tcblistings.code.tex' version '4.20'

(C:\Users\DavidEttinger02\AppData\Roaming\MiKTeX\2.9\tex/latex/tcolorbox\tcblis
tingscore.code.tex
Library (tcolorbox): 'tcblistingscore.code.tex' version '4.20'

(C:\Users\DavidEttinger02\AppData\Roaming\MiKTeX\2.9\tex/latex/tcolorbox\tcbpro
cessing.code.tex
Library (tcolorbox): 'tcbprocessing.code.tex' version '4.20'
("C:\Program Files\MiKTeX 2.9\tex/latex/tools\shellesc.sty"
Package: shellesc 2016/06/07 v0.02a unified shell escape interface for LaTeX
Package shellesc Info: Restricted shell escape enabled on input line 69.
))
\c@tcblisting=\count318
)))
(C:\Users\DavidEttinger02\AppData\Roaming\MiKTeX\2.9\tex/latex/tcolorbox\tcbext
ernal.code.tex
Library (tcolorbox): 'tcbexternal.code.tex' version '4.20'
)
(C:\Users\DavidEttinger02\AppData\Roaming\MiKTeX\2.9\tex/latex/tcolorbox\tcbmag
azine.code.tex
Library (tcolorbox): 'tcbmagazine.code.tex' version '4.20'
)
(C:\Users\DavidEttinger02\AppData\Roaming\MiKTeX\2.9\tex/latex/tcolorbox\tcbvig
nette.code.tex
Library (tcolorbox): 'tcbvignette.code.tex' version '4.20'

(C:\Users\DavidEttinger02\AppData\Roaming\MiKTeX\2.9\tex/generic/pgf/frontendla
yer/tikz/libraries\tikzlibraryfadings.code.tex
File: tikzlibraryfadings.code.tex 2019/05/09 v3.1.3 (3.1.3)

(C:\Users\DavidEttinger02\AppData\Roaming\MiKTeX\2.9\tex/generic/pgf/libraries\
pgflibraryfadings.code.tex
File: pgflibraryfadings.code.tex 2019/05/09 v3.1.3 (3.1.3)
)))
(C:\Users\DavidEttinger02\AppData\Roaming\MiKTeX\2.9\tex/latex/tcolorbox\tcbpos
ter.code.tex
Library (tcolorbox): 'tcbposter.code.tex' version '4.20'
)) ("C:\Program Files\MiKTeX 2.9\tex/latex/tools\afterpage.sty"
Package: afterpage 2014/10/28 v1.08 After-Page Package (DPC)
\AP@output=\toks38
\AP@partial=\box75
\AP@footins=\box76
)
("C:\Program Files\MiKTeX 2.9\tex/latex/amsfonts\amsfonts.sty"
Package: amsfonts 2013/01/14 v3.01 Basic AMSFonts support
\symAMSa=\mathgroup4
\symAMSb=\mathgroup5
LaTeX Font Info:    Overwriting math alphabet `\mathfrak' in version `bold'
(Font)                  U/euf/m/n --> U/euf/b/n on input line 106.
)
("C:\Program Files\MiKTeX 2.9\tex/latex/amsfonts\amssymb.sty"
Package: amssymb 2013/01/14 v3.01 AMS font symbols
)
("C:\Program Files\MiKTeX 2.9\tex/latex/amscls\amsthm.sty"
Package: amsthm 2017/10/31 v2.20.4
\thm@style=\toks39
\thm@bodyfont=\toks40
\thm@headfont=\toks41
\thm@notefont=\toks42
\thm@headpunct=\toks43
\thm@preskip=\skip56
\thm@postskip=\skip57
\thm@headsep=\skip58
\dth@everypar=\toks44
)
("C:\Program Files\MiKTeX 2.9\tex/latex/tools\array.sty"
Package: array 2018/12/30 v2.4k Tabular extension package (FMi)
\col@sep=\dimen268
\ar@mcellbox=\box77
\extrarowheight=\dimen269
\NC@list=\toks45
\extratabsurround=\skip59
\backup@length=\skip60
\ar@cellbox=\box78
)
(C:\Users\DavidEttinger02\AppData\Roaming\MiKTeX\2.9\tex/latex/preprint\authblk
.sty
Package: authblk 2001/02/27 1.3 (PWD)
\affilsep=\skip61
\@affilsep=\skip62
\c@Maxaffil=\count319
\c@authors=\count320
\c@affil=\count321
)
(C:\Users\DavidEttinger02\AppData\Roaming\MiKTeX\2.9\tex/latex/booktabs\booktab
s.sty
Package: booktabs 2005/04/14 v1.61803 publication quality tables
\heavyrulewidth=\dimen270
\lightrulewidth=\dimen271
\cmidrulewidth=\dimen272
\belowrulesep=\dimen273
\belowbottomsep=\dimen274
\aboverulesep=\dimen275
\abovetopsep=\dimen276
\cmidrulesep=\dimen277
\cmidrulekern=\dimen278
\defaultaddspace=\dimen279
\@cmidla=\count322
\@cmidlb=\count323
\@aboverulesep=\dimen280
\@belowrulesep=\dimen281
\@thisruleclass=\count324
\@lastruleclass=\count325
\@thisrulewidth=\dimen282
)
(C:\Users\DavidEttinger02\AppData\Roaming\MiKTeX\2.9\tex/latex/caption\caption.
sty
Package: caption 2018/10/06 v3.3-154 Customizing captions (AR)

(C:\Users\DavidEttinger02\AppData\Roaming\MiKTeX\2.9\tex/latex/caption\caption3
.sty
Package: caption3 2018/09/12 v1.8c caption3 kernel (AR)
Package caption3 Info: TeX engine: e-TeX on input line 64.
\captionmargin=\dimen283
\captionmargin@=\dimen284
\captionwidth=\dimen285
\caption@tempdima=\dimen286
\caption@indent=\dimen287
\caption@parindent=\dimen288
\caption@hangindent=\dimen289
)
\c@caption@flags=\count326
\c@ContinuedFloat=\count327
Package caption Info: hyperref package is loaded.
Package caption Info: listings package is loaded.
)
(C:\Users\DavidEttinger02\AppData\Roaming\MiKTeX\2.9\tex/latex/comment\comment.
sty
\CommentStream=\write6
 Excluding comment 'comment')
("C:\Program Files\MiKTeX 2.9\tex/latex/tools\dcolumn.sty"
Package: dcolumn 2014/10/28 v1.06 decimal alignment package (DPC)
)
(C:\Users\DavidEttinger02\AppData\Roaming\MiKTeX\2.9\tex/latex/enumitem\enumite
m.sty
Package: enumitem 2019/06/20 v3.9 Customized lists
\labelindent=\skip63
\enit@outerparindent=\dimen290
\enit@toks=\toks46
\enit@inbox=\box79
\enit@count@id=\count328
\enitdp@description=\count329
)
(C:\Users\DavidEttinger02\AppData\Roaming\MiKTeX\2.9\tex/latex/epigraph\epigrap
h.sty
Package: epigraph 2009/09/02 v1.5c typesetting epigraphs
\beforeepigraphskip=\skip64
\afterepigraphskip=\skip65
\epigraphwidth=\skip66
\epigraphrule=\skip67
) ("C:\Program Files\MiKTeX 2.9\tex/latex/graphics\epsfig.sty"
Package: epsfig 2017/06/25 v1.7b (e)psfig emulation (SPQR)
\epsfxsize=\dimen291
\epsfysize=\dimen292
)
("C:\Program Files\MiKTeX 2.9\tex/latex/oberdiek\epstopdf.sty"
Package: epstopdf 2016/05/15 v2.6 Conversion with epstopdf on the fly (HO)

("C:\Program Files\MiKTeX 2.9\tex/latex/oberdiek\epstopdf-base.sty"
Package: epstopdf-base 2016/05/15 v2.6 Base part for package epstopdf

("C:\Program Files\MiKTeX 2.9\tex/latex/oberdiek\grfext.sty"
Package: grfext 2016/05/16 v1.2 Manage graphics extensions (HO)
)
Package epstopdf-base Info: Redefining graphics rule for `.eps' on input line 4
38.
Package grfext Info: Graphics extension search list:
(grfext)             [.pdf,.png,.jpg,.mps,.jpeg,.jbig2,.jb2,.PDF,.PNG,.JPG,.JPE
G,.JBIG2,.JB2,.eps]
(grfext)             \AppendGraphicsExtensions on input line 456.
))
("C:\Program Files\MiKTeX 2.9\tex/latex/eurosym\eurosym.sty"
Package: eurosym 1998/08/06 v1.1 European currency symbol ``Euro''
\@eurobox=\box80
)
(C:\Users\DavidEttinger02\AppData\Roaming\MiKTeX\2.9\tex/latex/fancyhdr\fancyhd
r.sty
Package: fancyhdr 2019/01/31 v3.10 Extensive control of page headers and footer
s
\f@nch@headwidth=\skip68
\f@nch@O@elh=\skip69
\f@nch@O@erh=\skip70
\f@nch@O@olh=\skip71
\f@nch@O@orh=\skip72
\f@nch@O@elf=\skip73
\f@nch@O@erf=\skip74
\f@nch@O@olf=\skip75
\f@nch@O@orf=\skip76
) ("C:\Program Files\MiKTeX 2.9\tex/latex/float\float.sty"
Package: float 2001/11/08 v1.3d Float enhancements (AL)
\c@float@type=\count330
\float@exts=\toks47
\float@box=\box81
\@float@everytoks=\toks48
\@floatcapt=\box82
)
(C:\Users\DavidEttinger02\AppData\Roaming\MiKTeX\2.9\tex/latex/footmisc\footmis
c.sty
Package: footmisc 2011/06/06 v5.5b a miscellany of footnote facilities
\FN@temptoken=\toks49
\footnotemargin=\dimen293
\c@pp@next@reset=\count331
Package footmisc Info: Declaring symbol style bringhurst on input line 855.
Package footmisc Info: Declaring symbol style chicago on input line 863.
Package footmisc Info: Declaring symbol style wiley on input line 872.
Package footmisc Info: Declaring symbol style lamport-robust on input line 883.

Package footmisc Info: Declaring symbol style lamport* on input line 903.
Package footmisc Info: Declaring symbol style lamport*-robust on input line 924
.
) ("C:\Program Files\MiKTeX 2.9\tex/latex/geometry\geometry.sty"
Package: geometry 2018/04/16 v5.8 Page Geometry
\Gm@cnth=\count332
\Gm@cntv=\count333
\c@Gm@tempcnt=\count334
\Gm@bindingoffset=\dimen294
\Gm@wd@mp=\dimen295
\Gm@odd@mp=\dimen296
\Gm@even@mp=\dimen297
\Gm@layoutwidth=\dimen298
\Gm@layoutheight=\dimen299
\Gm@layouthoffset=\dimen300
\Gm@layoutvoffset=\dimen301
\Gm@dimlist=\toks50

("C:\Program Files\MiKTeX 2.9\tex/latex/geometry\geometry.cfg"))
("C:\Program Files\MiKTeX 2.9\tex/latex/tools\indentfirst.sty"
Package: indentfirst 1995/11/23 v1.03 Indent first paragraph (DPC)
)
(C:\Users\DavidEttinger02\AppData\Roaming\MiKTeX\2.9\tex/latex/lipsum\lipsum.st
y
Package: lipsum 2019/01/02 v2.2 150 paragraphs of Lorem Ipsum dummy text

(C:\Users\DavidEttinger02\AppData\Roaming\MiKTeX\2.9\tex/latex/lipsum\lipsum.lt
d.tex
File: lipsum.ltd.tex 2019/01/02 v2.2 The Lorem ipsum dummy text
)) ("C:\Program Files\MiKTeX 2.9\tex/latex/lm\lmodern.sty"
Package: lmodern 2009/10/30 v1.6 Latin Modern Fonts
LaTeX Font Info:    Overwriting symbol font `operators' in version `normal'
(Font)                  OT1/cmr/m/n --> OT1/lmr/m/n on input line 22.
LaTeX Font Info:    Overwriting symbol font `letters' in version `normal'
(Font)                  OML/cmm/m/it --> OML/lmm/m/it on input line 23.
LaTeX Font Info:    Overwriting symbol font `symbols' in version `normal'
(Font)                  OMS/cmsy/m/n --> OMS/lmsy/m/n on input line 24.
LaTeX Font Info:    Overwriting symbol font `largesymbols' in version `normal'
(Font)                  OMX/cmex/m/n --> OMX/lmex/m/n on input line 25.
LaTeX Font Info:    Overwriting symbol font `operators' in version `bold'
(Font)                  OT1/cmr/bx/n --> OT1/lmr/bx/n on input line 26.
LaTeX Font Info:    Overwriting symbol font `letters' in version `bold'
(Font)                  OML/cmm/b/it --> OML/lmm/b/it on input line 27.
LaTeX Font Info:    Overwriting symbol font `symbols' in version `bold'
(Font)                  OMS/cmsy/b/n --> OMS/lmsy/b/n on input line 28.
LaTeX Font Info:    Overwriting symbol font `largesymbols' in version `bold'
(Font)                  OMX/cmex/m/n --> OMX/lmex/m/n on input line 29.
LaTeX Font Info:    Overwriting math alphabet `\mathbf' in version `normal'
(Font)                  OT1/cmr/bx/n --> OT1/lmr/bx/n on input line 31.
LaTeX Font Info:    Overwriting math alphabet `\mathsf' in version `normal'
(Font)                  OT1/cmss/m/n --> OT1/lmss/m/n on input line 32.
LaTeX Font Info:    Overwriting math alphabet `\mathit' in version `normal'
(Font)                  OT1/cmr/m/it --> OT1/lmr/m/it on input line 33.
LaTeX Font Info:    Overwriting math alphabet `\mathtt' in version `normal'
(Font)                  OT1/cmtt/m/n --> OT1/lmtt/m/n on input line 34.
LaTeX Font Info:    Overwriting math alphabet `\mathbf' in version `bold'
(Font)                  OT1/cmr/bx/n --> OT1/lmr/bx/n on input line 35.
LaTeX Font Info:    Overwriting math alphabet `\mathsf' in version `bold'
(Font)                  OT1/cmss/bx/n --> OT1/lmss/bx/n on input line 36.
LaTeX Font Info:    Overwriting math alphabet `\mathit' in version `bold'
(Font)                  OT1/cmr/bx/it --> OT1/lmr/bx/it on input line 37.
LaTeX Font Info:    Overwriting math alphabet `\mathtt' in version `bold'
(Font)                  OT1/cmtt/m/n --> OT1/lmtt/m/n on input line 38.
)
("C:\Program Files\MiKTeX 2.9\tex/latex/tools\longtable.sty"
Package: longtable 2014/10/28 v4.11 Multi-page Table package (DPC)+ FMi change
\LTleft=\skip77
\LTright=\skip78
\LTpre=\skip79
\LTpost=\skip80
\LTchunksize=\count335
\LTcapwidth=\dimen302
\LT@head=\box83
\LT@firsthead=\box84
\LT@foot=\box85
\LT@lastfoot=\box86
\LT@cols=\count336
\LT@rows=\count337
\c@LT@tables=\count338
\c@LT@chunks=\count339
\LT@p@ftn=\toks51
)
("C:\Program Files\MiKTeX 2.9\tex/latex/graphics\lscape.sty"
Package: lscape 2000/10/22 v3.01 Landscape Pages (DPC)
)
("C:\Program Files\MiKTeX 2.9\tex/latex/jknappen\mathrsfs.sty"
Package: mathrsfs 1996/01/01 Math RSFS package v1.0 (jk)
\symrsfs=\mathgroup6
)
(C:\Users\DavidEttinger02\AppData\Roaming\MiKTeX\2.9\tex/latex/mathtools\mathto
ols.sty
Package: mathtools 2018/01/08 v1.21 mathematical typesetting tools
 ("C:\Program Files\MiKTeX 2.9\tex/latex/tools\calc.sty"
Package: calc 2017/05/25 v4.3 Infix arithmetic (KKT,FJ)
\calc@Acount=\count340
\calc@Bcount=\count341
\calc@Adimen=\dimen303
\calc@Bdimen=\dimen304
\calc@Askip=\skip81
\calc@Bskip=\skip82
LaTeX Info: Redefining \setlength on input line 80.
LaTeX Info: Redefining \addtolength on input line 81.
\calc@Ccount=\count342
\calc@Cskip=\skip83
)
(C:\Users\DavidEttinger02\AppData\Roaming\MiKTeX\2.9\tex/latex/mathtools\mhsetu
p.sty
Package: mhsetup 2017/03/31 v1.3 programming setup (MH)
)
LaTeX Info: Thecontrolsequence`\('isalreadyrobust on input line 129.
LaTeX Info: Thecontrolsequence`\)'isalreadyrobust on input line 129.
LaTeX Info: Thecontrolsequence`\['isalreadyrobust on input line 129.
LaTeX Info: Thecontrolsequence`\]'isalreadyrobust on input line 129.
\g_MT_multlinerow_int=\count343
\l_MT_multwidth_dim=\dimen305
\origjot=\skip84
\l_MT_shortvdotswithinadjustabove_dim=\dimen306
\l_MT_shortvdotswithinadjustbelow_dim=\dimen307
\l_MT_above_intertext_sep=\dimen308
\l_MT_below_intertext_sep=\dimen309
\l_MT_above_shortintertext_sep=\dimen310
\l_MT_below_shortintertext_sep=\dimen311
) ("C:\Program Files\MiKTeX 2.9\tex/latex/multirow\multirow.sty"
Package: multirow 2019/05/31 v2.5 Span multiple rows of a table
\multirow@colwidth=\skip85
\multirow@cntb=\count344
\multirow@dima=\skip86
\bigstrutjot=\dimen312
)
("C:\Program Files\MiKTeX 2.9\tex/latex/oberdiek\pdflscape.sty"
Package: pdflscape 2016/05/14 v0.11 Display of landscape pages in PDF (HO)
Package pdflscape Info: Auto-detected driver: pdftex on input line 81.
)
(C:\Users\DavidEttinger02\AppData\Roaming\MiKTeX\2.9\tex/latex/pgfplots\pgfplot
s.sty
(C:\Users\DavidEttinger02\AppData\Roaming\MiKTeX\2.9\tex/generic/pgfplots\pgfpl
ots.revision.tex)
Package: pgfplots 2018/03/28 v1.16 Data Visualization (1.16)

(C:\Users\DavidEttinger02\AppData\Roaming\MiKTeX\2.9\tex/generic/pgfplots\pgfpl
ots.code.tex
(C:\Users\DavidEttinger02\AppData\Roaming\MiKTeX\2.9\tex/generic/pgfplots\pgfpl
otscore.code.tex
\t@pgfplots@toka=\toks52
\t@pgfplots@tokb=\toks53
\t@pgfplots@tokc=\toks54
\pgfplots@tmpa=\dimen313
\c@pgfplots@coordindex=\count345
\c@pgfplots@scanlineindex=\count346

(C:\Users\DavidEttinger02\AppData\Roaming\MiKTeX\2.9\tex/generic/pgfplots/sys\p
gfplotssysgeneric.code.tex))
(C:\Users\DavidEttinger02\AppData\Roaming\MiKTeX\2.9\tex/generic/pgfplots/libs\
pgfplotslibrary.code.tex)
(C:\Users\DavidEttinger02\AppData\Roaming\MiKTeX\2.9\tex/generic/pgfplots/oldpg
fcompatib\pgfplotsoldpgfsupp_loader.code.tex
(C:\Users\DavidEttinger02\AppData\Roaming\MiKTeX\2.9\tex/generic/pgf/libraries\
pgflibraryfpu.code.tex)
Package pgfplots: loading complementary arithmetics for your pgf version...

(C:\Users\DavidEttinger02\AppData\Roaming\MiKTeX\2.9\tex/generic/pgfplots/oldpg
fcompatib\pgfplotsoldpgfsupp_pgflibraryfpu.code.tex)
(C:\Users\DavidEttinger02\AppData\Roaming\MiKTeX\2.9\tex/generic/pgfplots/oldpg
fcompatib\pgfplotsoldpgfsupp_pgfmathfloat.code.tex
\c@pgfmathroundto@lastzeros=\count347
))
(C:\Users\DavidEttinger02\AppData\Roaming\MiKTeX\2.9\tex/generic/pgfplots/util\
pgfplotsutil.code.tex
(C:\Users\DavidEttinger02\AppData\Roaming\MiKTeX\2.9\tex/generic/pgfplots/lists
tructure\pgfplotsliststructure.code.tex)
(C:\Users\DavidEttinger02\AppData\Roaming\MiKTeX\2.9\tex/generic/pgfplots/lists
tructure\pgfplotsliststructureext.code.tex)
(C:\Users\DavidEttinger02\AppData\Roaming\MiKTeX\2.9\tex/generic/pgfplots/lists
tructure\pgfplotsarray.code.tex
\c@pgfplotsarray@tmp=\count348
)
(C:\Users\DavidEttinger02\AppData\Roaming\MiKTeX\2.9\tex/generic/pgfplots/lists
tructure\pgfplotsmatrix.code.tex)
(C:\Users\DavidEttinger02\AppData\Roaming\MiKTeX\2.9\tex/generic/pgfplots/numta
ble\pgfplotstableshared.code.tex
\c@pgfplotstable@counta=\count349
\t@pgfplotstable@a=\toks55
)
(C:\Users\DavidEttinger02\AppData\Roaming\MiKTeX\2.9\tex/generic/pgfplots/lists
tructure\pgfplotsdeque.code.tex)
(C:\Users\DavidEttinger02\AppData\Roaming\MiKTeX\2.9\tex/generic/pgfplots/util\
pgfplotsbinary.code.tex
(C:\Users\DavidEttinger02\AppData\Roaming\MiKTeX\2.9\tex/generic/pgfplots/util\
pgfplotsbinary.data.code.tex))
(C:\Users\DavidEttinger02\AppData\Roaming\MiKTeX\2.9\tex/generic/pgfplots/util\
pgfplotsutil.verb.code.tex)
(C:\Users\DavidEttinger02\AppData\Roaming\MiKTeX\2.9\tex/generic/pgfplots/libs\
pgflibrarypgfplots.surfshading.code.tex
\c@pgfplotslibrarysurf@no=\count350

(C:\Users\DavidEttinger02\AppData\Roaming\MiKTeX\2.9\tex/generic/pgfplots/sys\p
gflibrarypgfplots.surfshading.pgfsys-pdftex.def)))
(C:\Users\DavidEttinger02\AppData\Roaming\MiKTeX\2.9\tex/generic/pgfplots/util\
pgfplotscolormap.code.tex
(C:\Users\DavidEttinger02\AppData\Roaming\MiKTeX\2.9\tex/generic/pgfplots/util\
pgfplotscolor.code.tex))
(C:\Users\DavidEttinger02\AppData\Roaming\MiKTeX\2.9\tex/generic/pgfplots\pgfpl
otsstackedplots.code.tex)
(C:\Users\DavidEttinger02\AppData\Roaming\MiKTeX\2.9\tex/generic/pgfplots\pgfpl
otsplothandlers.code.tex
(C:\Users\DavidEttinger02\AppData\Roaming\MiKTeX\2.9\tex/generic/pgfplots\pgfpl
otsmeshplothandler.code.tex
(C:\Users\DavidEttinger02\AppData\Roaming\MiKTeX\2.9\tex/generic/pgfplots\pgfpl
otsmeshplotimage.code.tex)))
(C:\Users\DavidEttinger02\AppData\Roaming\MiKTeX\2.9\tex/generic/pgfplots\pgfpl
ots.scaling.code.tex)
(C:\Users\DavidEttinger02\AppData\Roaming\MiKTeX\2.9\tex/generic/pgfplots\pgfpl
otscoordprocessing.code.tex)
(C:\Users\DavidEttinger02\AppData\Roaming\MiKTeX\2.9\tex/generic/pgfplots\pgfpl
ots.errorbars.code.tex)
(C:\Users\DavidEttinger02\AppData\Roaming\MiKTeX\2.9\tex/generic/pgfplots\pgfpl
ots.markers.code.tex)
(C:\Users\DavidEttinger02\AppData\Roaming\MiKTeX\2.9\tex/generic/pgfplots\pgfpl
otsticks.code.tex)
(C:\Users\DavidEttinger02\AppData\Roaming\MiKTeX\2.9\tex/generic/pgfplots\pgfpl
ots.paths.code.tex)
(C:\Users\DavidEttinger02\AppData\Roaming\MiKTeX\2.9\tex/generic/pgf/frontendla
yer/tikz/libraries\tikzlibrarydecorations.code.tex
(C:\Users\DavidEttinger02\AppData\Roaming\MiKTeX\2.9\tex/generic/pgf/modules\pg
fmoduledecorations.code.tex
\pgfdecoratedcompleteddistance=\dimen314
\pgfdecoratedremainingdistance=\dimen315
\pgfdecoratedinputsegmentcompleteddistance=\dimen316
\pgfdecoratedinputsegmentremainingdistance=\dimen317
\pgf@decorate@distancetomove=\dimen318
\pgf@decorate@repeatstate=\count351
\pgfdecorationsegmentamplitude=\dimen319
\pgfdecorationsegmentlength=\dimen320
)
\tikz@lib@dec@box=\box87
)
(C:\Users\DavidEttinger02\AppData\Roaming\MiKTeX\2.9\tex/generic/pgf/frontendla
yer/tikz/libraries\tikzlibrarydecorations.pathmorphing.code.tex
(C:\Users\DavidEttinger02\AppData\Roaming\MiKTeX\2.9\tex/generic/pgf/libraries/
decorations\pgflibrarydecorations.pathmorphing.code.tex))
(C:\Users\DavidEttinger02\AppData\Roaming\MiKTeX\2.9\tex/generic/pgf/frontendla
yer/tikz/libraries\tikzlibrarydecorations.pathreplacing.code.tex
(C:\Users\DavidEttinger02\AppData\Roaming\MiKTeX\2.9\tex/generic/pgf/libraries/
decorations\pgflibrarydecorations.pathreplacing.code.tex))
\pgfplots@numplots=\count352
\pgfplots@xmin@reg=\dimen321
\pgfplots@xmax@reg=\dimen322
\pgfplots@ymin@reg=\dimen323
\pgfplots@ymax@reg=\dimen324
\pgfplots@zmin@reg=\dimen325
\pgfplots@zmax@reg=\dimen326
)
(C:\Users\DavidEttinger02\AppData\Roaming\MiKTeX\2.9\tex/generic/pgf/frontendla
yer/tikz/libraries\tikzlibraryplotmarks.code.tex
File: tikzlibraryplotmarks.code.tex 2019/05/09 v3.1.3 (3.1.3)

(C:\Users\DavidEttinger02\AppData\Roaming\MiKTeX\2.9\tex/generic/pgf/libraries\
pgflibraryplotmarks.code.tex
File: pgflibraryplotmarks.code.tex 2019/05/09 v3.1.3 (3.1.3)
)))
(C:\Users\DavidEttinger02\AppData\Roaming\MiKTeX\2.9\tex/latex/placeins\placein
s.sty
Package: placeins 2005/04/18  v 2.2
)
(C:\Users\DavidEttinger02\AppData\Roaming\MiKTeX\2.9\tex/latex/qtree\qtree.sty
Package: 2008/12/12 v.3.1bQtree: tree-drawing for linguistics
Package: qtree 2008/12/12 v.3.1bQtree: tree-drawing for linguistics

(C:\Users\DavidEttinger02\AppData\Roaming\MiKTeX\2.9\tex/latex/pict2e\pict2e.st
y
Package: pict2e 2016/02/05 v0.3b Improved picture commands (HjG,RN,JT)

(C:\Users\DavidEttinger02\AppData\Roaming\MiKTeX\2.9\tex/latex/pict2e\pict2e.cf
g
File: pict2e.cfg 2016/02/05 v0.1u pict2e configuration for teTeX/TeXLive
)
Package pict2e Info: Driver file: pdftex.def on input line 119.
Package pict2e Info: Driver file for pict2e: p2e-pdftex.def on input line 121.

(C:\Users\DavidEttinger02\AppData\Roaming\MiKTeX\2.9\tex/latex/pict2e\p2e-pdfte
x.def
File: p2e-pdftex.def 2016/02/05 v0.1u Driver-dependant file (RN,HjG,JT)
)
\pIIe@GRAPH=\toks56
\@arclen=\dimen327
\@arcrad=\dimen328
\@tempdimd=\dimen329
)
\c@treecount=\count353
\c@branchcount=\count354
\parentbox=\box88
\treebox=\box89
\treeboxone=\box90
\treeboxtwo=\box91
\treeboxthree=\box92
\treeboxfour=\box93
\treeboxfive=\box94
\treeboxsix=\box95
\treeboxseven=\box96
\treeboxeight=\box97
\treeboxnine=\box98
\treeboxten=\box99
\treeboxeleven=\box100
\treeboxtwelve=\box101
\treeboxthirteen=\box102
\treeboxfourteen=\box103
\treeboxfifteen=\box104
\treeboxsixteen=\box105
\treeboxseventeen=\box106
\treeboxeighteen=\box107
\treeboxnineteen=\box108
\treeboxtwenty=\box109
\treeoffsetone=\skip87
\treeoffsettwo=\skip88
\treeoffsetthree=\skip89
\treeoffsetfour=\skip90
\treeoffsetfive=\skip91
\treeoffsetsix=\skip92
\treeoffsetseven=\skip93
\treeoffseteight=\skip94
\treeoffsetnine=\skip95
\treeoffsetten=\skip96
\treeoffseteleven=\skip97
\treeoffsettwelve=\skip98
\treeoffsetthirteen=\skip99
\treeoffsetfourteen=\skip100
\treeoffsetfifteen=\skip101
\treeoffsetsixteen=\skip102
\treeoffsetseventeen=\skip103
\treeoffseteighteen=\skip104
\treeoffsetnineteen=\skip105
\treeoffsettwenty=\skip106
\treeshiftone=\skip107
\treeshifttwo=\skip108
\treeshiftthree=\skip109
\treeshiftfour=\skip110
\treeshiftfive=\skip111
\treeshiftsix=\skip112
\treeshiftseven=\skip113
\treeshifteight=\skip114
\treeshiftnine=\skip115
\treeshiftten=\skip116
\treeshifteleven=\skip117
\treeshifttwelve=\skip118
\treeshiftthirteen=\skip119
\treeshiftfourteen=\skip120
\treeshiftfifteen=\skip121
\treeshiftsixteen=\skip122
\treeshiftseventeen=\skip123
\treeshifteighteen=\skip124
\treeshiftnineteen=\skip125
\treeshifttwenty=\skip126
\treewidthone=\skip127
\treewidthtwo=\skip128
\treewidththree=\skip129
\treewidthfour=\skip130
\treewidthfive=\skip131
\treewidthsix=\skip132
\treewidthseven=\skip133
\treewidtheight=\skip134
\treewidthnine=\skip135
\treewidthten=\skip136
\treewidtheleven=\skip137
\treewidthtwelve=\skip138
\treewidththirteen=\skip139
\treewidthfourteen=\skip140
\treewidthfifteen=\skip141
\treewidthsixteen=\skip142
\treewidthseventeen=\skip143
\treewidtheighteen=\skip144
\treewidthnineteen=\skip145
\treewidthtwenty=\skip146
\daughteroffsetone=\skip147
\daughteroffsettwo=\skip148
\daughteroffsetthree=\skip149
\daughteroffsetfour=\skip150
\branchwidthone=\skip151
\branchwidthtwo=\skip152
\branchwidththree=\skip153
\branchwidthfour=\skip154
\parentoffset=\skip155
\treeoffset=\skip156
\daughteroffset=\skip157
\branchwidth=\skip158
\parentwidth=\skip159
\treewidth=\skip160
\qta=\toks57
\qtb=\toks58
\nbranches=\count355
\qroofx=\count356
\qroofy=\count357
\@qrscratchbox=\box110
) ("C:\Program Files\MiKTeX 2.9\tex/latex/graphics\rotating.sty"
Package: rotating 2016/08/11 v2.16d rotated objects in LaTeX

("C:\Program Files\MiKTeX 2.9\tex/latex/base\ifthen.sty"
Package: ifthen 2014/09/29 v1.1c Standard LaTeX ifthen package (DPC)
)
\c@r@tfl@t=\count358
\rotFPtop=\skip161
\rotFPbot=\skip162
\rot@float@box=\box111
\rot@mess@toks=\toks59
)
("C:\Program Files\MiKTeX 2.9\tex/latex/tools\tabularx.sty"
Package: tabularx 2016/02/03 v2.11b `tabularx' package (DPC)
\TX@col@width=\dimen330
\TX@old@table=\dimen331
\TX@old@col=\dimen332
\TX@target=\dimen333
\TX@delta=\dimen334
\TX@cols=\count359
\TX@ftn=\toks60
)
(C:\Users\DavidEttinger02\AppData\Roaming\MiKTeX\2.9\tex/latex/setspace\setspac
e.sty
Package: setspace 2011/12/19 v6.7a set line spacing
)
(C:\Users\DavidEttinger02\AppData\Roaming\MiKTeX\2.9\tex/latex/subfigure\subfig
ure.sty
Package: subfigure 2002/07/30 v2.1.4 subfigure package
\subfigtopskip=\skip163
\subfigcapskip=\skip164
\subfigcaptopadj=\dimen335
\subfigbottomskip=\skip165
\subfigcapmargin=\dimen336
\subfiglabelskip=\skip166
\c@subfigure=\count360
\c@lofdepth=\count361
\c@subtable=\count362
\c@lotdepth=\count363

****************************************
* Local config file subfigure.cfg used *
****************************************

(C:\Users\DavidEttinger02\AppData\Roaming\MiKTeX\2.9\tex/latex/subfigure\subfig
ure.cfg)
\subfig@top=\skip167
\subfig@bottom=\skip168
) ("C:\Program Files\MiKTeX 2.9\tex/latex/base\textcomp.sty"
Package: textcomp 2018/08/11 v2.0j Standard LaTeX package
Package textcomp Info: Sub-encoding information:
(textcomp)               5 = only ISO-Adobe without \textcurrency
(textcomp)               4 = 5 + \texteuro
(textcomp)               3 = 4 + \textohm
(textcomp)               2 = 3 + \textestimated + \textcurrency
(textcomp)               1 = TS1 - \textcircled - \t
(textcomp)               0 = TS1 (full)
(textcomp)             Font families with sub-encoding setting implement
(textcomp)             only a restricted character set as indicated.
(textcomp)             Family '?' is the default used for unknown fonts.
(textcomp)             See the documentation for details.
Package textcomp Info: Setting ? sub-encoding to TS1/1 on input line 79.

("C:\Program Files\MiKTeX 2.9\tex/latex/base\ts1enc.def"
File: ts1enc.def 2001/06/05 v3.0e (jk/car/fm) Standard LaTeX file
Now handling font encoding TS1 ...
... processing UTF-8 mapping file for font encoding TS1

("C:\Program Files\MiKTeX 2.9\tex/latex/base\ts1enc.dfu"
File: ts1enc.dfu 2018/10/05 v1.2f UTF-8 support for inputenc
   defining Unicode char U+00A2 (decimal 162)
   defining Unicode char U+00A3 (decimal 163)
   defining Unicode char U+00A4 (decimal 164)
   defining Unicode char U+00A5 (decimal 165)
   defining Unicode char U+00A6 (decimal 166)
   defining Unicode char U+00A7 (decimal 167)
   defining Unicode char U+00A8 (decimal 168)
   defining Unicode char U+00A9 (decimal 169)
   defining Unicode char U+00AA (decimal 170)
   defining Unicode char U+00AC (decimal 172)
   defining Unicode char U+00AE (decimal 174)
   defining Unicode char U+00AF (decimal 175)
   defining Unicode char U+00B0 (decimal 176)
   defining Unicode char U+00B1 (decimal 177)
   defining Unicode char U+00B2 (decimal 178)
   defining Unicode char U+00B3 (decimal 179)
   defining Unicode char U+00B4 (decimal 180)
   defining Unicode char U+00B5 (decimal 181)
   defining Unicode char U+00B6 (decimal 182)
   defining Unicode char U+00B7 (decimal 183)
   defining Unicode char U+00B9 (decimal 185)
   defining Unicode char U+00BA (decimal 186)
   defining Unicode char U+00BC (decimal 188)
   defining Unicode char U+00BD (decimal 189)
   defining Unicode char U+00BE (decimal 190)
   defining Unicode char U+00D7 (decimal 215)
   defining Unicode char U+00F7 (decimal 247)
   defining Unicode char U+0192 (decimal 402)
   defining Unicode char U+02C7 (decimal 711)
   defining Unicode char U+02D8 (decimal 728)
   defining Unicode char U+02DD (decimal 733)
   defining Unicode char U+0E3F (decimal 3647)
   defining Unicode char U+2016 (decimal 8214)
   defining Unicode char U+2020 (decimal 8224)
   defining Unicode char U+2021 (decimal 8225)
   defining Unicode char U+2022 (decimal 8226)
   defining Unicode char U+2030 (decimal 8240)
   defining Unicode char U+2031 (decimal 8241)
   defining Unicode char U+203B (decimal 8251)
   defining Unicode char U+203D (decimal 8253)
   defining Unicode char U+2044 (decimal 8260)
   defining Unicode char U+204E (decimal 8270)
   defining Unicode char U+2052 (decimal 8274)
   defining Unicode char U+20A1 (decimal 8353)
   defining Unicode char U+20A4 (decimal 8356)
   defining Unicode char U+20A6 (decimal 8358)
   defining Unicode char U+20A9 (decimal 8361)
   defining Unicode char U+20AB (decimal 8363)
   defining Unicode char U+20AC (decimal 8364)
   defining Unicode char U+20B1 (decimal 8369)
   defining Unicode char U+2103 (decimal 8451)
   defining Unicode char U+2116 (decimal 8470)
   defining Unicode char U+2117 (decimal 8471)
   defining Unicode char U+211E (decimal 8478)
   defining Unicode char U+2120 (decimal 8480)
   defining Unicode char U+2122 (decimal 8482)
   defining Unicode char U+2126 (decimal 8486)
   defining Unicode char U+2127 (decimal 8487)
   defining Unicode char U+212E (decimal 8494)
   defining Unicode char U+2190 (decimal 8592)
   defining Unicode char U+2191 (decimal 8593)
   defining Unicode char U+2192 (decimal 8594)
   defining Unicode char U+2193 (decimal 8595)
   defining Unicode char U+2329 (decimal 9001)
   defining Unicode char U+232A (decimal 9002)
   defining Unicode char U+2422 (decimal 9250)
   defining Unicode char U+25E6 (decimal 9702)
   defining Unicode char U+25EF (decimal 9711)
   defining Unicode char U+266A (decimal 9834)
   defining Unicode char U+FEFF (decimal 65279)
))
LaTeX Info: Redefining \oldstylenums on input line 334.
Package textcomp Info: Setting cmr sub-encoding to TS1/0 on input line 349.
Package textcomp Info: Setting cmss sub-encoding to TS1/0 on input line 350.
Package textcomp Info: Setting cmtt sub-encoding to TS1/0 on input line 351.
Package textcomp Info: Setting cmvtt sub-encoding to TS1/0 on input line 352.
Package textcomp Info: Setting cmbr sub-encoding to TS1/0 on input line 353.
Package textcomp Info: Setting cmtl sub-encoding to TS1/0 on input line 354.
Package textcomp Info: Setting ccr sub-encoding to TS1/0 on input line 355.
Package textcomp Info: Setting ptm sub-encoding to TS1/4 on input line 356.
Package textcomp Info: Setting pcr sub-encoding to TS1/4 on input line 357.
Package textcomp Info: Setting phv sub-encoding to TS1/4 on input line 358.
Package textcomp Info: Setting ppl sub-encoding to TS1/3 on input line 359.
Package textcomp Info: Setting pag sub-encoding to TS1/4 on input line 360.
Package textcomp Info: Setting pbk sub-encoding to TS1/4 on input line 361.
Package textcomp Info: Setting pnc sub-encoding to TS1/4 on input line 362.
Package textcomp Info: Setting pzc sub-encoding to TS1/4 on input line 363.
Package textcomp Info: Setting bch sub-encoding to TS1/4 on input line 364.
Package textcomp Info: Setting put sub-encoding to TS1/5 on input line 365.
Package textcomp Info: Setting uag sub-encoding to TS1/5 on input line 366.
Package textcomp Info: Setting ugq sub-encoding to TS1/5 on input line 367.
Package textcomp Info: Setting ul8 sub-encoding to TS1/4 on input line 368.
Package textcomp Info: Setting ul9 sub-encoding to TS1/4 on input line 369.
Package textcomp Info: Setting augie sub-encoding to TS1/5 on input line 370.
Package textcomp Info: Setting dayrom sub-encoding to TS1/3 on input line 371.
Package textcomp Info: Setting dayroms sub-encoding to TS1/3 on input line 372.

Package textcomp Info: Setting pxr sub-encoding to TS1/0 on input line 373.
Package textcomp Info: Setting pxss sub-encoding to TS1/0 on input line 374.
Package textcomp Info: Setting pxtt sub-encoding to TS1/0 on input line 375.
Package textcomp Info: Setting txr sub-encoding to TS1/0 on input line 376.
Package textcomp Info: Setting txss sub-encoding to TS1/0 on input line 377.
Package textcomp Info: Setting txtt sub-encoding to TS1/0 on input line 378.
Package textcomp Info: Setting lmr sub-encoding to TS1/0 on input line 379.
Package textcomp Info: Setting lmdh sub-encoding to TS1/0 on input line 380.
Package textcomp Info: Setting lmss sub-encoding to TS1/0 on input line 381.
Package textcomp Info: Setting lmssq sub-encoding to TS1/0 on input line 382.
Package textcomp Info: Setting lmvtt sub-encoding to TS1/0 on input line 383.
Package textcomp Info: Setting lmtt sub-encoding to TS1/0 on input line 384.
Package textcomp Info: Setting qhv sub-encoding to TS1/0 on input line 385.
Package textcomp Info: Setting qag sub-encoding to TS1/0 on input line 386.
Package textcomp Info: Setting qbk sub-encoding to TS1/0 on input line 387.
Package textcomp Info: Setting qcr sub-encoding to TS1/0 on input line 388.
Package textcomp Info: Setting qcs sub-encoding to TS1/0 on input line 389.
Package textcomp Info: Setting qpl sub-encoding to TS1/0 on input line 390.
Package textcomp Info: Setting qtm sub-encoding to TS1/0 on input line 391.
Package textcomp Info: Setting qzc sub-encoding to TS1/0 on input line 392.
Package textcomp Info: Setting qhvc sub-encoding to TS1/0 on input line 393.
Package textcomp Info: Setting futs sub-encoding to TS1/4 on input line 394.
Package textcomp Info: Setting futx sub-encoding to TS1/4 on input line 395.
Package textcomp Info: Setting futj sub-encoding to TS1/4 on input line 396.
Package textcomp Info: Setting hlh sub-encoding to TS1/3 on input line 397.
Package textcomp Info: Setting hls sub-encoding to TS1/3 on input line 398.
Package textcomp Info: Setting hlst sub-encoding to TS1/3 on input line 399.
Package textcomp Info: Setting hlct sub-encoding to TS1/5 on input line 400.
Package textcomp Info: Setting hlx sub-encoding to TS1/5 on input line 401.
Package textcomp Info: Setting hlce sub-encoding to TS1/5 on input line 402.
Package textcomp Info: Setting hlcn sub-encoding to TS1/5 on input line 403.
Package textcomp Info: Setting hlcw sub-encoding to TS1/5 on input line 404.
Package textcomp Info: Setting hlcf sub-encoding to TS1/5 on input line 405.
Package textcomp Info: Setting pplx sub-encoding to TS1/3 on input line 406.
Package textcomp Info: Setting pplj sub-encoding to TS1/3 on input line 407.
Package textcomp Info: Setting ptmx sub-encoding to TS1/4 on input line 408.
Package textcomp Info: Setting ptmj sub-encoding to TS1/4 on input line 409.
)
(C:\Users\DavidEttinger02\AppData\Roaming\MiKTeX\2.9\tex/latex/titlesec\titlese
c.sty
Package: titlesec 2016/03/21 v2.10.2 Sectioning titles
\ttl@box=\box112
\beforetitleunit=\skip169
\aftertitleunit=\skip170
\ttl@plus=\dimen337
\ttl@minus=\dimen338
\ttl@toksa=\toks61
\titlewidth=\dimen339
\titlewidthlast=\dimen340
\titlewidthfirst=\dimen341
)
(C:\Users\DavidEttinger02\AppData\Roaming\MiKTeX\2.9\tex/latex/titlesec\titleto
c.sty
Package: titletoc 2011/12/15 v1.6 TOC entries
\ttl@leftsep=\dimen342
)
(C:\Users\DavidEttinger02\AppData\Roaming\MiKTeX\2.9\tex/latex/ulem\ulem.sty
\UL@box=\box113
\UL@hyphenbox=\box114
\UL@skip=\skip171
\UL@hook=\toks62
\UL@height=\dimen343
\UL@pe=\count364
\UL@pixel=\dimen344
\ULC@box=\box115
Package: ulem 2012/05/18
\ULdepth=\dimen345
)
("C:\Program Files\MiKTeX 2.9\tex/latex/tools\xspace.sty"
Package: xspace 2014/10/28 v1.13 Space after command names (DPC,MH)
)
(C:\Users\DavidEttinger02\AppData\Roaming\MiKTeX\2.9\tex/latex/xtab\xtab.sty
Package: xtab 2011/07/31 v2.3f Extended supertabular package
\c@tracingst=\count365
\PWSTcapht=\dimen346
\ST@wd=\dimen347
\ST@rightskip=\skip172
\ST@leftskip=\skip173
\ST@parfillskip=\skip174
\c@PWSTtable=\count366
\PWSTlastpage=\count367
\PWSTpenultimate=\count368
\PWSTcurpage=\count369
\PWSTtempc=\count370
\PWSTlines=\count371
\PWST@lastht=\dimen348
\PWST@generalht=\dimen349
\PWST@ht=\dimen350
\ST@pageleft=\dimen351
\ST@headht=\dimen352
\ST@tailht=\dimen353
\ST@pagesofar=\dimen354
\ST@pboxht=\dimen355
\ST@lineht=\dimen356
\ST@stretchht=\dimen357
\ST@prevht=\dimen358
\ST@toadd=\dimen359
\ST@dimen=\dimen360
\ST@pbox=\box116
)
(C:\Users\DavidEttinger02\AppData\Roaming\MiKTeX\2.9\tex/generic/pgf/frontendla
yer/tikz/libraries\tikzlibraryshapes.code.tex
File: tikzlibraryshapes.code.tex 2019/05/09 v3.1.3 (3.1.3)

(C:\Users\DavidEttinger02\AppData\Roaming\MiKTeX\2.9\tex/generic/pgf/frontendla
yer/tikz/libraries\tikzlibraryshapes.geometric.code.tex
File: tikzlibraryshapes.geometric.code.tex 2019/05/09 v3.1.3 (3.1.3)

(C:\Users\DavidEttinger02\AppData\Roaming\MiKTeX\2.9\tex/generic/pgf/libraries/
shapes\pgflibraryshapes.geometric.code.tex
File: pgflibraryshapes.geometric.code.tex 2019/05/09 v3.1.3 (3.1.3)
))
(C:\Users\DavidEttinger02\AppData\Roaming\MiKTeX\2.9\tex/generic/pgf/frontendla
yer/tikz/libraries\tikzlibraryshapes.misc.code.tex
File: tikzlibraryshapes.misc.code.tex 2019/05/09 v3.1.3 (3.1.3)

(C:\Users\DavidEttinger02\AppData\Roaming\MiKTeX\2.9\tex/generic/pgf/libraries/
shapes\pgflibraryshapes.misc.code.tex
File: pgflibraryshapes.misc.code.tex 2019/05/09 v3.1.3 (3.1.3)
))
(C:\Users\DavidEttinger02\AppData\Roaming\MiKTeX\2.9\tex/generic/pgf/frontendla
yer/tikz/libraries\tikzlibraryshapes.symbols.code.tex
File: tikzlibraryshapes.symbols.code.tex 2019/05/09 v3.1.3 (3.1.3)

(C:\Users\DavidEttinger02\AppData\Roaming\MiKTeX\2.9\tex/generic/pgf/libraries/
shapes\pgflibraryshapes.symbols.code.tex
File: pgflibraryshapes.symbols.code.tex 2019/05/09 v3.1.3 (3.1.3)
))
(C:\Users\DavidEttinger02\AppData\Roaming\MiKTeX\2.9\tex/generic/pgf/frontendla
yer/tikz/libraries\tikzlibraryshapes.arrows.code.tex
File: tikzlibraryshapes.arrows.code.tex 2019/05/09 v3.1.3 (3.1.3)

(C:\Users\DavidEttinger02\AppData\Roaming\MiKTeX\2.9\tex/generic/pgf/libraries/
shapes\pgflibraryshapes.arrows.code.tex
File: pgflibraryshapes.arrows.code.tex 2019/05/09 v3.1.3 (3.1.3)
))
(C:\Users\DavidEttinger02\AppData\Roaming\MiKTeX\2.9\tex/generic/pgf/frontendla
yer/tikz/libraries\tikzlibraryshapes.callouts.code.tex
(C:\Users\DavidEttinger02\AppData\Roaming\MiKTeX\2.9\tex/generic/pgf/libraries/
shapes\pgflibraryshapes.callouts.code.tex))
(C:\Users\DavidEttinger02\AppData\Roaming\MiKTeX\2.9\tex/generic/pgf/frontendla
yer/tikz/libraries\tikzlibraryshapes.multipart.code.tex
File: tikzlibraryshapes.multipart.code.tex 2019/05/09 v3.1.3 (3.1.3)

(C:\Users\DavidEttinger02\AppData\Roaming\MiKTeX\2.9\tex/generic/pgf/libraries/
shapes\pgflibraryshapes.multipart.code.tex
File: pgflibraryshapes.multipart.code.tex 2019/05/09 v3.1.3 (3.1.3)
\pgfnodepartlowerbox=\box117
\pgfnodeparttwobox=\box118
\pgfnodepartthreebox=\box119
\pgfnodepartfourbox=\box120
\pgfnodeparttwentybox=\box121
\pgfnodepartnineteenbox=\box122
\pgfnodeparteighteenbox=\box123
\pgfnodepartseventeenbox=\box124
\pgfnodepartsixteenbox=\box125
\pgfnodepartfifteenbox=\box126
\pgfnodepartfourteenbox=\box127
\pgfnodepartthirteenbox=\box128
\pgfnodeparttwelvebox=\box129
\pgfnodepartelevenbox=\box130
\pgfnodeparttenbox=\box131
\pgfnodepartninebox=\box132
\pgfnodeparteightbox=\box133
\pgfnodepartsevenbox=\box134
\pgfnodepartsixbox=\box135
\pgfnodepartfivebox=\box136
)))
(C:\Users\DavidEttinger02\AppData\Roaming\MiKTeX\2.9\tex/generic/pgf/frontendla
yer/tikz/libraries\tikzlibraryspy.code.tex
File: tikzlibraryspy.code.tex 2019/05/09 v3.1.3 (3.1.3)
\tikz@lib@spybox=\box137
)
(C:\Users\DavidEttinger02\AppData\Roaming\MiKTeX\2.9\tex/generic/pgf/frontendla
yer/tikz/libraries\tikzlibraryarrows.code.tex
File: tikzlibraryarrows.code.tex 2019/05/09 v3.1.3 (3.1.3)

(C:\Users\DavidEttinger02\AppData\Roaming\MiKTeX\2.9\tex/generic/pgf/libraries\
pgflibraryarrows.code.tex
File: pgflibraryarrows.code.tex 2019/05/09 v3.1.3 (3.1.3)
\arrowsize=\dimen361
))
(C:\Users\DavidEttinger02\AppData\Roaming\MiKTeX\2.9\tex/generic/pgf/frontendla
yer/tikz/libraries\tikzlibrarypositioning.code.tex
File: tikzlibrarypositioning.code.tex 2019/05/09 v3.1.3 (3.1.3)
)
Package hyperref Info: Option `colorlinks' set `true' on input line 104.
\c@theorem=\count372
\c@proposition=\count373
\c@definition=\count374
\c@axiom=\count375
\c@observation=\count376
\c@assumption=\count377
\c@remark=\count378
\c@lemma=\count379
\c@result=\count380
\c@hyp=\count381
\c@subhyp=\count382
\c@chapter@last=\count383
 (Compiler.aux)
\openout1 = `Compiler.aux'.

LaTeX Font Info:    Checking defaults for OML/cmm/m/it on input line 288.
LaTeX Font Info:    ... okay on input line 288.
LaTeX Font Info:    Checking defaults for T1/cmr/m/n on input line 288.
LaTeX Font Info:    ... okay on input line 288.
LaTeX Font Info:    Checking defaults for OT1/cmr/m/n on input line 288.
LaTeX Font Info:    ... okay on input line 288.
LaTeX Font Info:    Checking defaults for OMS/cmsy/m/n on input line 288.
LaTeX Font Info:    ... okay on input line 288.
LaTeX Font Info:    Checking defaults for OMX/cmex/m/n on input line 288.
LaTeX Font Info:    ... okay on input line 288.
LaTeX Font Info:    Checking defaults for U/cmr/m/n on input line 288.
LaTeX Font Info:    ... okay on input line 288.
LaTeX Font Info:    Checking defaults for PD1/pdf/m/n on input line 288.
LaTeX Font Info:    ... okay on input line 288.
LaTeX Font Info:    Checking defaults for TS1/cmr/m/n on input line 288.
LaTeX Font Info:    Try loading font information for TS1+cmr on input line 288.


("C:\Program Files\MiKTeX 2.9\tex/latex/base\ts1cmr.fd"
File: ts1cmr.fd 2014/09/29 v2.5h Standard LaTeX font definitions
)
LaTeX Font Info:    ... okay on input line 288.
LaTeX Font Info:    Try loading font information for T1+lmr on input line 288.

("C:\Program Files\MiKTeX 2.9\tex/latex/lm\t1lmr.fd"
File: t1lmr.fd 2009/10/30 v1.6 Font defs for Latin Modern
)
(C:\Users\DavidEttinger02\AppData\Roaming\MiKTeX\2.9\tex/context/base/mkii\supp
-pdf.mkii
[Loading MPS to PDF converter (version 2006.09.02).]
\scratchcounter=\count384
\scratchdimen=\dimen362
\scratchbox=\box138
\nofMPsegments=\count385
\nofMParguments=\count386
\everyMPshowfont=\toks63
\MPscratchCnt=\count387
\MPscratchDim=\dimen363
\MPnumerator=\count388
\makeMPintoPDFobject=\count389
\everyMPtoPDFconversion=\toks64
)
\AtBeginShipoutBox=\box139
Package hyperref Info: Link coloring ON on input line 288.
 ("C:\Program Files\MiKTeX 2.9\tex/latex/hyperref\nameref.sty"
Package: nameref 2016/05/21 v2.44 Cross-referencing by name of section

("C:\Program Files\MiKTeX 2.9\tex/generic/oberdiek\gettitlestring.sty"
Package: gettitlestring 2016/05/16 v1.5 Cleanup title references (HO)
)
\c@section@level=\count390
)
LaTeX Info: Redefining \ref on input line 288.
LaTeX Info: Redefining \pageref on input line 288.
LaTeX Info: Redefining \nameref on input line 288.

(Compiler.out) (Compiler.out)
\@outlinefile=\write7
\openout7 = `Compiler.out'.

 ABD: EveryShipout initializing macros
\c@lstlisting=\count391
Package caption Info: Begin \AtBeginDocument code.
Package caption Info: float package is loaded.
Package caption Info: longtable package is loaded.

(C:\Users\DavidEttinger02\AppData\Roaming\MiKTeX\2.9\tex/latex/caption\ltcaptio
n.sty
Package: ltcaption 2018/08/26 v1.4-95 longtable captions (AR)
)
Package caption Info: rotating package is loaded.
Package caption Info: subfigure package is loaded.
Package caption Info: xtab package is loaded.
Package caption Info: End \AtBeginDocument code.

*geometry* driver: auto-detecting
*geometry* detected driver: pdftex
*geometry* verbose mode - [ preamble ] result:
* driver: pdftex
* paper: <default>
* layout: <same size as paper>
* layoutoffset:(h,v)=(0.0pt,0.0pt)
* modes: twoside 
* h-part:(L,W,R)=(72.26999pt, 469.75502pt, 72.26999pt)
* v-part:(T,H,B)=(72.26999pt, 650.43001pt, 72.26999pt)
* \paperwidth=614.295pt
* \paperheight=794.96999pt
* \textwidth=469.75502pt
* \textheight=650.43001pt
* \oddsidemargin=0.0pt
* \evensidemargin=0.0pt
* \topmargin=-37.0pt
* \headheight=12.0pt
* \headsep=25.0pt
* \topskip=12.0pt
* \footskip=30.0pt
* \marginparwidth=95.0pt
* \marginparsep=10.0pt
* \columnsep=10.0pt
* \skip\footins=10.8pt plus 4.0pt minus 2.0pt
* \hoffset=0.0pt
* \voffset=0.0pt
* \mag=1000
* \@twocolumnfalse
* \@twosidetrue
* \@mparswitchtrue
* \@reversemarginfalse
* (1in=72.27pt=25.4mm, 1cm=28.453pt)


Package pgfplots Warning: running in backwards compatibility mode (unsuitable t
ick labels; missing features). Consider writing \pgfplotsset{compat=1.16} into 
your preamble.
 on input line 288.

(../Vegan/Argumentsfor/Harm.tex
LaTeX Font Info:    Try loading font information for OT1+lmr on input line 10.

("C:\Program Files\MiKTeX 2.9\tex/latex/lm\ot1lmr.fd"
File: ot1lmr.fd 2009/10/30 v1.6 Font defs for Latin Modern
)
LaTeX Font Info:    Try loading font information for OML+lmm on input line 10.

("C:\Program Files\MiKTeX 2.9\tex/latex/lm\omllmm.fd"
File: omllmm.fd 2009/10/30 v1.6 Font defs for Latin Modern
)
LaTeX Font Info:    Try loading font information for OMS+lmsy on input line 10.


("C:\Program Files\MiKTeX 2.9\tex/latex/lm\omslmsy.fd"
File: omslmsy.fd 2009/10/30 v1.6 Font defs for Latin Modern
)
LaTeX Font Info:    Try loading font information for OMX+lmex on input line 10.


("C:\Program Files\MiKTeX 2.9\tex/latex/lm\omxlmex.fd"
File: omxlmex.fd 2009/10/30 v1.6 Font defs for Latin Modern
)
LaTeX Font Info:    External font `lmex10' loaded for size
(Font)              <12> on input line 10.
LaTeX Font Info:    External font `lmex10' loaded for size
(Font)              <8> on input line 10.
LaTeX Font Info:    External font `lmex10' loaded for size
(Font)              <6> on input line 10.
LaTeX Font Info:    Try loading font information for U+msa on input line 10.

("C:\Program Files\MiKTeX 2.9\tex/latex/amsfonts\umsa.fd"
File: umsa.fd 2013/01/14 v3.01 AMS symbols A
)
LaTeX Font Info:    Try loading font information for U+msb on input line 10.

("C:\Program Files\MiKTeX 2.9\tex/latex/amsfonts\umsb.fd"
File: umsb.fd 2013/01/14 v3.01 AMS symbols B
)
LaTeX Font Info:    Try loading font information for U+rsfs on input line 10.

("C:\Program Files\MiKTeX 2.9\tex/latex/jknappen\ursfs.fd"
File: ursfs.fd 1998/03/24 rsfs font definition file (jk)
)
Underfull \vbox (badness 1253) has occurred while \output is active []

 [1


{C:/Users/DavidEttinger02/AppData/Local/MiKTeX/2.9/pdftex/config/pdftex.map}]

Package Fancyhdr Warning: \headheight is too small (12.0pt): 
Make it at least 14.49998pt.
We now make it that large for the rest of the document.
This may cause the page layout to be inconsistent, however.

[2]
LaTeX Font Info:    External font `lmex10' loaded for size
(Font)              <10> on input line 63.
LaTeX Font Info:    External font `lmex10' loaded for size
(Font)              <7> on input line 63.
LaTeX Font Info:    External font `lmex10' loaded for size
(Font)              <5> on input line 63.
) [3]
Package atveryend Info: Empty hook `BeforeClearDocument' on input line 298.
Package atveryend Info: Empty hook `AfterLastShipout' on input line 298.
 (Compiler.aux)
Package atveryend Info: Executing hook `AtVeryEndDocument' on input line 298.
Package atveryend Info: Executing hook `AtEndAfterFileList' on input line 298.
Package rerunfilecheck Info: File `Compiler.out' has not changed.
(rerunfilecheck)             Checksum: F43400292B65BBDCCC153FDE84A4C71B;158.
Package atveryend Info: Empty hook `AtVeryVeryEnd' on input line 298.
 ) 
Here is how much of TeX's memory you used:
 51414 strings out of 492969
 1169767 string characters out of 3134358
 1469527 words of memory out of 3000000
 54414 multiletter control sequences out of 15000+200000
 594768 words of font info for 76 fonts, out of 3000000 for 9000
 1141 hyphenation exceptions out of 8191
 63i,12n,101p,930b,1117s stack positions out of 5000i,500n,10000p,200000b,50000s
pdfTeX warning (dest): name{Hfootnote.2} has been referenced but does not exi
st, replaced by a fixed one

pdfTeX warning (dest): name{Hfootnote.1} has been referenced but does not exist
, replaced by a fixed one

{C:/Program Files/MiKTeX 2.9/fonts/enc/dvips/lm/lm-ec.enc}{C:/Program Files/MiK
TeX 2.9/fonts/enc/dvips/lm/lm-mathsy.enc}{C:/Program Files/MiKTeX 2.9/fonts/enc
/dvips/lm/lm-rm.enc}<C:/Program Files/MiKTeX 2.9/fonts/type1/public/lm/lmbx12.p
fb><C:/Program Files/MiKTeX 2.9/fonts/type1/public/lm/lmr10.pfb><C:/Program Fil
es/MiKTeX 2.9/fonts/type1/public/lm/lmr12.pfb><C:/Program Files/MiKTeX 2.9/font
s/type1/public/lm/lmr7.pfb><C:/Program Files/MiKTeX 2.9/fonts/type1/public/lm/l
mr8.pfb><C:/Program Files/MiKTeX 2.9/fonts/type1/public/lm/lmsy10.pfb>
Output written on Compiler.pdf (3 pages, 149953 bytes).
PDF statistics:
 107 PDF objects out of 1000 (max. 8388607)
 10 named destinations out of 1000 (max. 500000)
 181 words of extra memory for PDF output out of 10000 (max. 10000000)

