\BOOKMARK [1][-]{section.1}{Example 1}{}% 1
\BOOKMARK [1][-]{section.2}{Result}{}% 2
\BOOKMARK [1][-]{section.3}{Rival asset}{}% 3
\BOOKMARK [2][-]{subsection.3.1}{If <+22++22}{section.3}% 4
\BOOKMARK [3][-]{subsubsection.3.1.1}{Payoff if investor is not a top user}{subsection.3.1}% 5
\BOOKMARK [3][-]{subsubsection.3.1.2}{Payoff if investor is a top user}{subsection.3.1}% 6
\BOOKMARK [2][-]{subsection.3.2}{If >+22++22}{section.3}% 7
\BOOKMARK [3][-]{subsubsection.3.2.1}{Payoff of the non- user}{subsection.3.2}% 8
\BOOKMARK [3][-]{subsubsection.3.2.2}{Payoffs of the omega user}{subsection.3.2}% 9
\BOOKMARK [1][-]{section.4}{General Rival and non-rival case if all activities take up the same space}{}% 10
\BOOKMARK [2][-]{subsection.4.1}{Individual usages better than total usage}{section.4}% 11
\BOOKMARK [1][-]{section.5}{General Rival and non-rival case if assets usage is exclusive to some activities}{}% 12
\BOOKMARK [2][-]{subsection.5.1}{Individual usages better than total usage}{section.5}% 13
\BOOKMARK [2][-]{subsection.5.2}{Joint asset usage better than individual asset usage}{section.5}% 14
\BOOKMARK [3][-]{subsubsection.5.2.1}{Payoffs if assets go to the same user user}{subsection.5.2}% 15
\BOOKMARK [1][-]{section.6}{The new formalization}{}% 16
\BOOKMARK [2][-]{subsection.6.1}{2 Downstream firms example}{section.6}% 17
\BOOKMARK [1][-]{section.7}{Appendix}{}% 18
\BOOKMARK [2][-]{subsection.7.1}{Payoff of investing in two assets <+22++22}{section.7}% 19
\BOOKMARK [2][-]{subsection.7.2}{Payoff of investing in two assets if \040is investing in the other asset>+22++22}{section.7}% 20
\BOOKMARK [2][-]{subsection.7.3}{Payoff if investing in both assets when \040is not investing}{section.7}% 21
\BOOKMARK [2][-]{subsection.7.4}{ payoff if investing in both assets}{section.7}% 22
