\BOOKMARK [1][-]{section.1}{Introduction}{}% 1
\BOOKMARK [1][-]{section.2}{Literature review}{}% 2
\BOOKMARK [1][-]{section.3}{The model}{}% 3
\BOOKMARK [1][-]{section.4}{Preliminary Analysis}{}% 4
\BOOKMARK [1][-]{section.5}{Solving the model}{}% 5
\BOOKMARK [2][-]{subsection.5.1}{Equilibrium when r=0, no piracy cost}{section.5}% 6
\BOOKMARK [2][-]{subsection.5.2}{ Equilibrium when r is high}{section.5}% 7
\BOOKMARK [2][-]{subsection.5.3}{Does the firm prefer the high product degradation case or the no product degradation case? }{section.5}% 8
\BOOKMARK [2][-]{subsection.5.4}{ Equilibrium for intermediate values of the cost of piracy}{section.5}% 9
\BOOKMARK [1][-]{section.6}{Extension: Endogenous product improvement}{}% 10
\BOOKMARK [1][-]{section.7}{Discussion and Conclusion}{}% 11
\BOOKMARK [1][-]{section.8}{Appendix 1}{}% 12
\BOOKMARK [2][-]{subsection.8.1}{Proof of proposition 2}{section.8}% 13
\BOOKMARK [2][-]{subsection.8.2}{Corollaries of prop 5.1, approximation and proportion}{section.8}% 14
\BOOKMARK [2][-]{subsection.8.3}{Proof of proposition 3}{section.8}% 15
\BOOKMARK [2][-]{subsection.8.4}{Proof of proposition 4}{section.8}% 16
\BOOKMARK [1][-]{section.9}{Appendix 2}{}% 17
\BOOKMARK [2][-]{subsection.9.1}{Endogenous k: case where r=0}{section.9}% 18
\BOOKMARK [2][-]{subsection.9.2}{Endogenous k: Intermediate r}{section.9}% 19
\BOOKMARK [2][-]{subsection.9.3}{Endogenous k: Some values for k}{section.9}% 20
\BOOKMARK [2][-]{subsection.9.4}{Notes}{section.9}% 21
\BOOKMARK [3][-]{subsubsection.9.4.1}{Why the envelope theorem applies}{subsection.9.4}% 22
\BOOKMARK [3][-]{subsubsection.9.4.2}{Regularly varying functions}{subsection.9.4}% 23
\BOOKMARK [3][-]{subsubsection.9.4.3}{Welfare}{subsection.9.4}% 24
