This is pdfTeX, Version 3.14159265-2.6-1.40.21 (MiKTeX 20.11) (preloaded format=pdflatex 2021.2.16)  11 MAR 2021 09:39
entering extended mode
**./IO_Week6.tex
(IO_Week6.tex
LaTeX2e <2020-10-01> patch level 4
L3 programming layer <2021-01-09> xparse <2020-03-03>
("C:\Users\Dio and Nono\AppData\Local\Programs\MiKTeX\tex/latex/beamer\beamer.c
ls"
Document Class: beamer 2021/02/09 v3.61 A class for typesetting presentations

("C:\Users\Dio and Nono\AppData\Local\Programs\MiKTeX\tex/latex/beamer\beamerba
semodes.sty"
("C:\Users\Dio and Nono\AppData\Local\Programs\MiKTeX\tex/latex/etoolbox\etoolb
ox.sty"
Package: etoolbox 2020/10/05 v2.5k e-TeX tools for LaTeX (JAW)
\etb@tempcnta=\count177
)
\beamer@tempbox=\box47
\beamer@tempcount=\count178
\c@beamerpauses=\count179

("C:\Users\Dio and Nono\AppData\Local\Programs\MiKTeX\tex/latex/beamer\beamerba
sedecode.sty"
\beamer@slideinframe=\count180
\beamer@minimum=\count181
\beamer@decode@box=\box48
)
\beamer@commentbox=\box49
\beamer@modecount=\count182
)
("C:\Users\Dio and Nono\AppData\Local\Programs\MiKTeX\tex/generic/iftex\ifpdf.s
ty"
Package: ifpdf 2019/10/25 v3.4 ifpdf legacy package. Use iftex instead.

("C:\Users\Dio and Nono\AppData\Local\Programs\MiKTeX\tex/generic/iftex\iftex.s
ty"
Package: iftex 2020/03/06 v1.0d TeX engine tests
))
\headdp=\dimen138
\footheight=\dimen139
\sidebarheight=\dimen140
\beamer@tempdim=\dimen141
\beamer@finalheight=\dimen142
\beamer@animht=\dimen143
\beamer@animdp=\dimen144
\beamer@animwd=\dimen145
\beamer@leftmargin=\dimen146
\beamer@rightmargin=\dimen147
\beamer@leftsidebar=\dimen148
\beamer@rightsidebar=\dimen149
\beamer@boxsize=\dimen150
\beamer@vboxoffset=\dimen151
\beamer@descdefault=\dimen152
\beamer@descriptionwidth=\dimen153
\beamer@lastskip=\skip47
\beamer@areabox=\box50
\beamer@animcurrent=\box51
\beamer@animshowbox=\box52
\beamer@sectionbox=\box53
\beamer@logobox=\box54
\beamer@linebox=\box55
\beamer@sectioncount=\count183
\beamer@subsubsectionmax=\count184
\beamer@subsectionmax=\count185
\beamer@sectionmax=\count186
\beamer@totalheads=\count187
\beamer@headcounter=\count188
\beamer@partstartpage=\count189
\beamer@sectionstartpage=\count190
\beamer@subsectionstartpage=\count191
\beamer@animationtempa=\count192
\beamer@animationtempb=\count193
\beamer@xpos=\count194
\beamer@ypos=\count195
\beamer@ypos@offset=\count196
\beamer@showpartnumber=\count197
\beamer@currentsubsection=\count198
\beamer@coveringdepth=\count199
\beamer@sectionadjust=\count266
\beamer@tocsectionnumber=\count267

("C:\Users\Dio and Nono\AppData\Local\Programs\MiKTeX\tex/latex/beamer\beamerba
seoptions.sty"
("C:\Users\Dio and Nono\AppData\Local\Programs\MiKTeX\tex/latex/graphics\keyval
.sty"
Package: keyval 2014/10/28 v1.15 key=value parser (DPC)
\KV@toks@=\toks15
))
\beamer@paperwidth=\skip48
\beamer@paperheight=\skip49
 ("C:\Program Files\MiKTeX\tex/latex/geometry\geometry.sty"
Package: geometry 2020/01/02 v5.9 Page Geometry

("C:\Users\Dio and Nono\AppData\Local\Programs\MiKTeX\tex/generic/iftex\ifvtex.
sty"
Package: ifvtex 2019/10/25 v1.7 ifvtex legacy package. Use iftex instead.
)
\Gm@cnth=\count268
\Gm@cntv=\count269
\c@Gm@tempcnt=\count270
\Gm@bindingoffset=\dimen154
\Gm@wd@mp=\dimen155
\Gm@odd@mp=\dimen156
\Gm@even@mp=\dimen157
\Gm@layoutwidth=\dimen158
\Gm@layoutheight=\dimen159
\Gm@layouthoffset=\dimen160
\Gm@layoutvoffset=\dimen161
\Gm@dimlist=\toks16
 ("C:\Program Files\MiKTeX\tex/latex/geometry\geometry.cfg"))
("C:\Users\Dio and Nono\AppData\Local\Programs\MiKTeX\tex/latex/base\fleqn.clo"
File: fleqn.clo 2016/12/29 v1.2b Standard LaTeX option (flush left equations)
\mathindent=\skip50
Applying: [2015/01/01] Make \[ robust on input line 50.
LaTeX Info: Redefining \[ on input line 51.
Already applied: [0000/00/00] Make \[ robust on input line 62.
Applying: [2015/01/01] Make \] robust on input line 74.
LaTeX Info: Redefining \] on input line 75.
Already applied: [0000/00/00] Make \] robust on input line 83.
)
("C:\Users\Dio and Nono\AppData\Local\Programs\MiKTeX\tex/latex/base\size10.clo
"
File: size10.clo 2020/04/10 v1.4m Standard LaTeX file (size option)
)
("C:\Users\Dio and Nono\AppData\Local\Programs\MiKTeX\tex/latex/pgf/basiclayer\
pgfcore.sty"
("C:\Users\Dio and Nono\AppData\Local\Programs\MiKTeX\tex/latex/graphics\graphi
cx.sty"
Package: graphicx 2020/09/09 v1.2b Enhanced LaTeX Graphics (DPC,SPQR)

("C:\Users\Dio and Nono\AppData\Local\Programs\MiKTeX\tex/latex/graphics\graphi
cs.sty"
Package: graphics 2020/08/30 v1.4c Standard LaTeX Graphics (DPC,SPQR)

("C:\Users\Dio and Nono\AppData\Local\Programs\MiKTeX\tex/latex/graphics\trig.s
ty"
Package: trig 2016/01/03 v1.10 sin cos tan (DPC)
)
("C:\Users\Dio and Nono\AppData\Local\Programs\MiKTeX\tex/latex/graphics-cfg\gr
aphics.cfg"
File: graphics.cfg 2016/06/04 v1.11 sample graphics configuration
)
Package graphics Info: Driver file: pdftex.def on input line 105.

("C:\Users\Dio and Nono\AppData\Local\Programs\MiKTeX\tex/latex/graphics-def\pd
ftex.def"
File: pdftex.def 2020/10/05 v1.2a Graphics/color driver for pdftex
))
\Gin@req@height=\dimen162
\Gin@req@width=\dimen163
)
("C:\Users\Dio and Nono\AppData\Local\Programs\MiKTeX\tex/latex/pgf/systemlayer
\pgfsys.sty"
("C:\Users\Dio and Nono\AppData\Local\Programs\MiKTeX\tex/latex/pgf/utilities\p
gfrcs.sty"
("C:\Users\Dio and Nono\AppData\Local\Programs\MiKTeX\tex/generic/pgf/utilities
\pgfutil-common.tex"
\pgfutil@everybye=\toks17
\pgfutil@tempdima=\dimen164
\pgfutil@tempdimb=\dimen165

("C:\Users\Dio and Nono\AppData\Local\Programs\MiKTeX\tex/generic/pgf/utilities
\pgfutil-common-lists.tex"))
("C:\Users\Dio and Nono\AppData\Local\Programs\MiKTeX\tex/generic/pgf/utilities
\pgfutil-latex.def"
\pgfutil@abb=\box56
)
("C:\Users\Dio and Nono\AppData\Local\Programs\MiKTeX\tex/generic/pgf/utilities
\pgfrcs.code.tex"
("C:\Users\Dio and Nono\AppData\Local\Programs\MiKTeX\tex/generic/pgf\pgf.revis
ion.tex")
Package: pgfrcs 2020/12/27 v3.1.8b (3.1.8b)
))
("C:\Users\Dio and Nono\AppData\Local\Programs\MiKTeX\tex/generic/pgf/systemlay
er\pgfsys.code.tex"
Package: pgfsys 2020/12/27 v3.1.8b (3.1.8b)

("C:\Users\Dio and Nono\AppData\Local\Programs\MiKTeX\tex/generic/pgf/utilities
\pgfkeys.code.tex"
\pgfkeys@pathtoks=\toks18
\pgfkeys@temptoks=\toks19

("C:\Users\Dio and Nono\AppData\Local\Programs\MiKTeX\tex/generic/pgf/utilities
\pgfkeysfiltered.code.tex"
\pgfkeys@tmptoks=\toks20
))
\pgf@x=\dimen166
\pgf@y=\dimen167
\pgf@xa=\dimen168
\pgf@ya=\dimen169
\pgf@xb=\dimen170
\pgf@yb=\dimen171
\pgf@xc=\dimen172
\pgf@yc=\dimen173
\pgf@xd=\dimen174
\pgf@yd=\dimen175
\w@pgf@writea=\write3
\r@pgf@reada=\read2
\c@pgf@counta=\count271
\c@pgf@countb=\count272
\c@pgf@countc=\count273
\c@pgf@countd=\count274
\t@pgf@toka=\toks21
\t@pgf@tokb=\toks22
\t@pgf@tokc=\toks23
\pgf@sys@id@count=\count275

("C:\Users\Dio and Nono\AppData\Local\Programs\MiKTeX\tex/generic/pgf/systemlay
er\pgf.cfg"
File: pgf.cfg 2020/12/27 v3.1.8b (3.1.8b)
)
Driver file for pgf: pgfsys-pdftex.def

("C:\Users\Dio and Nono\AppData\Local\Programs\MiKTeX\tex/generic/pgf/systemlay
er\pgfsys-pdftex.def"
File: pgfsys-pdftex.def 2020/12/27 v3.1.8b (3.1.8b)

("C:\Users\Dio and Nono\AppData\Local\Programs\MiKTeX\tex/generic/pgf/systemlay
er\pgfsys-common-pdf.def"
File: pgfsys-common-pdf.def 2020/12/27 v3.1.8b (3.1.8b)
)))
("C:\Users\Dio and Nono\AppData\Local\Programs\MiKTeX\tex/generic/pgf/systemlay
er\pgfsyssoftpath.code.tex"
File: pgfsyssoftpath.code.tex 2020/12/27 v3.1.8b (3.1.8b)
\pgfsyssoftpath@smallbuffer@items=\count276
\pgfsyssoftpath@bigbuffer@items=\count277
)
("C:\Users\Dio and Nono\AppData\Local\Programs\MiKTeX\tex/generic/pgf/systemlay
er\pgfsysprotocol.code.tex"
File: pgfsysprotocol.code.tex 2020/12/27 v3.1.8b (3.1.8b)
))
("C:\Users\Dio and Nono\AppData\Local\Programs\MiKTeX\tex/latex/xcolor\xcolor.s
ty"
Package: xcolor 2016/05/11 v2.12 LaTeX color extensions (UK)

("C:\Users\Dio and Nono\AppData\Local\Programs\MiKTeX\tex/latex/graphics-cfg\co
lor.cfg"
File: color.cfg 2016/01/02 v1.6 sample color configuration
)
Package xcolor Info: Driver file: pdftex.def on input line 225.
Package xcolor Info: Model `cmy' substituted by `cmy0' on input line 1348.
Package xcolor Info: Model `hsb' substituted by `rgb' on input line 1352.
Package xcolor Info: Model `RGB' extended on input line 1364.
Package xcolor Info: Model `HTML' substituted by `rgb' on input line 1366.
Package xcolor Info: Model `Hsb' substituted by `hsb' on input line 1367.
Package xcolor Info: Model `tHsb' substituted by `hsb' on input line 1368.
Package xcolor Info: Model `HSB' substituted by `hsb' on input line 1369.
Package xcolor Info: Model `Gray' substituted by `gray' on input line 1370.
Package xcolor Info: Model `wave' substituted by `hsb' on input line 1371.
)
("C:\Users\Dio and Nono\AppData\Local\Programs\MiKTeX\tex/generic/pgf/basiclaye
r\pgfcore.code.tex"
Package: pgfcore 2020/12/27 v3.1.8b (3.1.8b)

("C:\Users\Dio and Nono\AppData\Local\Programs\MiKTeX\tex/generic/pgf/math\pgfm
ath.code.tex"
("C:\Users\Dio and Nono\AppData\Local\Programs\MiKTeX\tex/generic/pgf/math\pgfm
athcalc.code.tex"
("C:\Users\Dio and Nono\AppData\Local\Programs\MiKTeX\tex/generic/pgf/math\pgfm
athutil.code.tex")
("C:\Users\Dio and Nono\AppData\Local\Programs\MiKTeX\tex/generic/pgf/math\pgfm
athparser.code.tex"
\pgfmath@dimen=\dimen176
\pgfmath@count=\count278
\pgfmath@box=\box57
\pgfmath@toks=\toks24
\pgfmath@stack@operand=\toks25
\pgfmath@stack@operation=\toks26
)
("C:\Users\Dio and Nono\AppData\Local\Programs\MiKTeX\tex/generic/pgf/math\pgfm
athfunctions.code.tex"
("C:\Users\Dio and Nono\AppData\Local\Programs\MiKTeX\tex/generic/pgf/math\pgfm
athfunctions.basic.code.tex")
("C:\Users\Dio and Nono\AppData\Local\Programs\MiKTeX\tex/generic/pgf/math\pgfm
athfunctions.trigonometric.code.tex")
("C:\Users\Dio and Nono\AppData\Local\Programs\MiKTeX\tex/generic/pgf/math\pgfm
athfunctions.random.code.tex")
("C:\Users\Dio and Nono\AppData\Local\Programs\MiKTeX\tex/generic/pgf/math\pgfm
athfunctions.comparison.code.tex")
("C:\Users\Dio and Nono\AppData\Local\Programs\MiKTeX\tex/generic/pgf/math\pgfm
athfunctions.base.code.tex")
("C:\Users\Dio and Nono\AppData\Local\Programs\MiKTeX\tex/generic/pgf/math\pgfm
athfunctions.round.code.tex")
("C:\Users\Dio and Nono\AppData\Local\Programs\MiKTeX\tex/generic/pgf/math\pgfm
athfunctions.misc.code.tex")
("C:\Users\Dio and Nono\AppData\Local\Programs\MiKTeX\tex/generic/pgf/math\pgfm
athfunctions.integerarithmetics.code.tex")))
("C:\Users\Dio and Nono\AppData\Local\Programs\MiKTeX\tex/generic/pgf/math\pgfm
athfloat.code.tex"
\c@pgfmathroundto@lastzeros=\count279
))
("C:\Users\Dio and Nono\AppData\Local\Programs\MiKTeX\tex/generic/pgf/math\pgfi
nt.code.tex")
("C:\Users\Dio and Nono\AppData\Local\Programs\MiKTeX\tex/generic/pgf/basiclaye
r\pgfcorepoints.code.tex"
File: pgfcorepoints.code.tex 2020/12/27 v3.1.8b (3.1.8b)
\pgf@picminx=\dimen177
\pgf@picmaxx=\dimen178
\pgf@picminy=\dimen179
\pgf@picmaxy=\dimen180
\pgf@pathminx=\dimen181
\pgf@pathmaxx=\dimen182
\pgf@pathminy=\dimen183
\pgf@pathmaxy=\dimen184
\pgf@xx=\dimen185
\pgf@xy=\dimen186
\pgf@yx=\dimen187
\pgf@yy=\dimen188
\pgf@zx=\dimen189
\pgf@zy=\dimen190
)
("C:\Users\Dio and Nono\AppData\Local\Programs\MiKTeX\tex/generic/pgf/basiclaye
r\pgfcorepathconstruct.code.tex"
File: pgfcorepathconstruct.code.tex 2020/12/27 v3.1.8b (3.1.8b)
\pgf@path@lastx=\dimen191
\pgf@path@lasty=\dimen192
)
("C:\Users\Dio and Nono\AppData\Local\Programs\MiKTeX\tex/generic/pgf/basiclaye
r\pgfcorepathusage.code.tex"
File: pgfcorepathusage.code.tex 2020/12/27 v3.1.8b (3.1.8b)
\pgf@shorten@end@additional=\dimen193
\pgf@shorten@start@additional=\dimen194
)
("C:\Users\Dio and Nono\AppData\Local\Programs\MiKTeX\tex/generic/pgf/basiclaye
r\pgfcorescopes.code.tex"
File: pgfcorescopes.code.tex 2020/12/27 v3.1.8b (3.1.8b)
\pgfpic=\box58
\pgf@hbox=\box59
\pgf@layerbox@main=\box60
\pgf@picture@serial@count=\count280
)
("C:\Users\Dio and Nono\AppData\Local\Programs\MiKTeX\tex/generic/pgf/basiclaye
r\pgfcoregraphicstate.code.tex"
File: pgfcoregraphicstate.code.tex 2020/12/27 v3.1.8b (3.1.8b)
\pgflinewidth=\dimen195
)
("C:\Users\Dio and Nono\AppData\Local\Programs\MiKTeX\tex/generic/pgf/basiclaye
r\pgfcoretransformations.code.tex"
File: pgfcoretransformations.code.tex 2020/12/27 v3.1.8b (3.1.8b)
\pgf@pt@x=\dimen196
\pgf@pt@y=\dimen197
\pgf@pt@temp=\dimen198
)
("C:\Users\Dio and Nono\AppData\Local\Programs\MiKTeX\tex/generic/pgf/basiclaye
r\pgfcorequick.code.tex"
File: pgfcorequick.code.tex 2020/12/27 v3.1.8b (3.1.8b)
)
("C:\Users\Dio and Nono\AppData\Local\Programs\MiKTeX\tex/generic/pgf/basiclaye
r\pgfcoreobjects.code.tex"
File: pgfcoreobjects.code.tex 2020/12/27 v3.1.8b (3.1.8b)
)
("C:\Users\Dio and Nono\AppData\Local\Programs\MiKTeX\tex/generic/pgf/basiclaye
r\pgfcorepathprocessing.code.tex"
File: pgfcorepathprocessing.code.tex 2020/12/27 v3.1.8b (3.1.8b)
)
("C:\Users\Dio and Nono\AppData\Local\Programs\MiKTeX\tex/generic/pgf/basiclaye
r\pgfcorearrows.code.tex"
File: pgfcorearrows.code.tex 2020/12/27 v3.1.8b (3.1.8b)
\pgfarrowsep=\dimen199
)
("C:\Users\Dio and Nono\AppData\Local\Programs\MiKTeX\tex/generic/pgf/basiclaye
r\pgfcoreshade.code.tex"
File: pgfcoreshade.code.tex 2020/12/27 v3.1.8b (3.1.8b)
\pgf@max=\dimen256
\pgf@sys@shading@range@num=\count281
\pgf@shadingcount=\count282
)
("C:\Users\Dio and Nono\AppData\Local\Programs\MiKTeX\tex/generic/pgf/basiclaye
r\pgfcoreimage.code.tex"
File: pgfcoreimage.code.tex 2020/12/27 v3.1.8b (3.1.8b)

("C:\Users\Dio and Nono\AppData\Local\Programs\MiKTeX\tex/generic/pgf/basiclaye
r\pgfcoreexternal.code.tex"
File: pgfcoreexternal.code.tex 2020/12/27 v3.1.8b (3.1.8b)
\pgfexternal@startupbox=\box61
))
("C:\Users\Dio and Nono\AppData\Local\Programs\MiKTeX\tex/generic/pgf/basiclaye
r\pgfcorelayers.code.tex"
File: pgfcorelayers.code.tex 2020/12/27 v3.1.8b (3.1.8b)
)
("C:\Users\Dio and Nono\AppData\Local\Programs\MiKTeX\tex/generic/pgf/basiclaye
r\pgfcoretransparency.code.tex"
File: pgfcoretransparency.code.tex 2020/12/27 v3.1.8b (3.1.8b)
)
("C:\Users\Dio and Nono\AppData\Local\Programs\MiKTeX\tex/generic/pgf/basiclaye
r\pgfcorepatterns.code.tex"
File: pgfcorepatterns.code.tex 2020/12/27 v3.1.8b (3.1.8b)
)
("C:\Users\Dio and Nono\AppData\Local\Programs\MiKTeX\tex/generic/pgf/basiclaye
r\pgfcorerdf.code.tex"
File: pgfcorerdf.code.tex 2020/12/27 v3.1.8b (3.1.8b)
)))
("C:\Users\Dio and Nono\AppData\Local\Programs\MiKTeX\tex/latex/pgf/utilities\x
xcolor.sty"
Package: xxcolor 2003/10/24 ver 0.1
\XC@nummixins=\count283
\XC@countmixins=\count284
)
("C:\Users\Dio and Nono\AppData\Local\Programs\MiKTeX\tex/latex/base\atbegshi-l
tx.sty"
Package: atbegshi-ltx 2020/08/17 v1.0a Emulation of the original atbegshi packa
ge
with kernel methods
)
("C:\Users\Dio and Nono\AppData\Local\Programs\MiKTeX\tex/latex/hyperref\hyperr
ef.sty"
Package: hyperref 2020-05-15 v7.00e Hypertext links for LaTeX
 ("C:\Program Files\MiKTeX\tex/generic/ltxcmds\ltxcmds.sty"
Package: ltxcmds 2020-05-10 v1.25 LaTeX kernel commands for general use (HO)
)
("C:\Users\Dio and Nono\AppData\Local\Programs\MiKTeX\tex/generic/pdftexcmds\pd
ftexcmds.sty"
Package: pdftexcmds 2020-06-27 v0.33 Utility functions of pdfTeX for LuaTeX (HO
)
 ("C:\Program Files\MiKTeX\tex/generic/infwarerr\infwarerr.sty"
Package: infwarerr 2019/12/03 v1.5 Providing info/warning/error messages (HO)
)
Package pdftexcmds Info: \pdf@primitive is available.
Package pdftexcmds Info: \pdf@ifprimitive is available.
Package pdftexcmds Info: \pdfdraftmode found.
)
("C:\Program Files\MiKTeX\tex/generic/kvsetkeys\kvsetkeys.sty"
Package: kvsetkeys 2019/12/15 v1.18 Key value parser (HO)
)
("C:\Program Files\MiKTeX\tex/generic/kvdefinekeys\kvdefinekeys.sty"
Package: kvdefinekeys 2019-12-19 v1.6 Define keys (HO)
)
("C:\Program Files\MiKTeX\tex/generic/pdfescape\pdfescape.sty"
Package: pdfescape 2019/12/09 v1.15 Implements pdfTeX's escape features (HO)
)
("C:\Program Files\MiKTeX\tex/latex/hycolor\hycolor.sty"
Package: hycolor 2020-01-27 v1.10 Color options for hyperref/bookmark (HO)
)
("C:\Program Files\MiKTeX\tex/latex/letltxmacro\letltxmacro.sty"
Package: letltxmacro 2019/12/03 v1.6 Let assignment for LaTeX macros (HO)
)
("C:\Program Files\MiKTeX\tex/latex/auxhook\auxhook.sty"
Package: auxhook 2019-12-17 v1.6 Hooks for auxiliary files (HO)
)
("C:\Program Files\MiKTeX\tex/latex/kvoptions\kvoptions.sty"
Package: kvoptions 2020-10-07 v3.14 Key value format for package options (HO)
)
\@linkdim=\dimen257
\Hy@linkcounter=\count285
\Hy@pagecounter=\count286

("C:\Users\Dio and Nono\AppData\Local\Programs\MiKTeX\tex/latex/hyperref\pd1enc
.def"
File: pd1enc.def 2020-05-15 v7.00e Hyperref: PDFDocEncoding definition (HO)
Now handling font encoding PD1 ...
... no UTF-8 mapping file for font encoding PD1
) ("C:\Program Files\MiKTeX\tex/generic/intcalc\intcalc.sty"
Package: intcalc 2019/12/15 v1.3 Expandable calculations with integers (HO)
)
("C:\Program Files\MiKTeX\tex/generic/etexcmds\etexcmds.sty"
Package: etexcmds 2019/12/15 v1.7 Avoid name clashes with e-TeX commands (HO)
)
\Hy@SavedSpaceFactor=\count287
Package hyperref Info: Option `bookmarks' set `true' on input line 4338.
Package hyperref Info: Option `bookmarksopen' set `true' on input line 4338.
Package hyperref Info: Option `implicit' set `false' on input line 4338.
Package hyperref Info: Hyper figures OFF on input line 4464.
Package hyperref Info: Link nesting OFF on input line 4469.
Package hyperref Info: Hyper index ON on input line 4472.
Package hyperref Info: Plain pages OFF on input line 4479.
Package hyperref Info: Backreferencing OFF on input line 4484.
Package hyperref Info: Implicit mode OFF; no redefinition of LaTeX internals.
Package hyperref Info: Bookmarks ON on input line 4717.
\c@Hy@tempcnt=\count288

("C:\Users\Dio and Nono\AppData\Local\Programs\MiKTeX\tex/latex/url\url.sty"
\Urlmuskip=\muskip16
Package: url 2013/09/16  ver 3.4  Verb mode for urls, etc.
)
LaTeX Info: Redefining \url on input line 5076.
\XeTeXLinkMargin=\dimen258

("C:\Program Files\MiKTeX\tex/generic/bitset\bitset.sty"
Package: bitset 2019/12/09 v1.3 Handle bit-vector datatype (HO)

("C:\Program Files\MiKTeX\tex/generic/bigintcalc\bigintcalc.sty"
Package: bigintcalc 2019/12/15 v1.5 Expandable calculations on big integers (HO
)
))
\Fld@menulength=\count289
\Field@Width=\dimen259
\Fld@charsize=\dimen260
Package hyperref Info: Hyper figures OFF on input line 6347.
Package hyperref Info: Link nesting OFF on input line 6352.
Package hyperref Info: Hyper index ON on input line 6355.
Package hyperref Info: backreferencing OFF on input line 6362.
Package hyperref Info: Link coloring OFF on input line 6367.
Package hyperref Info: Link coloring with OCG OFF on input line 6372.
Package hyperref Info: PDF/A mode OFF on input line 6377.
LaTeX Info: Redefining \ref on input line 6417.
LaTeX Info: Redefining \pageref on input line 6421.
\Hy@abspage=\count290


Package hyperref Message: Stopped early.

)
Package hyperref Info: Driver (autodetected): hpdftex.

("C:\Users\Dio and Nono\AppData\Local\Programs\MiKTeX\tex/latex/hyperref\hpdfte
x.def"
File: hpdftex.def 2020-05-15 v7.00e Hyperref driver for pdfTeX

("C:\Users\Dio and Nono\AppData\Local\Programs\MiKTeX\tex/latex/base\atveryend-
ltx.sty"
Package: atveryend-ltx 2020/08/19 v1.0a Emulation of the original atvery packag
e
with kernel methods
)
\Fld@listcount=\count291
\c@bookmark@seq@number=\count292
 ("C:\Program Files\MiKTeX\tex/latex/rerunfilecheck\rerunfilecheck.sty"
Package: rerunfilecheck 2019/12/05 v1.9 Rerun checks for auxiliary files (HO)
 ("C:\Program Files\MiKTeX\tex/generic/uniquecounter\uniquecounter.sty"
Package: uniquecounter 2019/12/15 v1.4 Provide unlimited unique counter (HO)
)
Package uniquecounter Info: New unique counter `rerunfilecheck' on input line 2
86.
))
("C:\Users\Dio and Nono\AppData\Local\Programs\MiKTeX\tex/latex/beamer\beamerba
serequires.sty"
("C:\Users\Dio and Nono\AppData\Local\Programs\MiKTeX\tex/latex/beamer\beamerba
secompatibility.sty")
("C:\Users\Dio and Nono\AppData\Local\Programs\MiKTeX\tex/latex/beamer\beamerba
sefont.sty"
("C:\Users\Dio and Nono\AppData\Local\Programs\MiKTeX\tex/latex/amsfonts\amssym
b.sty"
Package: amssymb 2013/01/14 v3.01 AMS font symbols

("C:\Users\Dio and Nono\AppData\Local\Programs\MiKTeX\tex/latex/amsfonts\amsfon
ts.sty"
Package: amsfonts 2013/01/14 v3.01 Basic AMSFonts support
\@emptytoks=\toks27
\symAMSa=\mathgroup4
\symAMSb=\mathgroup5
LaTeX Font Info:    Redeclaring math symbol \hbar on input line 98.
LaTeX Font Info:    Overwriting math alphabet `\mathfrak' in version `bold'
(Font)                  U/euf/m/n --> U/euf/b/n on input line 106.
))
("C:\Users\Dio and Nono\AppData\Local\Programs\MiKTeX\tex/latex/sansmathaccent\
sansmathaccent.sty"
Package: sansmathaccent 2020/01/31

("C:\Users\Dio and Nono\AppData\Local\Programs\MiKTeX\tex/latex/koma-script\scr
lfile.sty"
Package: scrlfile 2020/09/21 v3.32 KOMA-Script package (file load hooks)

("C:\Users\Dio and Nono\AppData\Local\Programs\MiKTeX\tex/latex/koma-script\scr
lfile-hook.sty"
Package: scrlfile-hook 2020/09/21 v3.32 KOMA-Script package (using LaTeX hooks)


LaTeX3 Info: Defining command \BeforeFile with sig. 'm' on line 61.


LaTeX3 Info: Defining command \AfterFile with sig. 'm' on line 65.


LaTeX3 Info: Defining command \BeforeClass with sig. 'm' on line 69.


LaTeX3 Info: Defining command \BeforePackage with sig. 'm' on line 73.


LaTeX3 Info: Defining command \AfterAtEndOfClass with sig. 'smo+m' on line 83.


LaTeX3 Info: Defining command \AfterAtEndOfPackage with sig. 'smo+m' on line
(LaTeX3)     93.


LaTeX3 Info: Defining command \scrlfile@AfterClass with sig. 'smo+m' on line
(LaTeX3)     173.


LaTeX3 Info: Defining command \AfterClass with sig. '' on line 174.


LaTeX3 Info: Defining command \scrlfile@AfterPackage with sig. 'smo+m' on line
(LaTeX3)     191.


LaTeX3 Info: Defining command \AfterPackage with sig. '' on line 192.


LaTeX3 Info: Defining command \ReplaceInput with sig. '' on line 193.


LaTeX3 Info: Defining command \ReplaceClass with sig. 'mm' on line 196.


LaTeX3 Info: Defining command \ReplacePackage with sig. 'mm' on line 199.


LaTeX3 Info: Defining command \UnReplaceInput with sig. '' on line 200.


LaTeX3 Info: Defining command \UnReplaceClass with sig. 'm' on line 203.


LaTeX3 Info: Defining command \UnReplacePackage with sig. 'mm' on line 206.


LaTeX3 Info: Defining command \PreventPackageFromLoading with sig. 's+om' on
(LaTeX3)     line 234.


LaTeX3 Info: Defining command \StorePreventPackageFromLoading with sig. 'm' on
(LaTeX3)     line 242.


LaTeX3 Info: Defining command \ResetPreventPackageFromLoading with sig. '' on
(LaTeX3)     line 247.


LaTeX3 Info: Defining command \UnPreventPackageFromLoading with sig. 'sm' on
(LaTeX3)     line 261.


LaTeX3 Info: Defining command \BeforeClosingMainAux with sig. 'om' on line
(LaTeX3)     274.


LaTeX3 Info: Defining command \AfterReadingMainAux with sig. 'om' on line 287.


LaTeX3 Info: Defining command \protected@immediate@write with sig. 'm+m+m' on
(LaTeX3)     line 298.


("C:\Users\Dio and Nono\AppData\Local\Programs\MiKTeX\tex/latex/koma-script\scr
logo.sty"
Package: scrlogo 2020/09/21 v3.32 KOMA-Script package (logo)
)))))
("C:\Users\Dio and Nono\AppData\Local\Programs\MiKTeX\tex/latex/beamer\beamerba
setranslator.sty"
("C:\Users\Dio and Nono\AppData\Local\Programs\MiKTeX\tex/latex/translator\tran
slator.sty"
Package: translator 2020-08-03 v1.12c Easy translation of strings in LaTeX
))
("C:\Users\Dio and Nono\AppData\Local\Programs\MiKTeX\tex/latex/beamer\beamerba
semisc.sty")
("C:\Users\Dio and Nono\AppData\Local\Programs\MiKTeX\tex/latex/beamer\beamerba
setwoscreens.sty")
("C:\Users\Dio and Nono\AppData\Local\Programs\MiKTeX\tex/latex/beamer\beamerba
seoverlay.sty"
\beamer@argscount=\count293
\beamer@lastskipcover=\skip51
\beamer@trivlistdepth=\count294
)
("C:\Users\Dio and Nono\AppData\Local\Programs\MiKTeX\tex/latex/beamer\beamerba
setitle.sty")
("C:\Users\Dio and Nono\AppData\Local\Programs\MiKTeX\tex/latex/beamer\beamerba
sesection.sty"
\c@lecture=\count295
\c@part=\count296
\c@section=\count297
\c@subsection=\count298
\c@subsubsection=\count299
)
("C:\Users\Dio and Nono\AppData\Local\Programs\MiKTeX\tex/latex/beamer\beamerba
seframe.sty"
\beamer@framebox=\box62
\beamer@frametitlebox=\box63
\beamer@zoombox=\box64
\beamer@zoomcount=\count300
\beamer@zoomframecount=\count301
\beamer@frametextheight=\dimen261
\c@subsectionslide=\count302
\beamer@frametopskip=\skip52
\beamer@framebottomskip=\skip53
\beamer@frametopskipautobreak=\skip54
\beamer@framebottomskipautobreak=\skip55
\beamer@envbody=\toks28
\framewidth=\dimen262
\c@framenumber=\count303
)
("C:\Users\Dio and Nono\AppData\Local\Programs\MiKTeX\tex/latex/beamer\beamerba
severbatim.sty"
\beamer@verbatimfileout=\write4
)
("C:\Users\Dio and Nono\AppData\Local\Programs\MiKTeX\tex/latex/beamer\beamerba
seframesize.sty"
\beamer@splitbox=\box65
\beamer@autobreakcount=\count304
\beamer@autobreaklastheight=\dimen263
\beamer@frametitletoks=\toks29
\beamer@framesubtitletoks=\toks30
)
("C:\Users\Dio and Nono\AppData\Local\Programs\MiKTeX\tex/latex/beamer\beamerba
seframecomponents.sty"
\beamer@footins=\box66
)
("C:\Users\Dio and Nono\AppData\Local\Programs\MiKTeX\tex/latex/beamer\beamerba
secolor.sty")
("C:\Users\Dio and Nono\AppData\Local\Programs\MiKTeX\tex/latex/beamer\beamerba
senotes.sty"
\beamer@frameboxcopy=\box67
)
("C:\Users\Dio and Nono\AppData\Local\Programs\MiKTeX\tex/latex/beamer\beamerba
setoc.sty")
("C:\Users\Dio and Nono\AppData\Local\Programs\MiKTeX\tex/latex/beamer\beamerba
setemplates.sty"
\beamer@sbttoks=\toks31

("C:\Users\Dio and Nono\AppData\Local\Programs\MiKTeX\tex/latex/beamer\beamerba
seauxtemplates.sty"
("C:\Users\Dio and Nono\AppData\Local\Programs\MiKTeX\tex/latex/beamer\beamerba
seboxes.sty"
\bmb@box=\box68
\bmb@colorbox=\box69
\bmb@boxwidth=\dimen264
\bmb@boxheight=\dimen265
\bmb@prevheight=\dimen266
\bmb@temp=\dimen267
\bmb@dima=\dimen268
\bmb@dimb=\dimen269
\bmb@prevheight=\dimen270
)
\beamer@blockheadheight=\dimen271
))
("C:\Users\Dio and Nono\AppData\Local\Programs\MiKTeX\tex/latex/beamer\beamerba
selocalstructure.sty"
("C:\Users\Dio and Nono\AppData\Local\Programs\MiKTeX\tex/latex/latex-tools\enu
merate.sty"
Package: enumerate 2015/07/23 v3.00 enumerate extensions (DPC)
\@enLab=\toks32
)
\beamer@bibiconwidth=\skip56
\c@figure=\count305
\c@table=\count306
\abovecaptionskip=\skip57
\belowcaptionskip=\skip58
)
("C:\Users\Dio and Nono\AppData\Local\Programs\MiKTeX\tex/latex/beamer\beamerba
senavigation.sty"
\beamer@section@min@dim=\dimen272
)
("C:\Users\Dio and Nono\AppData\Local\Programs\MiKTeX\tex/latex/beamer\beamerba
setheorems.sty"
("C:\Users\Dio and Nono\AppData\Local\Programs\MiKTeX\tex/latex/amsmath\amsmath
.sty"
Package: amsmath 2020/09/23 v2.17i AMS math features
\@mathmargin=\skip59

For additional information on amsmath, use the `?' option.

("C:\Users\Dio and Nono\AppData\Local\Programs\MiKTeX\tex/latex/amsmath\amstext
.sty"
Package: amstext 2000/06/29 v2.01 AMS text

("C:\Users\Dio and Nono\AppData\Local\Programs\MiKTeX\tex/latex/amsmath\amsgen.
sty"
File: amsgen.sty 1999/11/30 v2.0 generic functions
\@emptytoks=\toks33
\ex@=\dimen273
))
("C:\Users\Dio and Nono\AppData\Local\Programs\MiKTeX\tex/latex/amsmath\amsbsy.
sty"
Package: amsbsy 1999/11/29 v1.2d Bold Symbols
\pmbraise@=\dimen274
)
("C:\Users\Dio and Nono\AppData\Local\Programs\MiKTeX\tex/latex/amsmath\amsopn.
sty"
Package: amsopn 2016/03/08 v2.02 operator names
)
\inf@bad=\count307
LaTeX Info: Redefining \frac on input line 234.
\uproot@=\count308
\leftroot@=\count309
LaTeX Info: Redefining \overline on input line 399.
\classnum@=\count310
\DOTSCASE@=\count311
LaTeX Info: Redefining \ldots on input line 496.
LaTeX Info: Redefining \dots on input line 499.
LaTeX Info: Redefining \cdots on input line 620.
\Mathstrutbox@=\box70
\strutbox@=\box71
\big@size=\dimen275
LaTeX Font Info:    Redeclaring font encoding OML on input line 743.
LaTeX Font Info:    Redeclaring font encoding OMS on input line 744.
\macc@depth=\count312
\c@MaxMatrixCols=\count313
\dotsspace@=\muskip17
\c@parentequation=\count314
\dspbrk@lvl=\count315
\tag@help=\toks34
\row@=\count316
\column@=\count317
\maxfields@=\count318
\andhelp@=\toks35
\eqnshift@=\dimen276
\alignsep@=\dimen277
\tagshift@=\dimen278
\tagwidth@=\dimen279
\totwidth@=\dimen280
\lineht@=\dimen281
\@envbody=\toks36
\multlinegap=\skip60
\multlinetaggap=\skip61
\mathdisplay@stack=\toks37
LaTeX Info: Redefining \[ on input line 2923.
LaTeX Info: Redefining \] on input line 2924.
)
("C:\Users\Dio and Nono\AppData\Local\Programs\MiKTeX\tex/latex/amscls\amsthm.s
ty"
Package: amsthm 2020/05/29 v2.20.6
\thm@style=\toks38
\thm@bodyfont=\toks39
\thm@headfont=\toks40
\thm@notefont=\toks41
\thm@headpunct=\toks42
\thm@preskip=\skip62
\thm@postskip=\skip63
\thm@headsep=\skip64
\dth@everypar=\toks43
)
\c@theorem=\count319
)
("C:\Users\Dio and Nono\AppData\Local\Programs\MiKTeX\tex/latex/beamer\beamerba
sethemes.sty"))
("C:\Users\Dio and Nono\AppData\Local\Programs\MiKTeX\tex/latex/beamer\beamerth
emedefault.sty"
("C:\Users\Dio and Nono\AppData\Local\Programs\MiKTeX\tex/latex/beamer\beamerfo
ntthemedefault.sty")
("C:\Users\Dio and Nono\AppData\Local\Programs\MiKTeX\tex/latex/beamer\beamerco
lorthemedefault.sty")
("C:\Users\Dio and Nono\AppData\Local\Programs\MiKTeX\tex/latex/beamer\beamerin
nerthemedefault.sty"
\beamer@dima=\dimen282
\beamer@dimb=\dimen283
)
("C:\Users\Dio and Nono\AppData\Local\Programs\MiKTeX\tex/latex/beamer\beamerou
terthemedefault.sty"))) ("C:\Program Files\MiKTeX\tex/latex/framed\framed.sty"
Package: framed 2011/10/22 v 0.96: framed or shaded text with page breaks
\OuterFrameSep=\skip65
\fb@frw=\dimen284
\fb@frh=\dimen285
\FrameRule=\dimen286
\FrameSep=\dimen287
)
("C:\Users\Dio and Nono\AppData\Local\Programs\MiKTeX\tex/latex/tcolorbox\tcolo
rbox.sty"
Package: tcolorbox 2020/10/09 version 4.42 text color boxes

("C:\Users\Dio and Nono\AppData\Local\Programs\MiKTeX\tex/latex/pgf/basiclayer\
pgf.sty"
Package: pgf 2020/12/27 v3.1.8b (3.1.8b)

("C:\Users\Dio and Nono\AppData\Local\Programs\MiKTeX\tex/generic/pgf/modules\p
gfmoduleshapes.code.tex"
File: pgfmoduleshapes.code.tex 2020/12/27 v3.1.8b (3.1.8b)
\pgfnodeparttextbox=\box72
)
("C:\Users\Dio and Nono\AppData\Local\Programs\MiKTeX\tex/generic/pgf/modules\p
gfmoduleplot.code.tex"
File: pgfmoduleplot.code.tex 2020/12/27 v3.1.8b (3.1.8b)
)
("C:\Users\Dio and Nono\AppData\Local\Programs\MiKTeX\tex/latex/pgf/compatibili
ty\pgfcomp-version-0-65.sty"
Package: pgfcomp-version-0-65 2020/12/27 v3.1.8b (3.1.8b)
\pgf@nodesepstart=\dimen288
\pgf@nodesepend=\dimen289
)
("C:\Users\Dio and Nono\AppData\Local\Programs\MiKTeX\tex/latex/pgf/compatibili
ty\pgfcomp-version-1-18.sty"
Package: pgfcomp-version-1-18 2020/12/27 v3.1.8b (3.1.8b)
))
("C:\Users\Dio and Nono\AppData\Local\Programs\MiKTeX\tex/latex/latex-tools\ver
batim.sty"
Package: verbatim 2020-07-07 v1.5u LaTeX2e package for verbatim enhancements
\every@verbatim=\toks44
\verbatim@line=\toks45
\verbatim@in@stream=\read3
)
("C:\Users\Dio and Nono\AppData\Local\Programs\MiKTeX\tex/latex/environ\environ
.sty"
Package: environ 2014/05/04 v0.3 A new way to define environments

("C:\Users\Dio and Nono\AppData\Local\Programs\MiKTeX\tex/latex/trimspaces\trim
spaces.sty"
Package: trimspaces 2009/09/17 v1.1 Trim spaces around a token list
))
\tcb@titlebox=\box73
\tcb@upperbox=\box74
\tcb@lowerbox=\box75
\tcb@phantombox=\box76
\c@tcbbreakpart=\count320
\c@tcblayer=\count321
\c@tcolorbox@number=\count322
\tcb@temp=\box77
\tcb@temp=\box78
\tcb@temp=\box79
\tcb@temp=\box80
\tcb@out=\write5
\tcb@record@out=\write6
)
("C:\Users\Dio and Nono\AppData\Local\Programs\MiKTeX\tex/latex/beamer\xmpmulti
.sty"
\@mpm@count=\count323
)
("C:\Users\Dio and Nono\AppData\Local\Programs\MiKTeX\tex/latex/textpos\textpos
.sty"
Package: textpos 2020/09/26 v1.10

Package: textpos 2020/09/26 1.10, absolute positioning of text on the page
Package textpos Info: choosing support for LaTeX3 on input line 61.
\TP@textbox=\box81
\TPHorizModule=\dimen290
\TPVertModule=\dimen291
\TP@margin=\dimen292
\TP@absmargin=\dimen293
Grid set 16 x 16 = 28.45274pt x 16.00467pt
\TPboxrulesize=\dimen294
\TP@tbargs=\toks46
)
("C:\Users\Dio and Nono\AppData\Local\Programs\MiKTeX\tex/latex/comment\comment
.sty"
\CommentStream=\write7
 Excluding comment 'comment')
("C:\Users\Dio and Nono\AppData\Local\Programs\MiKTeX\tex/latex/eurosym\eurosym
.sty"
Package: eurosym 1998/08/06 v1.1 European currency symbol ``Euro''
\@eurobox=\box82
)
\sympureletters=\mathgroup6
LaTeX Font Info:    Overwriting symbol font `pureletters' in version `bold'
(Font)                  OT1/mathkerncmss/m/sl --> OT1/mathkerncmss/bx/sl on inp
ut line 11.

("C:\Users\Dio and Nono\AppData\Local\Programs\MiKTeX\tex/latex/latex-tools\bm.
sty"
Package: bm 2019/07/24 v1.2d Bold Symbol Support (DPC/FMi)
\symboldoperators=\mathgroup7
\symboldletters=\mathgroup8
\symboldsymbols=\mathgroup9
\symboldpureletters=\mathgroup10
LaTeX Font Info:    Redeclaring math alphabet \mathbf on input line 141.
LaTeX Info: Redefining \bm on input line 209.
)
("C:\Users\Dio and Nono\AppData\Local\Programs\MiKTeX\tex/latex/latex-tools\tab
ularx.sty"
Package: tabularx 2020/01/15 v2.11c `tabularx' package (DPC)

("C:\Users\Dio and Nono\AppData\Local\Programs\MiKTeX\tex/latex/latex-tools\arr
ay.sty"
Package: array 2020/10/01 v2.5c Tabular extension package (FMi)
\col@sep=\dimen295
\ar@mcellbox=\box83
\extrarowheight=\dimen296
\NC@list=\toks47
\extratabsurround=\skip66
\backup@length=\skip67
\ar@cellbox=\box84
)
\TX@col@width=\dimen297
\TX@old@table=\dimen298
\TX@old@col=\dimen299
\TX@target=\dimen300
\TX@delta=\dimen301
\TX@cols=\count324
\TX@ftn=\toks48
)
("C:\Users\Dio and Nono\AppData\Local\Programs\MiKTeX\tex/latex/cancel\cancel.s
ty"
Package: cancel 2013/04/12 v2.2 Cancel math terms
)
("C:\Users\Dio and Nono\AppData\Local\Programs\MiKTeX\tex/latex/graphics\epsfig
.sty"
Package: epsfig 2017/06/25 v1.7b (e)psfig emulation (SPQR)
\epsfxsize=\dimen302
\epsfysize=\dimen303
)
("C:\Users\Dio and Nono\AppData\Local\Programs\MiKTeX\tex/latex/units\nicefrac.
sty"
Package: nicefrac 1998/08/04 v0.9b Nice fractions
\L@UnitsRaiseDisplaystyle=\skip68
\L@UnitsRaiseTextstyle=\skip69
\L@UnitsRaiseScriptstyle=\skip70

("C:\Users\Dio and Nono\AppData\Local\Programs\MiKTeX\tex/latex/base\ifthen.sty
"
Package: ifthen 2014/09/29 v1.1c Standard LaTeX ifthen package (DPC)
))
("C:\Users\Dio and Nono\AppData\Local\Programs\MiKTeX\tex/latex/listings\listin
gs.sty"
\lst@mode=\count325
\lst@gtempboxa=\box85
\lst@token=\toks49
\lst@length=\count326
\lst@currlwidth=\dimen304
\lst@column=\count327
\lst@pos=\count328
\lst@lostspace=\dimen305
\lst@width=\dimen306
\lst@newlines=\count329
\lst@lineno=\count330
\lst@maxwidth=\dimen307

("C:\Users\Dio and Nono\AppData\Local\Programs\MiKTeX\tex/latex/listings\lstmis
c.sty"
File: lstmisc.sty 2020/03/24 1.8d (Carsten Heinz)
\c@lstnumber=\count331
\lst@skipnumbers=\count332
\lst@framebox=\box86
)
("C:\Users\Dio and Nono\AppData\Local\Programs\MiKTeX\tex/latex/listings\listin
gs.cfg"
File: listings.cfg 2020/03/24 1.8d listings configuration
))
Package: listings 2020/03/24 1.8d (Carsten Heinz)

("C:\Users\Dio and Nono\AppData\Local\Programs\MiKTeX\tex/latex/epstopdf-pkg\ep
stopdf.sty"
Package: epstopdf 2020-01-24 v2.11 Conversion with epstopdf on the fly (HO)

("C:\Users\Dio and Nono\AppData\Local\Programs\MiKTeX\tex/latex/grfext\grfext.s
ty"
Package: grfext 2019/12/03 v1.3 Manage graphics extensions (HO)
)
("C:\Users\Dio and Nono\AppData\Local\Programs\MiKTeX\tex/latex/epstopdf-pkg\ep
stopdf-base.sty"
Package: epstopdf-base 2020-01-24 v2.11 Base part for package epstopdf
Package epstopdf-base Info: Redefining graphics rule for `.eps' on input line 4
85.
Package grfext Info: Graphics extension search list:
(grfext)             [.pdf,.png,.jpg,.mps,.jpeg,.jbig2,.jb2,.PDF,.PNG,.JPG,.JPE
G,.JBIG2,.JB2,.eps]
(grfext)             \AppendGraphicsExtensions on input line 504.
))
("C:\Users\Dio and Nono\AppData\Local\Programs\MiKTeX\tex/latex/ulem\ulem.sty"
\UL@box=\box87
\UL@hyphenbox=\box88
\UL@skip=\skip71
\UL@hook=\toks50
\UL@height=\dimen308
\UL@pe=\count333
\UL@pixel=\dimen309
\ULC@box=\box89
Package: ulem 2019/11/18
\ULdepth=\dimen310
) ("C:\Users\Dio and Nono\AppData\Local\Programs\MiKTeX\tex/latex/float\float.s
ty"
Package: float 2001/11/08 v1.3d Float enhancements (AL)
\c@float@type=\count334
\float@exts=\toks51
\float@box=\box90
\@float@everytoks=\toks52
\@floatcapt=\box91
)
("C:\Users\Dio and Nono\AppData\Local\Programs\MiKTeX\tex/latex/placeins\placei
ns.sty"
Package: placeins 2005/04/18  v 2.2
)
("C:\Users\Dio and Nono\AppData\Local\Programs\MiKTeX\tex/latex/psnfss\pifont.s
ty"
Package: pifont 2020/03/25 PSNFSS-v9.3 Pi font support (SPQR) 
LaTeX Font Info:    Trying to load font information for U+pzd on input line 63.


("C:\Users\Dio and Nono\AppData\Local\Programs\MiKTeX\tex/latex/psnfss\upzd.fd"
File: upzd.fd 2001/06/04 font definitions for U/pzd.
)
LaTeX Font Info:    Trying to load font information for U+psy on input line 64.

 ("C:\Users\Dio and Nono\AppData\Local\Programs\MiKTeX\tex/latex/psnfss\upsy.fd
"
File: upsy.fd 2001/06/04 font definitions for U/psy.
))
("C:\Users\Dio and Nono\AppData\Local\Programs\MiKTeX\tex/latex/mathtools\matht
ools.sty"
Package: mathtools 2020/03/24 v1.24 mathematical typesetting tools

("C:\Users\Dio and Nono\AppData\Local\Programs\MiKTeX\tex/latex/latex-tools\cal
c.sty"
Package: calc 2017/05/25 v4.3 Infix arithmetic (KKT,FJ)
\calc@Acount=\count335
\calc@Bcount=\count336
\calc@Adimen=\dimen311
\calc@Bdimen=\dimen312
\calc@Askip=\skip72
\calc@Bskip=\skip73
LaTeX Info: Redefining \setlength on input line 80.
LaTeX Info: Redefining \addtolength on input line 81.
\calc@Ccount=\count337
\calc@Cskip=\skip74
)
("C:\Users\Dio and Nono\AppData\Local\Programs\MiKTeX\tex/latex/mathtools\mhset
up.sty"
Package: mhsetup 2017/03/31 v1.3 programming setup (MH)
)
LaTeX Info: Thecontrolsequence`\('isalreadyrobust on input line 130.
LaTeX Info: Thecontrolsequence`\)'isalreadyrobust on input line 130.
LaTeX Info: Thecontrolsequence`\['isalreadyrobust on input line 130.
LaTeX Info: Thecontrolsequence`\]'isalreadyrobust on input line 130.
\g_MT_multlinerow_int=\count338
\l_MT_multwidth_dim=\dimen313
\origjot=\skip75
\l_MT_shortvdotswithinadjustabove_dim=\dimen314
\l_MT_shortvdotswithinadjustbelow_dim=\dimen315
\l_MT_above_intertext_sep=\dimen316
\l_MT_below_intertext_sep=\dimen317
\l_MT_above_shortintertext_sep=\dimen318
\l_MT_below_shortintertext_sep=\dimen319
\xmathstrut@box=\box92
\xmathstrut@dim=\dimen320
)
("C:\Users\Dio and Nono\AppData\Local\Programs\MiKTeX\tex/latex/subfigure\subfi
gure.sty"
Package: subfigure 2002/07/30 v2.1.4 subfigure package
\subfigtopskip=\skip76
\subfigcapskip=\skip77
\subfigcaptopadj=\dimen321
\subfigbottomskip=\skip78
\subfigcapmargin=\dimen322
\subfiglabelskip=\skip79
\c@subfigure=\count339
\c@lofdepth=\count340
\c@subtable=\count341
\c@lotdepth=\count342

****************************************
* Local config file subfigure.cfg used *
****************************************

("C:\Users\Dio and Nono\AppData\Local\Programs\MiKTeX\tex/latex/subfigure\subfi
gure.cfg")
\subfig@top=\skip80
\subfig@bottom=\skip81
)
("C:\Users\Dio and Nono\AppData\Local\Programs\MiKTeX\tex/latex/multirow\multir
ow.sty"
Package: multirow 2021/01/29 v2.7 Span multiple rows of a table
\multirow@colwidth=\skip82
\multirow@cntb=\count343
\multirow@dima=\skip83
\bigstrutjot=\dimen323
)
("C:\Users\Dio and Nono\AppData\Local\Programs\MiKTeX\tex/latex/graphics\rotati
ng.sty"
Package: rotating 2016/08/11 v2.16d rotated objects in LaTeX
\c@r@tfl@t=\count344
\rotFPtop=\skip84
\rotFPbot=\skip85
\rot@float@box=\box93
\rot@mess@toks=\toks53
)
("C:\Users\Dio and Nono\AppData\Local\Programs\MiKTeX\tex/latex/latex-tools\lon
gtable.sty"
Package: longtable 2020/01/07 v4.13 Multi-page Table package (DPC)
\LTleft=\skip86
\LTright=\skip87
\LTpre=\skip88
\LTpost=\skip89
\LTchunksize=\count345
\LTcapwidth=\dimen324
\LT@head=\box94
\LT@firsthead=\box95
\LT@foot=\box96
\LT@lastfoot=\box97
\LT@cols=\count346
\LT@rows=\count347
\c@LT@tables=\count348
\c@LT@chunks=\count349
\LT@p@ftn=\toks54
)
("C:\Users\Dio and Nono\AppData\Local\Programs\MiKTeX\tex/latex/breakurl\breaku
rl.sty"
Package: breakurl 2013/04/10 v1.40 Breakable hyperref URLs

("C:\Users\Dio and Nono\AppData\Local\Programs\MiKTeX\tex/latex/xkeyval\xkeyval
.sty"
Package: xkeyval 2020/11/20 v2.8 package option processing (HA)

("C:\Users\Dio and Nono\AppData\Local\Programs\MiKTeX\tex/generic/xkeyval\xkeyv
al.tex"
("C:\Users\Dio and Nono\AppData\Local\Programs\MiKTeX\tex/generic/xkeyval\xkvut
ils.tex"
\XKV@toks=\toks55
\XKV@tempa@toks=\toks56
)
\XKV@depth=\count350
File: xkeyval.tex 2014/12/03 v2.7a key=value parser (HA)
))

Package breakurl Warning: You are using breakurl while processing via pdflatex.

(breakurl)                \burl will be just a synonym of \url.
(breakurl)                 on input line 48.

)
("C:\Users\Dio and Nono\AppData\Local\Programs\MiKTeX\tex/latex/epigraph\epigra
ph.sty"
Package: epigraph 2020/01/02 v1.5e typesetting epigraphs

("C:\Users\Dio and Nono\AppData\Local\Programs\MiKTeX\tex/latex/nextpage\nextpa
ge.sty"
Package: nextpage 2009/09/03 v1.1a additional page commands
)
\beforeepigraphskip=\skip90
\afterepigraphskip=\skip91
\epigraphwidth=\skip92
\epigraphrule=\skip93
)
("C:\Users\Dio and Nono\AppData\Local\Programs\MiKTeX\tex/latex/latex-tools\xsp
ace.sty"
Package: xspace 2014/10/28 v1.13 Space after command names (DPC,MH)
)
("C:\Users\Dio and Nono\AppData\Local\Programs\MiKTeX\tex/latex/footmisc\footmi
sc.sty"
Package: footmisc 2011/06/06 v5.5b a miscellany of footnote facilities
\FN@temptoken=\toks57
\footnotemargin=\dimen325
\c@pp@next@reset=\count351
Package footmisc Info: Declaring symbol style bringhurst on input line 855.
Package footmisc Info: Declaring symbol style chicago on input line 863.
Package footmisc Info: Declaring symbol style wiley on input line 872.
Package footmisc Info: Declaring symbol style lamport-robust on input line 883.

Package footmisc Info: Declaring symbol style lamport* on input line 903.
Package footmisc Info: Declaring symbol style lamport*-robust on input line 924
.
)
("C:\Users\Dio and Nono\AppData\Local\Programs\MiKTeX\tex/latex/setspace\setspa
ce.sty"
Package: setspace 2011/12/19 v6.7a set line spacing
)
("C:\Users\Dio and Nono\AppData\Local\Programs\MiKTeX\tex/latex/caption\caption
.sty"
Package: caption 2020/10/26 v3.5g Customizing captions (AR)

("C:\Users\Dio and Nono\AppData\Local\Programs\MiKTeX\tex/latex/caption\caption
3.sty"
Package: caption3 2020/10/21 v2.2e caption3 kernel (AR)
\captionmargin=\dimen326
\captionmargin@=\dimen327
\captionwidth=\dimen328
\caption@tempdima=\dimen329
\caption@indent=\dimen330
\caption@parindent=\dimen331
\caption@hangindent=\dimen332
Package caption Info: beamer document class detected.

("C:\Users\Dio and Nono\AppData\Local\Programs\MiKTeX\tex/latex/caption\caption
-beamer.sto"
File: caption-beamer.sto 2020/08/22 v2.0 Adaption of the caption package to the
 beamer document classes (AR)
))
\c@caption@flags=\count352
\c@continuedfloat=\count353
Package caption Info: float package is loaded.
Package caption Info: hyperref package is loaded.
Package caption Info: Hyperref support is turned off
(caption)             because hyperref has stopped early.
Package caption Info: listings package is loaded.
Package caption Info: longtable package is loaded.

("C:\Users\Dio and Nono\AppData\Local\Programs\MiKTeX\tex/latex/caption\ltcapti
on.sty"
Package: ltcaption 2020/05/30 v1.4b longtable captions (AR)
)
Package caption Info: rotating package is loaded.
Package caption Info: subfigure package is loaded.
)
("C:\Users\Dio and Nono\AppData\Local\Programs\MiKTeX\tex/latex/pdflscape\pdfls
cape.sty"
Package: pdflscape 2019/12/05 v0.12 Display of landscape pages in PDF (HO)

("C:\Users\Dio and Nono\AppData\Local\Programs\MiKTeX\tex/latex/graphics\lscape
.sty"
Package: lscape 2020/05/28 v3.02 Landscape Pages (DPC)
)
Package pdflscape Info: Auto-detected driver: pdftex on input line 81.
)
("C:\Users\Dio and Nono\AppData\Local\Programs\MiKTeX\tex/latex/natbib\natbib.s
ty"
Package: natbib 2010/09/13 8.31b (PWD, AO)
\bibhang=\skip94
\bibsep=\skip95
LaTeX Info: Redefining \cite on input line 694.
\c@NAT@ctr=\count354
)
("C:\Users\Dio and Nono\AppData\Local\Programs\MiKTeX\tex/latex/booktabs\bookta
bs.sty"
Package: booktabs 2020/01/12 v1.61803398 Publication quality tables
\heavyrulewidth=\dimen333
\lightrulewidth=\dimen334
\cmidrulewidth=\dimen335
\belowrulesep=\dimen336
\belowbottomsep=\dimen337
\aboverulesep=\dimen338
\abovetopsep=\dimen339
\cmidrulesep=\dimen340
\cmidrulekern=\dimen341
\defaultaddspace=\dimen342
\@cmidla=\count355
\@cmidlb=\count356
\@aboverulesep=\dimen343
\@belowrulesep=\dimen344
\@thisruleclass=\count357
\@lastruleclass=\count358
\@thisrulewidth=\dimen345
)
("C:\Users\Dio and Nono\AppData\Local\Programs\MiKTeX\tex/latex/latex-tools\dco
lumn.sty"
Package: dcolumn 2014/10/28 v1.06 decimal alignment package (DPC)
)
("C:\Users\Dio and Nono\AppData\Local\Programs\MiKTeX\tex/latex/jknappen\mathrs
fs.sty"
Package: mathrsfs 1996/01/01 Math RSFS package v1.0 (jk)
\symrsfs=\mathgroup11
)
("C:\Users\Dio and Nono\AppData\Local\Programs\MiKTeX\tex/latex/pgf/frontendlay
er\tikz.sty"
("C:\Users\Dio and Nono\AppData\Local\Programs\MiKTeX\tex/latex/pgf/utilities\p
gffor.sty"
("C:\Users\Dio and Nono\AppData\Local\Programs\MiKTeX\tex/latex/pgf/utilities\p
gfkeys.sty"
("C:\Users\Dio and Nono\AppData\Local\Programs\MiKTeX\tex/generic/pgf/utilities
\pgfkeys.code.tex"))
("C:\Users\Dio and Nono\AppData\Local\Programs\MiKTeX\tex/latex/pgf/math\pgfmat
h.sty"
("C:\Users\Dio and Nono\AppData\Local\Programs\MiKTeX\tex/generic/pgf/math\pgfm
ath.code.tex"))
("C:\Users\Dio and Nono\AppData\Local\Programs\MiKTeX\tex/generic/pgf/utilities
\pgffor.code.tex"
Package: pgffor 2020/12/27 v3.1.8b (3.1.8b)

("C:\Users\Dio and Nono\AppData\Local\Programs\MiKTeX\tex/generic/pgf/math\pgfm
ath.code.tex")
\pgffor@iter=\dimen346
\pgffor@skip=\dimen347
\pgffor@stack=\toks58
\pgffor@toks=\toks59
))
("C:\Users\Dio and Nono\AppData\Local\Programs\MiKTeX\tex/generic/pgf/frontendl
ayer/tikz\tikz.code.tex"
Package: tikz 2020/12/27 v3.1.8b (3.1.8b)

("C:\Users\Dio and Nono\AppData\Local\Programs\MiKTeX\tex/generic/pgf/libraries
\pgflibraryplothandlers.code.tex"
File: pgflibraryplothandlers.code.tex 2020/12/27 v3.1.8b (3.1.8b)
\pgf@plot@mark@count=\count359
\pgfplotmarksize=\dimen348
)
\tikz@lastx=\dimen349
\tikz@lasty=\dimen350
\tikz@lastxsaved=\dimen351
\tikz@lastysaved=\dimen352
\tikz@lastmovetox=\dimen353
\tikz@lastmovetoy=\dimen354
\tikzleveldistance=\dimen355
\tikzsiblingdistance=\dimen356
\tikz@figbox=\box98
\tikz@figbox@bg=\box99
\tikz@tempbox=\box100
\tikz@tempbox@bg=\box101
\tikztreelevel=\count360
\tikznumberofchildren=\count361
\tikznumberofcurrentchild=\count362
\tikz@fig@count=\count363

("C:\Users\Dio and Nono\AppData\Local\Programs\MiKTeX\tex/generic/pgf/modules\p
gfmodulematrix.code.tex"
File: pgfmodulematrix.code.tex 2020/12/27 v3.1.8b (3.1.8b)
\pgfmatrixcurrentrow=\count364
\pgfmatrixcurrentcolumn=\count365
\pgf@matrix@numberofcolumns=\count366
)
\tikz@expandcount=\count367

("C:\Users\Dio and Nono\AppData\Local\Programs\MiKTeX\tex/generic/pgf/frontendl
ayer/tikz/libraries\tikzlibrarytopaths.code.tex"
File: tikzlibrarytopaths.code.tex 2020/12/27 v3.1.8b (3.1.8b)
)))
("C:\Users\Dio and Nono\AppData\Local\Programs\MiKTeX\tex/generic/pgf/frontendl
ayer/tikz/libraries\tikzlibrarydecorations.pathreplacing.code.tex"
("C:\Users\Dio and Nono\AppData\Local\Programs\MiKTeX\tex/generic/pgf/frontendl
ayer/tikz/libraries\tikzlibrarydecorations.code.tex"
("C:\Users\Dio and Nono\AppData\Local\Programs\MiKTeX\tex/generic/pgf/modules\p
gfmoduledecorations.code.tex"
\pgfdecoratedcompleteddistance=\dimen357
\pgfdecoratedremainingdistance=\dimen358
\pgfdecoratedinputsegmentcompleteddistance=\dimen359
\pgfdecoratedinputsegmentremainingdistance=\dimen360
\pgf@decorate@distancetomove=\dimen361
\pgf@decorate@repeatstate=\count368
\pgfdecorationsegmentamplitude=\dimen362
\pgfdecorationsegmentlength=\dimen363
)
\tikz@lib@dec@box=\box102
)
("C:\Users\Dio and Nono\AppData\Local\Programs\MiKTeX\tex/generic/pgf/libraries
/decorations\pgflibrarydecorations.pathreplacing.code.tex")){C:/Users/Dio and N
ono/AppData/Local/MiKTeX/pdftex/config/pdftex.map}{C:/Users/Dio and Nono/AppDat
a/Local/Programs/MiKTeX/fonts/map/dvips/sansmathaccent/sansmathaccent.map

pdfTeX warning: pdflatex.exe (file C:/Users/Dio and Nono/AppData/Local/Programs
/MiKTeX/fonts/map/dvips/sansmathaccent/sansmathaccent.map): fontmap entry for `
mathkerncmssi8' already exists, duplicates ignored


pdfTeX warning: pdflatex.exe (file C:/Users/Dio and Nono/AppData/Local/Programs
/MiKTeX/fonts/map/dvips/sansmathaccent/sansmathaccent.map): fontmap entry for `
mathkerncmssi9' already exists, duplicates ignored


pdfTeX warning: pdflatex.exe (file C:/Users/Dio and Nono/AppData/Local/Programs
/MiKTeX/fonts/map/dvips/sansmathaccent/sansmathaccent.map): fontmap entry for `
mathkerncmssi10' already exists, duplicates ignored


pdfTeX warning: pdflatex.exe (file C:/Users/Dio and Nono/AppData/Local/Programs
/MiKTeX/fonts/map/dvips/sansmathaccent/sansmathaccent.map): fontmap entry for `
mathkerncmssi12' already exists, duplicates ignored


pdfTeX warning: pdflatex.exe (file C:/Users/Dio and Nono/AppData/Local/Programs
/MiKTeX/fonts/map/dvips/sansmathaccent/sansmathaccent.map): fontmap entry for `
mathkerncmssi17' already exists, duplicates ignored
}
("C:\Users\Dio and Nono\AppData\Local\Programs\MiKTeX\tex/generic/pgf/frontendl
ayer/tikz/libraries\tikzlibraryshapes.geometric.code.tex"
File: tikzlibraryshapes.geometric.code.tex 2020/12/27 v3.1.8b (3.1.8b)

("C:\Users\Dio and Nono\AppData\Local\Programs\MiKTeX\tex/generic/pgf/libraries
/shapes\pgflibraryshapes.geometric.code.tex"
File: pgflibraryshapes.geometric.code.tex 2020/12/27 v3.1.8b (3.1.8b)
))
("C:\Users\Dio and Nono\AppData\Local\Programs\MiKTeX\tex/generic/pgf/frontendl
ayer/tikz/libraries\tikzlibraryarrows.code.tex"
File: tikzlibraryarrows.code.tex 2020/12/27 v3.1.8b (3.1.8b)

("C:\Users\Dio and Nono\AppData\Local\Programs\MiKTeX\tex/generic/pgf/libraries
\pgflibraryarrows.code.tex"
File: pgflibraryarrows.code.tex 2020/12/27 v3.1.8b (3.1.8b)
\arrowsize=\dimen364
))
("C:\Users\Dio and Nono\AppData\Local\Programs\MiKTeX\tex/generic/pgf/frontendl
ayer/tikz/libraries\tikzlibrarychains.code.tex"
File: tikzlibrarychains.code.tex 2020/12/27 v3.1.8b (3.1.8b)

("C:\Users\Dio and Nono\AppData\Local\Programs\MiKTeX\tex/generic/pgf/frontendl
ayer/tikz/libraries\tikzlibrarypositioning.code.tex"
File: tikzlibrarypositioning.code.tex 2020/12/27 v3.1.8b (3.1.8b)
))
("C:\Users\Dio and Nono\AppData\Local\Programs\MiKTeX\tex/latex/beamer\beamerth
emeFrankfurt.sty"
("C:\Users\Dio and Nono\AppData\Local\Programs\MiKTeX\tex/latex/beamer\beamerou
terthemesmoothbars.sty")
("C:\Users\Dio and Nono\AppData\Local\Programs\MiKTeX\tex/latex/beamer\beamerin
nerthemerounded.sty")
("C:\Users\Dio and Nono\AppData\Local\Programs\MiKTeX\tex/latex/beamer\beamerco
lorthemeorchid.sty")
("C:\Users\Dio and Nono\AppData\Local\Programs\MiKTeX\tex/latex/beamer\beamerco
lorthemewhale.sty"))
Package hyperref Info: Option `colorlinks' set `true' on input line 287.

("C:\Users\Dio and Nono\AppData\Local\Programs\MiKTeX\tex/latex/l3backend\l3bac
kend-pdftex.def"
File: l3backend-pdftex.def 2021-01-09 L3 backend support: PDF output (pdfTeX)
\l__kernel_color_stack_int=\count369
\l__pdf_internal_box=\box103
) (IO_Week6.aux)
\openout1 = `IO_Week6.aux'.

LaTeX Font Info:    Checking defaults for OML/cmm/m/it on input line 348.
LaTeX Font Info:    ... okay on input line 348.
LaTeX Font Info:    Checking defaults for OMS/cmsy/m/n on input line 348.
LaTeX Font Info:    ... okay on input line 348.
LaTeX Font Info:    Checking defaults for OT1/cmr/m/n on input line 348.
LaTeX Font Info:    ... okay on input line 348.
LaTeX Font Info:    Checking defaults for T1/cmr/m/n on input line 348.
LaTeX Font Info:    ... okay on input line 348.
LaTeX Font Info:    Checking defaults for TS1/cmr/m/n on input line 348.
LaTeX Font Info:    ... okay on input line 348.
LaTeX Font Info:    Checking defaults for OMX/cmex/m/n on input line 348.
LaTeX Font Info:    ... okay on input line 348.
LaTeX Font Info:    Checking defaults for U/cmr/m/n on input line 348.
LaTeX Font Info:    ... okay on input line 348.
LaTeX Font Info:    Checking defaults for PD1/pdf/m/n on input line 348.
LaTeX Font Info:    ... okay on input line 348.

*geometry* driver: auto-detecting
*geometry* detected driver: pdftex
*geometry* verbose mode - [ preamble ] result:
* driver: pdftex
* paper: custom
* layout: <same size as paper>
* layoutoffset:(h,v)=(0.0pt,0.0pt)
* modes: includehead includefoot 
* h-part:(L,W,R)=(28.45274pt, 398.3386pt, 28.45274pt)
* v-part:(T,H,B)=(0.0pt, 256.0748pt, 0.0pt)
* \paperwidth=455.24408pt
* \paperheight=256.0748pt
* \textwidth=398.3386pt
* \textheight=227.62207pt
* \oddsidemargin=-43.81725pt
* \evensidemargin=-43.81725pt
* \topmargin=-72.26999pt
* \headheight=14.22636pt
* \headsep=0.0pt
* \topskip=10.0pt
* \footskip=14.22636pt
* \marginparwidth=3.0pt
* \marginparsep=11.0pt
* \columnsep=10.0pt
* \skip\footins=9.0pt plus 4.0pt minus 2.0pt
* \hoffset=0.0pt
* \voffset=0.0pt
* \mag=1000
* \@twocolumnfalse
* \@twosidefalse
* \@mparswitchfalse
* \@reversemarginfalse
* (1in=72.27pt=25.4mm, 1cm=28.453pt)


("C:\Users\Dio and Nono\AppData\Local\Programs\MiKTeX\tex/context/base/mkii\sup
p-pdf.mkii"
[Loading MPS to PDF converter (version 2006.09.02).]
\scratchcounter=\count370
\scratchdimen=\dimen365
\scratchbox=\box104
\nofMPsegments=\count371
\nofMParguments=\count372
\everyMPshowfont=\toks60
\MPscratchCnt=\count373
\MPscratchDim=\dimen366
\MPnumerator=\count374
\makeMPintoPDFobject=\count375
\everyMPtoPDFconversion=\toks61
)
Package hyperref Info: Link coloring ON on input line 348.

("C:\Users\Dio and Nono\AppData\Local\Programs\MiKTeX\tex/latex/hyperref\namere
f.sty"
Package: nameref 2019/09/16 v2.46 Cross-referencing by name of section
 ("C:\Program Files\MiKTeX\tex/latex/refcount\refcount.sty"
Package: refcount 2019/12/15 v3.6 Data extraction from label references (HO)
)
("C:\Program Files\MiKTeX\tex/generic/gettitlestring\gettitlestring.sty"
Package: gettitlestring 2019/12/15 v1.6 Cleanup title references (HO)
)
\c@section@level=\count376
)
LaTeX Info: Redefining \ref on input line 348.
LaTeX Info: Redefining \pageref on input line 348.
LaTeX Info: Redefining \nameref on input line 348.

(IO_Week6.out) (IO_Week6.out)
\@outlinefile=\write8
\openout8 = `IO_Week6.out'.

LaTeX Font Info:    Overwriting symbol font `operators' in version `normal'
(Font)                  OT1/cmr/m/n --> OT1/cmss/m/n on input line 348.
LaTeX Font Info:    Overwriting symbol font `operators' in version `bold'
(Font)                  OT1/cmr/bx/n --> OT1/cmss/b/n on input line 348.
\symnumbers=\mathgroup12
LaTeX Font Info:    Redeclaring symbol font `pureletters' on input line 348.
LaTeX Font Info:    Overwriting symbol font `pureletters' in version `normal'
(Font)                  OT1/mathkerncmss/m/sl --> OT1/cmss/m/it on input line 3
48.
LaTeX Font Info:    Overwriting symbol font `pureletters' in version `bold'
(Font)                  OT1/mathkerncmss/bx/sl --> OT1/cmss/m/it on input line 
348.
LaTeX Font Info:    Overwriting math alphabet `\mathrm' in version `normal'
(Font)                  OT1/cmss/m/n --> OT1/cmr/m/n on input line 348.
LaTeX Font Info:    Redeclaring math alphabet \mathbf on input line 348.
LaTeX Font Info:    Redeclaring math alphabet \mathsf on input line 348.
LaTeX Font Info:    Overwriting math alphabet `\mathsf' in version `normal'
(Font)                  OT1/cmss/m/n --> OT1/cmss/m/n on input line 348.
LaTeX Font Info:    Overwriting math alphabet `\mathsf' in version `bold'
(Font)                  OT1/cmss/bx/n --> OT1/cmss/m/n on input line 348.
LaTeX Font Info:    Redeclaring math alphabet \mathit on input line 348.
LaTeX Font Info:    Overwriting math alphabet `\mathit' in version `normal'
(Font)                  OT1/cmr/m/it --> OT1/cmss/m/it on input line 348.
LaTeX Font Info:    Overwriting math alphabet `\mathit' in version `bold'
(Font)                  OT1/cmr/bx/it --> OT1/cmss/m/it on input line 348.
LaTeX Font Info:    Redeclaring math alphabet \mathtt on input line 348.
LaTeX Font Info:    Overwriting math alphabet `\mathtt' in version `normal'
(Font)                  OT1/cmtt/m/n --> OT1/cmtt/m/n on input line 348.
LaTeX Font Info:    Overwriting math alphabet `\mathtt' in version `bold'
(Font)                  OT1/cmtt/m/n --> OT1/cmtt/m/n on input line 348.
LaTeX Font Info:    Overwriting symbol font `numbers' in version `bold'
(Font)                  OT1/cmss/m/n --> OT1/cmss/b/n on input line 348.
LaTeX Font Info:    Overwriting symbol font `pureletters' in version `bold'
(Font)                  OT1/cmss/m/it --> OT1/cmss/b/it on input line 348.
LaTeX Font Info:    Overwriting math alphabet `\mathrm' in version `bold'
(Font)                  OT1/cmss/b/n --> OT1/cmr/b/n on input line 348.
LaTeX Font Info:    Overwriting math alphabet `\mathbf' in version `bold'
(Font)                  OT1/cmss/b/n --> OT1/cmss/b/n on input line 348.
LaTeX Font Info:    Overwriting math alphabet `\mathsf' in version `bold'
(Font)                  OT1/cmss/m/n --> OT1/cmss/b/n on input line 348.
LaTeX Font Info:    Overwriting math alphabet `\mathit' in version `bold'
(Font)                  OT1/cmss/m/it --> OT1/cmss/b/it on input line 348.
LaTeX Font Info:    Overwriting math alphabet `\mathtt' in version `bold'
(Font)                  OT1/cmtt/m/n --> OT1/cmtt/b/n on input line 348.
LaTeX Font Info:    Redeclaring symbol font `pureletters' on input line 348.
LaTeX Font Info:    Overwriting symbol font `pureletters' in version `normal'
(Font)                  OT1/cmss/m/it --> OT1/mathkerncmss/m/sl on input line 3
48.
LaTeX Font Info:    Overwriting symbol font `pureletters' in version `bold'
(Font)                  OT1/cmss/b/it --> OT1/mathkerncmss/m/sl on input line 3
48.
LaTeX Font Info:    Overwriting symbol font `pureletters' in version `bold'
(Font)                  OT1/mathkerncmss/m/sl --> OT1/mathkerncmss/bx/sl on inp
ut line 348.

("C:\Users\Dio and Nono\AppData\Local\Programs\MiKTeX\tex/latex/translator\tran
slator-basic-dictionary-English.dict"
Dictionary: translator-basic-dictionary, Language: English 
)
("C:\Users\Dio and Nono\AppData\Local\Programs\MiKTeX\tex/latex/translator\tran
slator-bibliography-dictionary-English.dict"
Dictionary: translator-bibliography-dictionary, Language: English 
)
("C:\Users\Dio and Nono\AppData\Local\Programs\MiKTeX\tex/latex/translator\tran
slator-environment-dictionary-English.dict"
Dictionary: translator-environment-dictionary, Language: English 
)
("C:\Users\Dio and Nono\AppData\Local\Programs\MiKTeX\tex/latex/translator\tran
slator-months-dictionary-English.dict"
Dictionary: translator-months-dictionary, Language: English 
)
("C:\Users\Dio and Nono\AppData\Local\Programs\MiKTeX\tex/latex/translator\tran
slator-numbers-dictionary-English.dict"
Dictionary: translator-numbers-dictionary, Language: English 
)
("C:\Users\Dio and Nono\AppData\Local\Programs\MiKTeX\tex/latex/translator\tran
slator-theorem-dictionary-English.dict"
Dictionary: translator-theorem-dictionary, Language: English 
)
\c@lstlisting=\count377
Package caption Info: Begin \AtBeginDocument code.
Package caption Info: End \AtBeginDocument code.
 (IO_Week6.nav)
LaTeX Font Info:    Trying to load font information for U+msa on input line 349
.

("C:\Users\Dio and Nono\AppData\Local\Programs\MiKTeX\tex/latex/amsfonts\umsa.f
d"
File: umsa.fd 2013/01/14 v3.01 AMS symbols A
)
LaTeX Font Info:    Trying to load font information for U+msb on input line 349
.

("C:\Users\Dio and Nono\AppData\Local\Programs\MiKTeX\tex/latex/amsfonts\umsb.f
d"
File: umsb.fd 2013/01/14 v3.01 AMS symbols B
)
LaTeX Font Info:    Trying to load font information for OT1+mathkerncmss on inp
ut line 349.

("C:\Users\Dio and Nono\AppData\Local\Programs\MiKTeX\tex/latex/sansmathaccent\
ot1mathkerncmss.fd"
File: ot1mathkerncmss.fd 2020/01/31 Fontinst v1.933 font definitions for OT1/ma
thkerncmss.
)
LaTeX Font Info:    Trying to load font information for U+rsfs on input line 34
9.

("C:\Users\Dio and Nono\AppData\Local\Programs\MiKTeX\tex/latex/jknappen\ursfs.
fd"
File: ursfs.fd 1998/03/24 rsfs font definition file (jk)
)
LaTeX Font Info:    Trying to load font information for TS1+cmss on input line 
349.

("C:\Users\Dio and Nono\AppData\Local\Programs\MiKTeX\tex/latex/base\ts1cmss.fd
"
File: ts1cmss.fd 2019/12/16 v2.5j Standard LaTeX font definitions
) [1

] (IO_Week6.toc) [2

] [3

] [4

] (IO_Week6.toc) [5

] [6

] [7

] [8

] [9

]
(IO_Week6.toc) [10

] [11

] [12

] [13

] [14

]
\tf@nav=\write9
\openout9 = `IO_Week6.nav'.

\tf@toc=\write10
\openout10 = `IO_Week6.toc'.

\tf@snm=\write11
\openout11 = `IO_Week6.snm'.

 (IO_Week6.aux)
Package rerunfilecheck Info: File `IO_Week6.out' has not changed.
(rerunfilecheck)             Checksum: 1388DFA2004FF6F8A56DB9ED45030FC1;133.
 ) 
Here is how much of TeX's memory you used:
 29806 strings out of 479618
 607612 string characters out of 2861663
 884680 words of memory out of 3000000
 46200 multiletter control sequences out of 15000+200000
 414681 words of font info for 63 fonts, out of 3000000 for 9000
 1141 hyphenation exceptions out of 8191
 131i,15n,132p,415b,672s stack positions out of 5000i,500n,10000p,200000b,50000s
 <C:\Users\Dio and Nono\AppData\Local\MiKTeX\fonts/pk/ljfour/jknappen/ec/dpi6
00\tcss0700.pk><C:/Users/Dio and Nono/AppData/Local/Programs/MiKTeX/fonts/type1
/public/amsfonts/cm/cmex10.pfb><C:/Users/Dio and Nono/AppData/Local/Programs/Mi
KTeX/fonts/type1/public/amsfonts/cm/cmmi10.pfb><C:/Users/Dio and Nono/AppData/L
ocal/Programs/MiKTeX/fonts/type1/public/amsfonts/cm/cmmi7.pfb><C:/Users/Dio and
 Nono/AppData/Local/Programs/MiKTeX/fonts/type1/public/amsfonts/cm/cmss10.pfb><
C:/Users/Dio and Nono/AppData/Local/Programs/MiKTeX/fonts/type1/public/amsfonts
/cm/cmss12.pfb><C:/Users/Dio and Nono/AppData/Local/Programs/MiKTeX/fonts/type1
/public/amsfonts/cm/cmss8.pfb><C:/Users/Dio and Nono/AppData/Local/Programs/MiK
TeX/fonts/type1/public/amsfonts/cm/cmssbx10.pfb><C:/Users/Dio and Nono/AppData/
Local/Programs/MiKTeX/fonts/type1/public/amsfonts/cm/cmssi10.pfb><C:/Users/Dio 
and Nono/AppData/Local/Programs/MiKTeX/fonts/type1/public/amsfonts/cm/cmssi8.pf
b><C:/Users/Dio and Nono/AppData/Local/Programs/MiKTeX/fonts/type1/public/amsfo
nts/cm/cmsy10.pfb><C:/Users/Dio and Nono/AppData/Local/Programs/MiKTeX/fonts/ty
pe1/public/amsfonts/cm/cmsy7.pfb><C:/Users/Dio and Nono/AppData/Local/Programs/
MiKTeX/fonts/type1/public/amsfonts/symbols/msam10.pfb>
Output written on IO_Week6.pdf (14 pages, 157856 bytes).
PDF statistics:
 237 PDF objects out of 1000 (max. 8388607)
 32 named destinations out of 1000 (max. 500000)
 133 words of extra memory for PDF output out of 10000 (max. 10000000)

