\BOOKMARK [1][-]{section.1}{Introduction}{}% 1
\BOOKMARK [1][-]{section.2}{Link to the literature}{}% 2
\BOOKMARK [1][-]{section.3}{Setup}{}% 3
\BOOKMARK [2][-]{subsection.3.1}{Static case: Reduced form version of the Coasian argument}{section.3}% 4
\BOOKMARK [2][-]{subsection.3.2}{The dynamic model}{section.3}% 5
\BOOKMARK [3][-]{subsubsection.3.2.1}{Sequential}{subsection.3.2}% 6
\BOOKMARK [3][-]{subsubsection.3.2.2}{Radical}{subsection.3.2}% 7
\BOOKMARK [3][-]{subsubsection.3.2.3}{The distortion of buyouts}{subsection.3.2}% 8
\BOOKMARK [3][-]{subsubsection.3.2.4}{Case 1: Does not affect preferences, but affects decision to enter}{subsection.3.2}% 9
\BOOKMARK [3][-]{subsubsection.3.2.5}{Case 2: Affects preferences but not decision to enter}{subsection.3.2}% 10
\BOOKMARK [3][-]{subsubsection.3.2.6}{Case 3: Affects preferences and decision to enter}{subsection.3.2}% 11
\BOOKMARK [2][-]{subsection.3.3}{Numerical example with two time periods}{section.3}% 12
\BOOKMARK [1][-]{section.4}{Applications:}{}% 13
\BOOKMARK [2][-]{subsection.4.1}{Ex-ante buyout}{section.4}% 14
\BOOKMARK [2][-]{subsection.4.2}{Ex-post Bertrand}{section.4}% 15
\BOOKMARK [3][-]{subsubsection.4.2.1}{When does the buyout option help the incumbent?}{subsection.4.2}% 16
\BOOKMARK [2][-]{subsection.4.3}{Ex-Post Cournot}{section.4}% 17
\BOOKMARK [1][-]{section.5}{Discussion}{}% 18
\BOOKMARK [1][-]{section.6}{Conclusion}{}% 19
\BOOKMARK [2][-]{subsection.6.1}{Sequential}{section.6}% 20
\BOOKMARK [2][-]{subsection.6.2}{Radical}{section.6}% 21
\BOOKMARK [2][-]{subsection.6.3}{Proof of proposition 8}{section.6}% 22
