This is pdfTeX, Version 3.14159265-2.6-1.40.20 (MiKTeX 2.9.7050 64-bit) (preloaded format=pdflatex 2019.6.12)  10 JUL 2019 16:31
entering extended mode
**./pres.tex
(pres.tex
LaTeX2e <2018-12-01>

(C:\Users\DavidEttinger02\AppData\Roaming\MiKTeX\2.9\tex/latex/beamer\beamer.cl
s
Document Class: beamer 2018/12/02 v3.55 A class for typesetting presentations

(C:\Users\DavidEttinger02\AppData\Roaming\MiKTeX\2.9\tex/latex/beamer\beamerbas
emodes.sty
(C:\Users\DavidEttinger02\AppData\Roaming\MiKTeX\2.9\tex/latex/etoolbox\etoolbo
x.sty
Package: etoolbox 2018/08/19 v2.5f e-TeX tools for LaTeX (JAW)
\etb@tempcnta=\count80
)
\beamer@tempbox=\box27
\beamer@tempcount=\count81
\c@beamerpauses=\count82

(C:\Users\DavidEttinger02\AppData\Roaming\MiKTeX\2.9\tex/latex/beamer\beamerbas
edecode.sty
\beamer@slideinframe=\count83
\beamer@minimum=\count84
)
\beamer@commentbox=\box28
\beamer@modecount=\count85
) ("C:\Program Files\MiKTeX 2.9\tex/generic/oberdiek\ifpdf.sty"
Package: ifpdf 2018/09/07 v3.3 Provides the ifpdf switch
)
\headdp=\dimen102
\footheight=\dimen103
\sidebarheight=\dimen104
\beamer@tempdim=\dimen105
\beamer@finalheight=\dimen106
\beamer@animht=\dimen107
\beamer@animdp=\dimen108
\beamer@animwd=\dimen109
\beamer@leftmargin=\dimen110
\beamer@rightmargin=\dimen111
\beamer@leftsidebar=\dimen112
\beamer@rightsidebar=\dimen113
\beamer@boxsize=\dimen114
\beamer@vboxoffset=\dimen115
\beamer@descdefault=\dimen116
\beamer@descriptionwidth=\dimen117
\beamer@lastskip=\skip41
\beamer@areabox=\box29
\beamer@animcurrent=\box30
\beamer@animshowbox=\box31
\beamer@sectionbox=\box32
\beamer@logobox=\box33
\beamer@linebox=\box34
\beamer@sectioncount=\count86
\beamer@subsubsectionmax=\count87
\beamer@subsectionmax=\count88
\beamer@sectionmax=\count89
\beamer@totalheads=\count90
\beamer@headcounter=\count91
\beamer@partstartpage=\count92
\beamer@sectionstartpage=\count93
\beamer@subsectionstartpage=\count94
\beamer@animationtempa=\count95
\beamer@animationtempb=\count96
\beamer@xpos=\count97
\beamer@ypos=\count98
\beamer@ypos@offset=\count99
\beamer@showpartnumber=\count100
\beamer@currentsubsection=\count101
\beamer@coveringdepth=\count102
\beamer@sectionadjust=\count103
\beamer@tocsectionnumber=\count104

(C:\Users\DavidEttinger02\AppData\Roaming\MiKTeX\2.9\tex/latex/beamer\beamerbas
eoptions.sty ("C:\Program Files\MiKTeX 2.9\tex/latex/graphics\keyval.sty"
Package: keyval 2014/10/28 v1.15 key=value parser (DPC)
\KV@toks@=\toks14
))
\beamer@paperwidth=\skip42
\beamer@paperheight=\skip43

("C:\Program Files\MiKTeX 2.9\tex/latex/geometry\geometry.sty"
Package: geometry 2018/04/16 v5.8 Page Geometry

("C:\Program Files\MiKTeX 2.9\tex/generic/oberdiek\ifvtex.sty"
Package: ifvtex 2016/05/16 v1.6 Detect VTeX and its facilities (HO)
Package ifvtex Info: VTeX not detected.
)
("C:\Program Files\MiKTeX 2.9\tex/generic/ifxetex\ifxetex.sty"
Package: ifxetex 2010/09/12 v0.6 Provides ifxetex conditional
)
\Gm@cnth=\count105
\Gm@cntv=\count106
\c@Gm@tempcnt=\count107
\Gm@bindingoffset=\dimen118
\Gm@wd@mp=\dimen119
\Gm@odd@mp=\dimen120
\Gm@even@mp=\dimen121
\Gm@layoutwidth=\dimen122
\Gm@layoutheight=\dimen123
\Gm@layouthoffset=\dimen124
\Gm@layoutvoffset=\dimen125
\Gm@dimlist=\toks15

("C:\Program Files\MiKTeX 2.9\tex/latex/geometry\geometry.cfg"))
("C:\Program Files\MiKTeX 2.9\tex/latex/base\size11.clo"
File: size11.clo 2018/09/03 v1.4i Standard LaTeX file (size option)
)
(C:\Users\DavidEttinger02\AppData\Roaming\MiKTeX\2.9\tex/latex/pgf/basiclayer\p
gfcore.sty ("C:\Program Files\MiKTeX 2.9\tex/latex/graphics\graphicx.sty"
Package: graphicx 2017/06/01 v1.1a Enhanced LaTeX Graphics (DPC,SPQR)

("C:\Program Files\MiKTeX 2.9\tex/latex/graphics\graphics.sty"
Package: graphics 2017/06/25 v1.2c Standard LaTeX Graphics (DPC,SPQR)

("C:\Program Files\MiKTeX 2.9\tex/latex/graphics\trig.sty"
Package: trig 2016/01/03 v1.10 sin cos tan (DPC)
)
("C:\Program Files\MiKTeX 2.9\tex/latex/graphics-cfg\graphics.cfg"
File: graphics.cfg 2016/06/04 v1.11 sample graphics configuration
)
Package graphics Info: Driver file: pdftex.def on input line 99.

("C:\Program Files\MiKTeX 2.9\tex/latex/graphics-def\pdftex.def"
File: pdftex.def 2018/01/08 v1.0l Graphics/color driver for pdftex
))
\Gin@req@height=\dimen126
\Gin@req@width=\dimen127
)
(C:\Users\DavidEttinger02\AppData\Roaming\MiKTeX\2.9\tex/latex/pgf/systemlayer\
pgfsys.sty
(C:\Users\DavidEttinger02\AppData\Roaming\MiKTeX\2.9\tex/latex/pgf/utilities\pg
frcs.sty
(C:\Users\DavidEttinger02\AppData\Roaming\MiKTeX\2.9\tex/generic/pgf/utilities\
pgfutil-common.tex
\pgfutil@everybye=\toks16
\pgfutil@tempdima=\dimen128
\pgfutil@tempdimb=\dimen129

(C:\Users\DavidEttinger02\AppData\Roaming\MiKTeX\2.9\tex/generic/pgf/utilities\
pgfutil-common-lists.tex))
(C:\Users\DavidEttinger02\AppData\Roaming\MiKTeX\2.9\tex/generic/pgf/utilities\
pgfutil-latex.def
\pgfutil@abb=\box35

(C:\Users\DavidEttinger02\AppData\Roaming\MiKTeX\2.9\tex/latex/ms\everyshi.sty
Package: everyshi 2001/05/15 v3.00 EveryShipout Package (MS)
))
(C:\Users\DavidEttinger02\AppData\Roaming\MiKTeX\2.9\tex/generic/pgf/utilities\
pgfrcs.code.tex
(C:\Users\DavidEttinger02\AppData\Roaming\MiKTeX\2.9\tex/generic/pgf\pgf.revisi
on.tex)
Package: pgfrcs 2019/05/09 v3.1.3 (3.1.3)
))
(C:\Users\DavidEttinger02\AppData\Roaming\MiKTeX\2.9\tex/generic/pgf/systemlaye
r\pgfsys.code.tex
Package: pgfsys 2019/05/09 v3.1.3 (3.1.3)

(C:\Users\DavidEttinger02\AppData\Roaming\MiKTeX\2.9\tex/generic/pgf/utilities\
pgfkeys.code.tex
\pgfkeys@pathtoks=\toks17
\pgfkeys@temptoks=\toks18

(C:\Users\DavidEttinger02\AppData\Roaming\MiKTeX\2.9\tex/generic/pgf/utilities\
pgfkeysfiltered.code.tex
\pgfkeys@tmptoks=\toks19
))
\pgf@x=\dimen130
\pgf@y=\dimen131
\pgf@xa=\dimen132
\pgf@ya=\dimen133
\pgf@xb=\dimen134
\pgf@yb=\dimen135
\pgf@xc=\dimen136
\pgf@yc=\dimen137
\pgf@xd=\dimen138
\pgf@yd=\dimen139
\w@pgf@writea=\write3
\r@pgf@reada=\read1
\c@pgf@counta=\count108
\c@pgf@countb=\count109
\c@pgf@countc=\count110
\c@pgf@countd=\count111
\t@pgf@toka=\toks20
\t@pgf@tokb=\toks21
\t@pgf@tokc=\toks22
\pgf@sys@id@count=\count112

(C:\Users\DavidEttinger02\AppData\Roaming\MiKTeX\2.9\tex/generic/pgf/systemlaye
r\pgf.cfg
File: pgf.cfg 2019/05/09 v3.1.3 (3.1.3)
)
Driver file for pgf: pgfsys-pdftex.def

(C:\Users\DavidEttinger02\AppData\Roaming\MiKTeX\2.9\tex/generic/pgf/systemlaye
r\pgfsys-pdftex.def
File: pgfsys-pdftex.def 2019/05/09 v3.1.3 (3.1.3)

(C:\Users\DavidEttinger02\AppData\Roaming\MiKTeX\2.9\tex/generic/pgf/systemlaye
r\pgfsys-common-pdf.def
File: pgfsys-common-pdf.def 2019/05/09 v3.1.3 (3.1.3)
)))
(C:\Users\DavidEttinger02\AppData\Roaming\MiKTeX\2.9\tex/generic/pgf/systemlaye
r\pgfsyssoftpath.code.tex
File: pgfsyssoftpath.code.tex 2019/05/09 v3.1.3 (3.1.3)
\pgfsyssoftpath@smallbuffer@items=\count113
\pgfsyssoftpath@bigbuffer@items=\count114
)
(C:\Users\DavidEttinger02\AppData\Roaming\MiKTeX\2.9\tex/generic/pgf/systemlaye
r\pgfsysprotocol.code.tex
File: pgfsysprotocol.code.tex 2019/05/09 v3.1.3 (3.1.3)
))
(C:\Users\DavidEttinger02\AppData\Roaming\MiKTeX\2.9\tex/latex/xcolor\xcolor.st
y
Package: xcolor 2016/05/11 v2.12 LaTeX color extensions (UK)
 ("C:\Program Files\MiKTeX 2.9\tex/latex/graphics-cfg\color.cfg"
File: color.cfg 2016/01/02 v1.6 sample color configuration
)
Package xcolor Info: Driver file: pdftex.def on input line 225.
Package xcolor Info: Model `cmy' substituted by `cmy0' on input line 1348.
Package xcolor Info: Model `hsb' substituted by `rgb' on input line 1352.
Package xcolor Info: Model `RGB' extended on input line 1364.
Package xcolor Info: Model `HTML' substituted by `rgb' on input line 1366.
Package xcolor Info: Model `Hsb' substituted by `hsb' on input line 1367.
Package xcolor Info: Model `tHsb' substituted by `hsb' on input line 1368.
Package xcolor Info: Model `HSB' substituted by `hsb' on input line 1369.
Package xcolor Info: Model `Gray' substituted by `gray' on input line 1370.
Package xcolor Info: Model `wave' substituted by `hsb' on input line 1371.
)
(C:\Users\DavidEttinger02\AppData\Roaming\MiKTeX\2.9\tex/generic/pgf/basiclayer
\pgfcore.code.tex
Package: pgfcore 2019/05/09 v3.1.3 (3.1.3)

(C:\Users\DavidEttinger02\AppData\Roaming\MiKTeX\2.9\tex/generic/pgf/math\pgfma
th.code.tex
(C:\Users\DavidEttinger02\AppData\Roaming\MiKTeX\2.9\tex/generic/pgf/math\pgfma
thcalc.code.tex
(C:\Users\DavidEttinger02\AppData\Roaming\MiKTeX\2.9\tex/generic/pgf/math\pgfma
thutil.code.tex)
(C:\Users\DavidEttinger02\AppData\Roaming\MiKTeX\2.9\tex/generic/pgf/math\pgfma
thparser.code.tex
\pgfmath@dimen=\dimen140
\pgfmath@count=\count115
\pgfmath@box=\box36
\pgfmath@toks=\toks23
\pgfmath@stack@operand=\toks24
\pgfmath@stack@operation=\toks25
)
(C:\Users\DavidEttinger02\AppData\Roaming\MiKTeX\2.9\tex/generic/pgf/math\pgfma
thfunctions.code.tex
(C:\Users\DavidEttinger02\AppData\Roaming\MiKTeX\2.9\tex/generic/pgf/math\pgfma
thfunctions.basic.code.tex)
(C:\Users\DavidEttinger02\AppData\Roaming\MiKTeX\2.9\tex/generic/pgf/math\pgfma
thfunctions.trigonometric.code.tex)
(C:\Users\DavidEttinger02\AppData\Roaming\MiKTeX\2.9\tex/generic/pgf/math\pgfma
thfunctions.random.code.tex)
(C:\Users\DavidEttinger02\AppData\Roaming\MiKTeX\2.9\tex/generic/pgf/math\pgfma
thfunctions.comparison.code.tex)
(C:\Users\DavidEttinger02\AppData\Roaming\MiKTeX\2.9\tex/generic/pgf/math\pgfma
thfunctions.base.code.tex)
(C:\Users\DavidEttinger02\AppData\Roaming\MiKTeX\2.9\tex/generic/pgf/math\pgfma
thfunctions.round.code.tex)
(C:\Users\DavidEttinger02\AppData\Roaming\MiKTeX\2.9\tex/generic/pgf/math\pgfma
thfunctions.misc.code.tex)
(C:\Users\DavidEttinger02\AppData\Roaming\MiKTeX\2.9\tex/generic/pgf/math\pgfma
thfunctions.integerarithmetics.code.tex)))
(C:\Users\DavidEttinger02\AppData\Roaming\MiKTeX\2.9\tex/generic/pgf/math\pgfma
thfloat.code.tex
\c@pgfmathroundto@lastzeros=\count116
))
(C:\Users\DavidEttinger02\AppData\Roaming\MiKTeX\2.9\tex/generic/pgf/math\pgfin
t.code.tex)
(C:\Users\DavidEttinger02\AppData\Roaming\MiKTeX\2.9\tex/generic/pgf/basiclayer
\pgfcorepoints.code.tex
File: pgfcorepoints.code.tex 2019/05/09 v3.1.3 (3.1.3)
\pgf@picminx=\dimen141
\pgf@picmaxx=\dimen142
\pgf@picminy=\dimen143
\pgf@picmaxy=\dimen144
\pgf@pathminx=\dimen145
\pgf@pathmaxx=\dimen146
\pgf@pathminy=\dimen147
\pgf@pathmaxy=\dimen148
\pgf@xx=\dimen149
\pgf@xy=\dimen150
\pgf@yx=\dimen151
\pgf@yy=\dimen152
\pgf@zx=\dimen153
\pgf@zy=\dimen154
)
(C:\Users\DavidEttinger02\AppData\Roaming\MiKTeX\2.9\tex/generic/pgf/basiclayer
\pgfcorepathconstruct.code.tex
File: pgfcorepathconstruct.code.tex 2019/05/09 v3.1.3 (3.1.3)
\pgf@path@lastx=\dimen155
\pgf@path@lasty=\dimen156
)
(C:\Users\DavidEttinger02\AppData\Roaming\MiKTeX\2.9\tex/generic/pgf/basiclayer
\pgfcorepathusage.code.tex
File: pgfcorepathusage.code.tex 2019/05/09 v3.1.3 (3.1.3)
\pgf@shorten@end@additional=\dimen157
\pgf@shorten@start@additional=\dimen158
)
(C:\Users\DavidEttinger02\AppData\Roaming\MiKTeX\2.9\tex/generic/pgf/basiclayer
\pgfcorescopes.code.tex
File: pgfcorescopes.code.tex 2019/05/09 v3.1.3 (3.1.3)
\pgfpic=\box37
\pgf@hbox=\box38
\pgf@layerbox@main=\box39
\pgf@picture@serial@count=\count117
)
(C:\Users\DavidEttinger02\AppData\Roaming\MiKTeX\2.9\tex/generic/pgf/basiclayer
\pgfcoregraphicstate.code.tex
File: pgfcoregraphicstate.code.tex 2019/05/09 v3.1.3 (3.1.3)
\pgflinewidth=\dimen159
)
(C:\Users\DavidEttinger02\AppData\Roaming\MiKTeX\2.9\tex/generic/pgf/basiclayer
\pgfcoretransformations.code.tex
File: pgfcoretransformations.code.tex 2019/05/09 v3.1.3 (3.1.3)
\pgf@pt@x=\dimen160
\pgf@pt@y=\dimen161
\pgf@pt@temp=\dimen162
)
(C:\Users\DavidEttinger02\AppData\Roaming\MiKTeX\2.9\tex/generic/pgf/basiclayer
\pgfcorequick.code.tex
File: pgfcorequick.code.tex 2019/05/09 v3.1.3 (3.1.3)
)
(C:\Users\DavidEttinger02\AppData\Roaming\MiKTeX\2.9\tex/generic/pgf/basiclayer
\pgfcoreobjects.code.tex
File: pgfcoreobjects.code.tex 2019/05/09 v3.1.3 (3.1.3)
)
(C:\Users\DavidEttinger02\AppData\Roaming\MiKTeX\2.9\tex/generic/pgf/basiclayer
\pgfcorepathprocessing.code.tex
File: pgfcorepathprocessing.code.tex 2019/05/09 v3.1.3 (3.1.3)
)
(C:\Users\DavidEttinger02\AppData\Roaming\MiKTeX\2.9\tex/generic/pgf/basiclayer
\pgfcorearrows.code.tex
File: pgfcorearrows.code.tex 2019/05/09 v3.1.3 (3.1.3)
\pgfarrowsep=\dimen163
)
(C:\Users\DavidEttinger02\AppData\Roaming\MiKTeX\2.9\tex/generic/pgf/basiclayer
\pgfcoreshade.code.tex
File: pgfcoreshade.code.tex 2019/05/09 v3.1.3 (3.1.3)
\pgf@max=\dimen164
\pgf@sys@shading@range@num=\count118
\pgf@shadingcount=\count119
)
(C:\Users\DavidEttinger02\AppData\Roaming\MiKTeX\2.9\tex/generic/pgf/basiclayer
\pgfcoreimage.code.tex
File: pgfcoreimage.code.tex 2019/05/09 v3.1.3 (3.1.3)

(C:\Users\DavidEttinger02\AppData\Roaming\MiKTeX\2.9\tex/generic/pgf/basiclayer
\pgfcoreexternal.code.tex
File: pgfcoreexternal.code.tex 2019/05/09 v3.1.3 (3.1.3)
\pgfexternal@startupbox=\box40
))
(C:\Users\DavidEttinger02\AppData\Roaming\MiKTeX\2.9\tex/generic/pgf/basiclayer
\pgfcorelayers.code.tex
File: pgfcorelayers.code.tex 2019/05/09 v3.1.3 (3.1.3)
)
(C:\Users\DavidEttinger02\AppData\Roaming\MiKTeX\2.9\tex/generic/pgf/basiclayer
\pgfcoretransparency.code.tex
File: pgfcoretransparency.code.tex 2019/05/09 v3.1.3 (3.1.3)
)
(C:\Users\DavidEttinger02\AppData\Roaming\MiKTeX\2.9\tex/generic/pgf/basiclayer
\pgfcorepatterns.code.tex
File: pgfcorepatterns.code.tex 2019/05/09 v3.1.3 (3.1.3)
)
(C:\Users\DavidEttinger02\AppData\Roaming\MiKTeX\2.9\tex/generic/pgf/basiclayer
\pgfcorerdf.code.tex
File: pgfcorerdf.code.tex 2019/05/09 v3.1.3 (3.1.3)
)))
(C:\Users\DavidEttinger02\AppData\Roaming\MiKTeX\2.9\tex/latex/pgf/utilities\xx
color.sty
Package: xxcolor 2003/10/24 ver 0.1
\XC@nummixins=\count120
\XC@countmixins=\count121
) ("C:\Program Files\MiKTeX 2.9\tex/generic/oberdiek\atbegshi.sty"
Package: atbegshi 2016/06/09 v1.18 At begin shipout hook (HO)

("C:\Program Files\MiKTeX 2.9\tex/generic/oberdiek\infwarerr.sty"
Package: infwarerr 2016/05/16 v1.4 Providing info/warning/error messages (HO)
)
("C:\Program Files\MiKTeX 2.9\tex/generic/oberdiek\ltxcmds.sty"
Package: ltxcmds 2016/05/16 v1.23 LaTeX kernel commands for general use (HO)
))
("C:\Program Files\MiKTeX 2.9\tex/latex/hyperref\hyperref.sty"
Package: hyperref 2018/11/30 v6.88e Hypertext links for LaTeX

("C:\Program Files\MiKTeX 2.9\tex/generic/oberdiek\hobsub-hyperref.sty"
Package: hobsub-hyperref 2016/05/16 v1.14 Bundle oberdiek, subset hyperref (HO)


("C:\Program Files\MiKTeX 2.9\tex/generic/oberdiek\hobsub-generic.sty"
Package: hobsub-generic 2016/05/16 v1.14 Bundle oberdiek, subset generic (HO)
Package: hobsub 2016/05/16 v1.14 Construct package bundles (HO)
Package hobsub Info: Skipping package `infwarerr' (already loaded).
Package hobsub Info: Skipping package `ltxcmds' (already loaded).
Package: ifluatex 2016/05/16 v1.4 Provides the ifluatex switch (HO)
Package ifluatex Info: LuaTeX not detected.
Package hobsub Info: Skipping package `ifvtex' (already loaded).
Package: intcalc 2016/05/16 v1.2 Expandable calculations with integers (HO)
Package hobsub Info: Skipping package `ifpdf' (already loaded).
Package: etexcmds 2016/05/16 v1.6 Avoid name clashes with e-TeX commands (HO)
Package: kvsetkeys 2016/05/16 v1.17 Key value parser (HO)
Package: kvdefinekeys 2016/05/16 v1.4 Define keys (HO)
Package: pdftexcmds 2018/09/10 v0.29 Utility functions of pdfTeX for LuaTeX (HO
)
Package pdftexcmds Info: LuaTeX not detected.
Package pdftexcmds Info: \pdf@primitive is available.
Package pdftexcmds Info: \pdf@ifprimitive is available.
Package pdftexcmds Info: \pdfdraftmode found.
Package: pdfescape 2016/05/16 v1.14 Implements pdfTeX's escape features (HO)
Package: bigintcalc 2016/05/16 v1.4 Expandable calculations on big integers (HO
)
Package: bitset 2016/05/16 v1.2 Handle bit-vector datatype (HO)
Package: uniquecounter 2016/05/16 v1.3 Provide unlimited unique counter (HO)
)
Package hobsub Info: Skipping package `hobsub' (already loaded).
Package: letltxmacro 2016/05/16 v1.5 Let assignment for LaTeX macros (HO)
Package: hopatch 2016/05/16 v1.3 Wrapper for package hooks (HO)
Package: xcolor-patch 2016/05/16 xcolor patch
Package: atveryend 2016/05/16 v1.9 Hooks at the very end of document (HO)
Package hobsub Info: Skipping package `atbegshi' (already loaded).
Package: refcount 2016/05/16 v3.5 Data extraction from label references (HO)
Package: hycolor 2016/05/16 v1.8 Color options for hyperref/bookmark (HO)
)
("C:\Program Files\MiKTeX 2.9\tex/latex/oberdiek\auxhook.sty"
Package: auxhook 2016/05/16 v1.4 Hooks for auxiliary files (HO)
)
("C:\Program Files\MiKTeX 2.9\tex/latex/oberdiek\kvoptions.sty"
Package: kvoptions 2016/05/16 v3.12 Key value format for package options (HO)
)
\@linkdim=\dimen165
\Hy@linkcounter=\count122
\Hy@pagecounter=\count123

("C:\Program Files\MiKTeX 2.9\tex/latex/hyperref\pd1enc.def"
File: pd1enc.def 2018/11/30 v6.88e Hyperref: PDFDocEncoding definition (HO)
Now handling font encoding PD1 ...
... no UTF-8 mapping file for font encoding PD1
)
\Hy@SavedSpaceFactor=\count124

("C:\Program Files\MiKTeX 2.9\tex/latex/00miktex\hyperref.cfg"
File: hyperref.cfg 2002/06/06 v1.2 hyperref configuration of TeXLive
)
Package hyperref Info: Option `bookmarks' set `true' on input line 4393.
Package hyperref Info: Option `bookmarksopen' set `true' on input line 4393.
Package hyperref Info: Option `implicit' set `false' on input line 4393.
Package hyperref Info: Hyper figures OFF on input line 4519.
Package hyperref Info: Link nesting OFF on input line 4524.
Package hyperref Info: Hyper index ON on input line 4527.
Package hyperref Info: Plain pages OFF on input line 4534.
Package hyperref Info: Backreferencing OFF on input line 4539.
Package hyperref Info: Implicit mode OFF; no redefinition of LaTeX internals.
Package hyperref Info: Bookmarks ON on input line 4772.
\c@Hy@tempcnt=\count125

(C:\Users\DavidEttinger02\AppData\Roaming\MiKTeX\2.9\tex/latex/url\url.sty
\Urlmuskip=\muskip10
Package: url 2013/09/16  ver 3.4  Verb mode for urls, etc.
)
LaTeX Info: Redefining \url on input line 5125.
\XeTeXLinkMargin=\dimen166
\Fld@menulength=\count126
\Field@Width=\dimen167
\Fld@charsize=\dimen168
Package hyperref Info: Hyper figures OFF on input line 6380.
Package hyperref Info: Link nesting OFF on input line 6385.
Package hyperref Info: Hyper index ON on input line 6388.
Package hyperref Info: backreferencing OFF on input line 6395.
Package hyperref Info: Link coloring OFF on input line 6400.
Package hyperref Info: Link coloring with OCG OFF on input line 6405.
Package hyperref Info: PDF/A mode OFF on input line 6410.
LaTeX Info: Redefining \ref on input line 6450.
LaTeX Info: Redefining \pageref on input line 6454.
\Hy@abspage=\count127


Package hyperref Message: Stopped early.

)
Package hyperref Info: Driver (autodetected): hpdftex.
 ("C:\Program Files\MiKTeX 2.9\tex/latex/hyperref\hpdftex.def"
File: hpdftex.def 2018/11/30 v6.88e Hyperref driver for pdfTeX
\Fld@listcount=\count128
\c@bookmark@seq@number=\count129

("C:\Program Files\MiKTeX 2.9\tex/latex/oberdiek\rerunfilecheck.sty"
Package: rerunfilecheck 2016/05/16 v1.8 Rerun checks for auxiliary files (HO)
Package uniquecounter Info: New unique counter `rerunfilecheck' on input line 2
82.
))
(C:\Users\DavidEttinger02\AppData\Roaming\MiKTeX\2.9\tex/latex/beamer\beamerbas
erequires.sty
(C:\Users\DavidEttinger02\AppData\Roaming\MiKTeX\2.9\tex/latex/beamer\beamerbas
ecompatibility.sty)
(C:\Users\DavidEttinger02\AppData\Roaming\MiKTeX\2.9\tex/latex/beamer\beamerbas
efont.sty ("C:\Program Files\MiKTeX 2.9\tex/latex/amsfonts\amssymb.sty"
Package: amssymb 2013/01/14 v3.01 AMS font symbols

("C:\Program Files\MiKTeX 2.9\tex/latex/amsfonts\amsfonts.sty"
Package: amsfonts 2013/01/14 v3.01 Basic AMSFonts support
\@emptytoks=\toks26
\symAMSa=\mathgroup4
\symAMSb=\mathgroup5
LaTeX Font Info:    Overwriting math alphabet `\mathfrak' in version `bold'
(Font)                  U/euf/m/n --> U/euf/b/n on input line 106.
))
(C:\Users\DavidEttinger02\AppData\Roaming\MiKTeX\2.9\tex/latex/sansmathaccent\s
ansmathaccent.sty
Package: sansmathaccent 2013/03/28

(C:\Users\DavidEttinger02\AppData\Roaming\MiKTeX\2.9\tex/latex/filehook\filehoo
k.sty
Package: filehook 2011/10/12 v0.5d Hooks for input files
)))
(C:\Users\DavidEttinger02\AppData\Roaming\MiKTeX\2.9\tex/latex/beamer\beamerbas
etranslator.sty
(C:\Users\DavidEttinger02\AppData\Roaming\MiKTeX\2.9\tex/latex/translator\trans
lator.sty
Package: translator 2019-05-31 v1.12a Easy translation of strings in LaTeX
))
(C:\Users\DavidEttinger02\AppData\Roaming\MiKTeX\2.9\tex/latex/beamer\beamerbas
emisc.sty)
(C:\Users\DavidEttinger02\AppData\Roaming\MiKTeX\2.9\tex/latex/beamer\beamerbas
etwoscreens.sty)
(C:\Users\DavidEttinger02\AppData\Roaming\MiKTeX\2.9\tex/latex/beamer\beamerbas
eoverlay.sty
\beamer@argscount=\count130
\beamer@lastskipcover=\skip44
\beamer@trivlistdepth=\count131
)
(C:\Users\DavidEttinger02\AppData\Roaming\MiKTeX\2.9\tex/latex/beamer\beamerbas
etitle.sty)
(C:\Users\DavidEttinger02\AppData\Roaming\MiKTeX\2.9\tex/latex/beamer\beamerbas
esection.sty
\c@lecture=\count132
\c@part=\count133
\c@section=\count134
\c@subsection=\count135
\c@subsubsection=\count136
)
(C:\Users\DavidEttinger02\AppData\Roaming\MiKTeX\2.9\tex/latex/beamer\beamerbas
eframe.sty
\beamer@framebox=\box41
\beamer@frametitlebox=\box42
\beamer@zoombox=\box43
\beamer@zoomcount=\count137
\beamer@zoomframecount=\count138
\beamer@frametextheight=\dimen169
\c@subsectionslide=\count139
\beamer@frametopskip=\skip45
\beamer@framebottomskip=\skip46
\beamer@frametopskipautobreak=\skip47
\beamer@framebottomskipautobreak=\skip48
\beamer@envbody=\toks27
\framewidth=\dimen170
\c@framenumber=\count140
)
(C:\Users\DavidEttinger02\AppData\Roaming\MiKTeX\2.9\tex/latex/beamer\beamerbas
everbatim.sty
\beamer@verbatimfileout=\write4
)
(C:\Users\DavidEttinger02\AppData\Roaming\MiKTeX\2.9\tex/latex/beamer\beamerbas
eframesize.sty
\beamer@splitbox=\box44
\beamer@autobreakcount=\count141
\beamer@autobreaklastheight=\dimen171
\beamer@frametitletoks=\toks28
\beamer@framesubtitletoks=\toks29
)
(C:\Users\DavidEttinger02\AppData\Roaming\MiKTeX\2.9\tex/latex/beamer\beamerbas
eframecomponents.sty
\beamer@footins=\box45
)
(C:\Users\DavidEttinger02\AppData\Roaming\MiKTeX\2.9\tex/latex/beamer\beamerbas
ecolor.sty)
(C:\Users\DavidEttinger02\AppData\Roaming\MiKTeX\2.9\tex/latex/beamer\beamerbas
enotes.sty
\beamer@frameboxcopy=\box46
)
(C:\Users\DavidEttinger02\AppData\Roaming\MiKTeX\2.9\tex/latex/beamer\beamerbas
etoc.sty)
(C:\Users\DavidEttinger02\AppData\Roaming\MiKTeX\2.9\tex/latex/beamer\beamerbas
etemplates.sty
\beamer@sbttoks=\toks30

(C:\Users\DavidEttinger02\AppData\Roaming\MiKTeX\2.9\tex/latex/beamer\beamerbas
eauxtemplates.sty
(C:\Users\DavidEttinger02\AppData\Roaming\MiKTeX\2.9\tex/latex/beamer\beamerbas
eboxes.sty
\bmb@box=\box47
\bmb@colorbox=\box48
\bmb@boxshadow=\box49
\bmb@boxshadowball=\box50
\bmb@boxshadowballlarge=\box51
\bmb@temp=\dimen172
\bmb@dima=\dimen173
\bmb@dimb=\dimen174
\bmb@prevheight=\dimen175
)
\beamer@blockheadheight=\dimen176
))
(C:\Users\DavidEttinger02\AppData\Roaming\MiKTeX\2.9\tex/latex/beamer\beamerbas
elocalstructure.sty ("C:\Program Files\MiKTeX 2.9\tex/latex/tools\enumerate.sty
"
Package: enumerate 2015/07/23 v3.00 enumerate extensions (DPC)
\@enLab=\toks31
)
\c@figure=\count142
\c@table=\count143
\abovecaptionskip=\skip49
\belowcaptionskip=\skip50
)
(C:\Users\DavidEttinger02\AppData\Roaming\MiKTeX\2.9\tex/latex/beamer\beamerbas
enavigation.sty
\beamer@section@min@dim=\dimen177
)
(C:\Users\DavidEttinger02\AppData\Roaming\MiKTeX\2.9\tex/latex/beamer\beamerbas
etheorems.sty ("C:\Program Files\MiKTeX 2.9\tex/latex/amsmath\amsmath.sty"
Package: amsmath 2018/12/01 v2.17b AMS math features
\@mathmargin=\skip51

For additional information on amsmath, use the `?' option.
("C:\Program Files\MiKTeX 2.9\tex/latex/amsmath\amstext.sty"
Package: amstext 2000/06/29 v2.01 AMS text

("C:\Program Files\MiKTeX 2.9\tex/latex/amsmath\amsgen.sty"
File: amsgen.sty 1999/11/30 v2.0 generic functions
\@emptytoks=\toks32
\ex@=\dimen178
))
("C:\Program Files\MiKTeX 2.9\tex/latex/amsmath\amsbsy.sty"
Package: amsbsy 1999/11/29 v1.2d Bold Symbols
\pmbraise@=\dimen179
)
("C:\Program Files\MiKTeX 2.9\tex/latex/amsmath\amsopn.sty"
Package: amsopn 2016/03/08 v2.02 operator names
)
\inf@bad=\count144
LaTeX Info: Redefining \frac on input line 223.
\uproot@=\count145
\leftroot@=\count146
LaTeX Info: Redefining \overline on input line 385.
\classnum@=\count147
\DOTSCASE@=\count148
LaTeX Info: Redefining \ldots on input line 482.
LaTeX Info: Redefining \dots on input line 485.
LaTeX Info: Redefining \cdots on input line 606.
\Mathstrutbox@=\box52
\strutbox@=\box53
\big@size=\dimen180
LaTeX Font Info:    Redeclaring font encoding OML on input line 729.
LaTeX Font Info:    Redeclaring font encoding OMS on input line 730.
\macc@depth=\count149
\c@MaxMatrixCols=\count150
\dotsspace@=\muskip11
\c@parentequation=\count151
\dspbrk@lvl=\count152
\tag@help=\toks33
\row@=\count153
\column@=\count154
\maxfields@=\count155
\andhelp@=\toks34
\eqnshift@=\dimen181
\alignsep@=\dimen182
\tagshift@=\dimen183
\tagwidth@=\dimen184
\totwidth@=\dimen185
\lineht@=\dimen186
\@envbody=\toks35
\multlinegap=\skip52
\multlinetaggap=\skip53
\mathdisplay@stack=\toks36
LaTeX Info: Redefining \[ on input line 2844.
LaTeX Info: Redefining \] on input line 2845.
)
("C:\Program Files\MiKTeX 2.9\tex/latex/amscls\amsthm.sty"
Package: amsthm 2017/10/31 v2.20.4
\thm@style=\toks37
\thm@bodyfont=\toks38
\thm@headfont=\toks39
\thm@notefont=\toks40
\thm@headpunct=\toks41
\thm@preskip=\skip54
\thm@postskip=\skip55
\thm@headsep=\skip56
\dth@everypar=\toks42
)
\c@theorem=\count156
)
(C:\Users\DavidEttinger02\AppData\Roaming\MiKTeX\2.9\tex/latex/beamer\beamerbas
ethemes.sty))
(C:\Users\DavidEttinger02\AppData\Roaming\MiKTeX\2.9\tex/latex/beamer\beamerthe
medefault.sty
(C:\Users\DavidEttinger02\AppData\Roaming\MiKTeX\2.9\tex/latex/beamer\beamerfon
tthemedefault.sty)
(C:\Users\DavidEttinger02\AppData\Roaming\MiKTeX\2.9\tex/latex/beamer\beamercol
orthemedefault.sty)
(C:\Users\DavidEttinger02\AppData\Roaming\MiKTeX\2.9\tex/latex/beamer\beamerinn
erthemedefault.sty
\beamer@dima=\dimen187
\beamer@dimb=\dimen188
)
(C:\Users\DavidEttinger02\AppData\Roaming\MiKTeX\2.9\tex/latex/beamer\beamerout
erthemedefault.sty)))
(C:\Users\DavidEttinger02\AppData\Roaming\MiKTeX\2.9\tex/latex/beamer\beamerthe
meMarburg.sty
(C:\Users\DavidEttinger02\AppData\Roaming\MiKTeX\2.9\tex/latex/beamer\beamercol
orthemewhale.sty)
(C:\Users\DavidEttinger02\AppData\Roaming\MiKTeX\2.9\tex/latex/beamer\beamerout
erthemesidebar.sty
\beamer@sidebarwidth=\dimen189
\beamer@headheight=\dimen190
))
(C:\Users\DavidEttinger02\AppData\Roaming\MiKTeX\2.9\tex/latex/beamer\beamercol
orthemeorchid.sty) ("C:\Program Files\MiKTeX 2.9\tex/latex/float\float.sty"
Package: float 2001/11/08 v1.3d Float enhancements (AL)
\c@float@type=\count157
\float@exts=\toks43
\float@box=\box54
\@float@everytoks=\toks44
\@floatcapt=\box55
)
(C:\Users\DavidEttinger02\AppData\Roaming\MiKTeX\2.9\tex/latex/placeins\placein
s.sty
Package: placeins 2005/04/18  v 2.2
)
(C:\Users\DavidEttinger02\AppData\Roaming\MiKTeX\2.9\tex/latex/mathtools\mathto
ols.sty
Package: mathtools 2018/01/08 v1.21 mathematical typesetting tools
 ("C:\Program Files\MiKTeX 2.9\tex/latex/tools\calc.sty"
Package: calc 2017/05/25 v4.3 Infix arithmetic (KKT,FJ)
\calc@Acount=\count158
\calc@Bcount=\count159
\calc@Adimen=\dimen191
\calc@Bdimen=\dimen192
\calc@Askip=\skip57
\calc@Bskip=\skip58
LaTeX Info: Redefining \setlength on input line 80.
LaTeX Info: Redefining \addtolength on input line 81.
\calc@Ccount=\count160
\calc@Cskip=\skip59
)
(C:\Users\DavidEttinger02\AppData\Roaming\MiKTeX\2.9\tex/latex/mathtools\mhsetu
p.sty
Package: mhsetup 2017/03/31 v1.3 programming setup (MH)
)
LaTeX Info: Thecontrolsequence`\('isalreadyrobust on input line 129.
LaTeX Info: Thecontrolsequence`\)'isalreadyrobust on input line 129.
LaTeX Info: Thecontrolsequence`\['isalreadyrobust on input line 129.
LaTeX Info: Thecontrolsequence`\]'isalreadyrobust on input line 129.
\g_MT_multlinerow_int=\count161
\l_MT_multwidth_dim=\dimen193
\origjot=\skip60
\l_MT_shortvdotswithinadjustabove_dim=\dimen194
\l_MT_shortvdotswithinadjustbelow_dim=\dimen195
\l_MT_above_intertext_sep=\dimen196
\l_MT_below_intertext_sep=\dimen197
\l_MT_above_shortintertext_sep=\dimen198
\l_MT_below_shortintertext_sep=\dimen199
)
(C:\Users\DavidEttinger02\AppData\Roaming\MiKTeX\2.9\tex/latex/subfigure\subfig
ure.sty
Package: subfigure 2002/07/30 v2.1.4 subfigure package
\subfigtopskip=\skip61
\subfigcapskip=\skip62
\subfigcaptopadj=\dimen256
\subfigbottomskip=\skip63
\subfigcapmargin=\dimen257
\subfiglabelskip=\skip64
\c@subfigure=\count162
\c@lofdepth=\count163
\c@subtable=\count164
\c@lotdepth=\count165

****************************************
* Local config file subfigure.cfg used *
****************************************

(C:\Users\DavidEttinger02\AppData\Roaming\MiKTeX\2.9\tex/latex/subfigure\subfig
ure.cfg)
\subfig@top=\skip65
\subfig@bottom=\skip66
) ("C:\Program Files\MiKTeX 2.9\tex/latex/multirow\multirow.sty"
Package: multirow 2019/05/31 v2.5 Span multiple rows of a table
\multirow@colwidth=\skip67
\multirow@cntb=\count166
\multirow@dima=\skip68
\bigstrutjot=\dimen258
)
("C:\Program Files\MiKTeX 2.9\tex/latex/graphics\epsfig.sty"
Package: epsfig 2017/06/25 v1.7b (e)psfig emulation (SPQR)
\epsfxsize=\dimen259
\epsfysize=\dimen260
)
(C:\Users\DavidEttinger02\AppData\Roaming\MiKTeX\2.9\tex/latex/listings\listing
s.sty
\lst@mode=\count167
\lst@gtempboxa=\box56
\lst@token=\toks45
\lst@length=\count168
\lst@currlwidth=\dimen261
\lst@column=\count169
\lst@pos=\count170
\lst@lostspace=\dimen262
\lst@width=\dimen263
\lst@newlines=\count171
\lst@lineno=\count172
\lst@maxwidth=\dimen264

(C:\Users\DavidEttinger02\AppData\Roaming\MiKTeX\2.9\tex/latex/listings\lstmisc
.sty
File: lstmisc.sty 2019/02/27 1.8b (Carsten Heinz)
\c@lstnumber=\count173
\lst@skipnumbers=\count174
\lst@framebox=\box57
)
(C:\Users\DavidEttinger02\AppData\Roaming\MiKTeX\2.9\tex/latex/listings\listing
s.cfg
File: listings.cfg 2019/02/27 1.8b listings configuration
))
Package: listings 2019/02/27 1.8b (Carsten Heinz)

(C:\Users\DavidEttinger02\AppData\Roaming\MiKTeX\2.9\tex/latex/enumitem\enumite
m.sty
Package: enumitem 2019/02/04 v3.8 Customized lists
\labelindent=\skip69
\enit@outerparindent=\dimen265
\enit@toks=\toks46
\enit@inbox=\box58
\enit@count@id=\count175
\enitdp@description=\count176
) ("C:\Program Files\MiKTeX 2.9\tex/latex/graphics\rotating.sty"
Package: rotating 2016/08/11 v2.16d rotated objects in LaTeX

("C:\Program Files\MiKTeX 2.9\tex/latex/base\ifthen.sty"
Package: ifthen 2014/09/29 v1.1c Standard LaTeX ifthen package (DPC)
)
\c@r@tfl@t=\count177
\rotFPtop=\skip70
\rotFPbot=\skip71
\rot@float@box=\box59
\rot@mess@toks=\toks47
)
("C:\Program Files\MiKTeX 2.9\tex/latex/tools\tabularx.sty"
Package: tabularx 2016/02/03 v2.11b `tabularx' package (DPC)

("C:\Program Files\MiKTeX 2.9\tex/latex/tools\array.sty"
Package: array 2018/12/30 v2.4k Tabular extension package (FMi)
\col@sep=\dimen266
\ar@mcellbox=\box60
\extrarowheight=\dimen267
\NC@list=\toks48
\extratabsurround=\skip72
\backup@length=\skip73
\ar@cellbox=\box61
)
\TX@col@width=\dimen268
\TX@old@table=\dimen269
\TX@old@col=\dimen270
\TX@target=\dimen271
\TX@delta=\dimen272
\TX@cols=\count178
\TX@ftn=\toks49
)
("C:\Program Files\MiKTeX 2.9\tex/latex/oberdiek\epstopdf.sty"
Package: epstopdf 2016/05/15 v2.6 Conversion with epstopdf on the fly (HO)

("C:\Program Files\MiKTeX 2.9\tex/latex/oberdiek\epstopdf-base.sty"
Package: epstopdf-base 2016/05/15 v2.6 Base part for package epstopdf

("C:\Program Files\MiKTeX 2.9\tex/latex/oberdiek\grfext.sty"
Package: grfext 2016/05/16 v1.2 Manage graphics extensions (HO)
)
Package epstopdf-base Info: Redefining graphics rule for `.eps' on input line 4
38.
Package grfext Info: Graphics extension search list:
(grfext)             [.pdf,.png,.jpg,.mps,.jpeg,.jbig2,.jb2,.PDF,.PNG,.JPG,.JPE
G,.JBIG2,.JB2,.eps]
(grfext)             \AppendGraphicsExtensions on input line 456.
))
("C:\Program Files\MiKTeX 2.9\tex/latex/tools\longtable.sty"
Package: longtable 2014/10/28 v4.11 Multi-page Table package (DPC)+ FMi change
\LTleft=\skip74
\LTright=\skip75
\LTpre=\skip76
\LTpost=\skip77
\LTchunksize=\count179
\LTcapwidth=\dimen273
\LT@head=\box62
\LT@firsthead=\box63
\LT@foot=\box64
\LT@lastfoot=\box65
\LT@cols=\count180
\LT@rows=\count181
\c@LT@tables=\count182
\c@LT@chunks=\count183
\LT@p@ftn=\toks50
)
("C:\Program Files\MiKTeX 2.9\tex/latex/eurosym\eurosym.sty"
Package: eurosym 1998/08/06 v1.1 European currency symbol ``Euro''
\@eurobox=\box66
)
(C:\Users\DavidEttinger02\AppData\Roaming\MiKTeX\2.9\tex/latex/footmisc\footmis
c.sty
Package: footmisc 2011/06/06 v5.5b a miscellany of footnote facilities
\FN@temptoken=\toks51
\footnotemargin=\dimen274
\c@pp@next@reset=\count184
Package footmisc Info: Declaring symbol style bringhurst on input line 855.
Package footmisc Info: Declaring symbol style chicago on input line 863.
Package footmisc Info: Declaring symbol style wiley on input line 872.
Package footmisc Info: Declaring symbol style lamport-robust on input line 883.

Package footmisc Info: Declaring symbol style lamport* on input line 903.
Package footmisc Info: Declaring symbol style lamport*-robust on input line 924
.
)
(C:\Users\DavidEttinger02\AppData\Roaming\MiKTeX\2.9\tex/latex/setspace\setspac
e.sty
Package: setspace 2011/12/19 v6.7a set line spacing
)
(C:\Users\DavidEttinger02\AppData\Roaming\MiKTeX\2.9\tex/latex/caption\caption.
sty
Package: caption 2018/10/06 v3.3-154 Customizing captions (AR)

(C:\Users\DavidEttinger02\AppData\Roaming\MiKTeX\2.9\tex/latex/caption\caption3
.sty
Package: caption3 2018/09/12 v1.8c caption3 kernel (AR)
Package caption3 Info: TeX engine: e-TeX on input line 64.
\captionmargin=\dimen275
\captionmargin@=\dimen276
\captionwidth=\dimen277
\caption@tempdima=\dimen278
\caption@indent=\dimen279
\caption@parindent=\dimen280
\caption@hangindent=\dimen281
)
\c@caption@flags=\count185
\c@ContinuedFloat=\count186
Package caption Info: beamer document class.
Package caption Info: float package is loaded.
Package caption Info: hyperref package is loaded.
Package caption Info: Hyperref support is turned off
(caption)             because hyperref has stopped early.
Package caption Info: listings package is loaded.
Package caption Info: longtable package is loaded.

(C:\Users\DavidEttinger02\AppData\Roaming\MiKTeX\2.9\tex/latex/caption\ltcaptio
n.sty
Package: ltcaption 2018/08/26 v1.4-95 longtable captions (AR)
)
Package caption Info: rotating package is loaded.
Package caption Info: subfigure package is loaded.
)
(C:\Users\DavidEttinger02\AppData\Roaming\MiKTeX\2.9\tex/latex/natbib\natbib.st
y
Package: natbib 2010/09/13 8.31b (PWD, AO)
\bibhang=\skip78
\bibsep=\skip79
LaTeX Info: Redefining \cite on input line 694.
\c@NAT@ctr=\count187
)
(C:\Users\DavidEttinger02\AppData\Roaming\MiKTeX\2.9\tex/latex/booktabs\booktab
s.sty
Package: booktabs 2005/04/14 v1.61803 publication quality tables
\heavyrulewidth=\dimen282
\lightrulewidth=\dimen283
\cmidrulewidth=\dimen284
\belowrulesep=\dimen285
\belowbottomsep=\dimen286
\aboverulesep=\dimen287
\abovetopsep=\dimen288
\cmidrulesep=\dimen289
\cmidrulekern=\dimen290
\defaultaddspace=\dimen291
\@cmidla=\count188
\@cmidlb=\count189
\@aboverulesep=\dimen292
\@belowrulesep=\dimen293
\@thisruleclass=\count190
\@lastruleclass=\count191
\@thisrulewidth=\dimen294
) ("C:\Program Files\MiKTeX 2.9\tex/latex/tools\dcolumn.sty"
Package: dcolumn 2014/10/28 v1.06 decimal alignment package (DPC)
)
("C:\Program Files\MiKTeX 2.9\tex/latex/jknappen\mathrsfs.sty"
Package: mathrsfs 1996/01/01 Math RSFS package v1.0 (jk)
\symrsfs=\mathgroup6
)
(C:\Users\DavidEttinger02\AppData\Roaming\MiKTeX\2.9\tex/latex/pgf/frontendlaye
r\tikz.sty
(C:\Users\DavidEttinger02\AppData\Roaming\MiKTeX\2.9\tex/latex/pgf/basiclayer\p
gf.sty
Package: pgf 2019/05/09 v3.1.3 (3.1.3)

(C:\Users\DavidEttinger02\AppData\Roaming\MiKTeX\2.9\tex/generic/pgf/modules\pg
fmoduleshapes.code.tex
File: pgfmoduleshapes.code.tex 2019/05/09 v3.1.3 (3.1.3)
\pgfnodeparttextbox=\box67
)
(C:\Users\DavidEttinger02\AppData\Roaming\MiKTeX\2.9\tex/generic/pgf/modules\pg
fmoduleplot.code.tex
File: pgfmoduleplot.code.tex 2019/05/09 v3.1.3 (3.1.3)
)
(C:\Users\DavidEttinger02\AppData\Roaming\MiKTeX\2.9\tex/latex/pgf/compatibilit
y\pgfcomp-version-0-65.sty
Package: pgfcomp-version-0-65 2019/05/09 v3.1.3 (3.1.3)
\pgf@nodesepstart=\dimen295
\pgf@nodesepend=\dimen296
)
(C:\Users\DavidEttinger02\AppData\Roaming\MiKTeX\2.9\tex/latex/pgf/compatibilit
y\pgfcomp-version-1-18.sty
Package: pgfcomp-version-1-18 2019/05/09 v3.1.3 (3.1.3)
))
(C:\Users\DavidEttinger02\AppData\Roaming\MiKTeX\2.9\tex/latex/pgf/utilities\pg
ffor.sty
(C:\Users\DavidEttinger02\AppData\Roaming\MiKTeX\2.9\tex/latex/pgf/utilities\pg
fkeys.sty
(C:\Users\DavidEttinger02\AppData\Roaming\MiKTeX\2.9\tex/generic/pgf/utilities\
pgfkeys.code.tex))
(C:\Users\DavidEttinger02\AppData\Roaming\MiKTeX\2.9\tex/latex/pgf/math\pgfmath
.sty
(C:\Users\DavidEttinger02\AppData\Roaming\MiKTeX\2.9\tex/generic/pgf/math\pgfma
th.code.tex))
(C:\Users\DavidEttinger02\AppData\Roaming\MiKTeX\2.9\tex/generic/pgf/utilities\
pgffor.code.tex
Package: pgffor 2019/05/09 v3.1.3 (3.1.3)

(C:\Users\DavidEttinger02\AppData\Roaming\MiKTeX\2.9\tex/generic/pgf/math\pgfma
th.code.tex)
\pgffor@iter=\dimen297
\pgffor@skip=\dimen298
\pgffor@stack=\toks52
\pgffor@toks=\toks53
))
(C:\Users\DavidEttinger02\AppData\Roaming\MiKTeX\2.9\tex/generic/pgf/frontendla
yer/tikz\tikz.code.tex
Package: tikz 2019/05/09 v3.1.3 (3.1.3)

(C:\Users\DavidEttinger02\AppData\Roaming\MiKTeX\2.9\tex/generic/pgf/libraries\
pgflibraryplothandlers.code.tex
File: pgflibraryplothandlers.code.tex 2019/05/09 v3.1.3 (3.1.3)
\pgf@plot@mark@count=\count192
\pgfplotmarksize=\dimen299
)
\tikz@lastx=\dimen300
\tikz@lasty=\dimen301
\tikz@lastxsaved=\dimen302
\tikz@lastysaved=\dimen303
\tikzleveldistance=\dimen304
\tikzsiblingdistance=\dimen305
\tikz@figbox=\box68
\tikz@figbox@bg=\box69
\tikz@tempbox=\box70
\tikz@tempbox@bg=\box71
\tikztreelevel=\count193
\tikznumberofchildren=\count194
\tikznumberofcurrentchild=\count195
\tikz@fig@count=\count196

(C:\Users\DavidEttinger02\AppData\Roaming\MiKTeX\2.9\tex/generic/pgf/modules\pg
fmodulematrix.code.tex
File: pgfmodulematrix.code.tex 2019/05/09 v3.1.3 (3.1.3)
\pgfmatrixcurrentrow=\count197
\pgfmatrixcurrentcolumn=\count198
\pgf@matrix@numberofcolumns=\count199
)
\tikz@expandcount=\count266

(C:\Users\DavidEttinger02\AppData\Roaming\MiKTeX\2.9\tex/generic/pgf/frontendla
yer/tikz/libraries\tikzlibrarytopaths.code.tex
File: tikzlibrarytopaths.code.tex 2019/05/09 v3.1.3 (3.1.3)
)))
Package hyperref Info: Option `colorlinks' set `true' on input line 78.
\c@proposition=\count267
\c@axiom=\count268
\c@hyp=\count269
\c@subhyp=\count270
 (pres.aux)
\openout1 = `pres.aux'.

LaTeX Font Info:    Checking defaults for OML/cmm/m/it on input line 235.
LaTeX Font Info:    ... okay on input line 235.
LaTeX Font Info:    Checking defaults for T1/cmr/m/n on input line 235.
LaTeX Font Info:    ... okay on input line 235.
LaTeX Font Info:    Checking defaults for OT1/cmr/m/n on input line 235.
LaTeX Font Info:    ... okay on input line 235.
LaTeX Font Info:    Checking defaults for OMS/cmsy/m/n on input line 235.
LaTeX Font Info:    ... okay on input line 235.
LaTeX Font Info:    Checking defaults for OMX/cmex/m/n on input line 235.
LaTeX Font Info:    ... okay on input line 235.
LaTeX Font Info:    Checking defaults for U/cmr/m/n on input line 235.
LaTeX Font Info:    ... okay on input line 235.
LaTeX Font Info:    Checking defaults for PD1/pdf/m/n on input line 235.
LaTeX Font Info:    ... okay on input line 235.

*geometry* driver: auto-detecting
*geometry* detected driver: pdftex
*geometry* verbose mode - [ preamble ] result:
* driver: pdftex
* paper: custom
* layout: <same size as paper>
* layoutoffset:(h,v)=(0.0pt,0.0pt)
* modes: includehead includefoot 
* h-part:(L,W,R)=(14.22636pt, 278.83713pt, 71.13187pt)
* v-part:(T,H,B)=(0.0pt, 273.14662pt, 0.0pt)
* \paperwidth=364.19536pt
* \paperheight=273.14662pt
* \textwidth=278.83713pt
* \textheight=244.6939pt
* \oddsidemargin=-58.04362pt
* \evensidemargin=-58.04362pt
* \topmargin=-72.26999pt
* \headheight=14.22636pt
* \headsep=0.0pt
* \topskip=11.0pt
* \footskip=14.22636pt
* \marginparwidth=4.0pt
* \marginparsep=10.0pt
* \columnsep=10.0pt
* \skip\footins=10.0pt plus 4.0pt minus 2.0pt
* \hoffset=0.0pt
* \voffset=0.0pt
* \mag=1000
* \@twocolumnfalse
* \@twosidefalse
* \@mparswitchfalse
* \@reversemarginfalse
* (1in=72.27pt=25.4mm, 1cm=28.453pt)


(C:\Users\DavidEttinger02\AppData\Roaming\MiKTeX\2.9\tex/context/base/mkii\supp
-pdf.mkii
[Loading MPS to PDF converter (version 2006.09.02).]
\scratchcounter=\count271
\scratchdimen=\dimen306
\scratchbox=\box72
\nofMPsegments=\count272
\nofMParguments=\count273
\everyMPshowfont=\toks54
\MPscratchCnt=\count274
\MPscratchDim=\dimen307
\MPnumerator=\count275
\makeMPintoPDFobject=\count276
\everyMPtoPDFconversion=\toks55
) ABD: EveryShipout initializing macros
\AtBeginShipoutBox=\box73
Package hyperref Info: Link coloring ON on input line 235.

("C:\Program Files\MiKTeX 2.9\tex/latex/hyperref\nameref.sty"
Package: nameref 2016/05/21 v2.44 Cross-referencing by name of section

("C:\Program Files\MiKTeX 2.9\tex/generic/oberdiek\gettitlestring.sty"
Package: gettitlestring 2016/05/16 v1.5 Cleanup title references (HO)
)
\c@section@level=\count277
)
LaTeX Info: Redefining \ref on input line 235.
LaTeX Info: Redefining \pageref on input line 235.
LaTeX Info: Redefining \nameref on input line 235.

(pres.out) (pres.out)
\@outlinefile=\write5
\openout5 = `pres.out'.

LaTeX Font Info:    Overwriting symbol font `operators' in version `normal'
(Font)                  OT1/cmr/m/n --> OT1/cmss/m/n on input line 235.
LaTeX Font Info:    Overwriting symbol font `operators' in version `bold'
(Font)                  OT1/cmr/bx/n --> OT1/cmss/bx/n on input line 235.
\symnumbers=\mathgroup7
\sympureletters=\mathgroup8
LaTeX Font Info:    Overwriting math alphabet `\mathrm' in version `normal'
(Font)                  OT1/cmss/m/n --> OT1/cmr/m/n on input line 235.
LaTeX Font Info:    Redeclaring math alphabet \mathbf on input line 235.
LaTeX Font Info:    Overwriting math alphabet `\mathbf' in version `normal'
(Font)                  OT1/cmr/bx/n --> OT1/cmss/bx/n on input line 235.
LaTeX Font Info:    Overwriting math alphabet `\mathbf' in version `bold'
(Font)                  OT1/cmr/bx/n --> OT1/cmss/bx/n on input line 235.
LaTeX Font Info:    Redeclaring math alphabet \mathsf on input line 235.
LaTeX Font Info:    Overwriting math alphabet `\mathsf' in version `normal'
(Font)                  OT1/cmss/m/n --> OT1/cmss/m/n on input line 235.
LaTeX Font Info:    Overwriting math alphabet `\mathsf' in version `bold'
(Font)                  OT1/cmss/bx/n --> OT1/cmss/m/n on input line 235.
LaTeX Font Info:    Redeclaring math alphabet \mathit on input line 235.
LaTeX Font Info:    Overwriting math alphabet `\mathit' in version `normal'
(Font)                  OT1/cmr/m/it --> OT1/cmss/m/it on input line 235.
LaTeX Font Info:    Overwriting math alphabet `\mathit' in version `bold'
(Font)                  OT1/cmr/bx/it --> OT1/cmss/m/it on input line 235.
LaTeX Font Info:    Redeclaring math alphabet \mathtt on input line 235.
LaTeX Font Info:    Overwriting math alphabet `\mathtt' in version `normal'
(Font)                  OT1/cmtt/m/n --> OT1/cmtt/m/n on input line 235.
LaTeX Font Info:    Overwriting math alphabet `\mathtt' in version `bold'
(Font)                  OT1/cmtt/m/n --> OT1/cmtt/m/n on input line 235.
LaTeX Font Info:    Overwriting symbol font `numbers' in version `bold'
(Font)                  OT1/cmss/m/n --> OT1/cmss/bx/n on input line 235.
LaTeX Font Info:    Overwriting symbol font `pureletters' in version `bold'
(Font)                  OT1/cmss/m/it --> OT1/cmss/bx/it on input line 235.
LaTeX Font Info:    Overwriting math alphabet `\mathrm' in version `bold'
(Font)                  OT1/cmss/bx/n --> OT1/cmr/bx/n on input line 235.
LaTeX Font Info:    Overwriting math alphabet `\mathbf' in version `bold'
(Font)                  OT1/cmss/bx/n --> OT1/cmss/bx/n on input line 235.
LaTeX Font Info:    Overwriting math alphabet `\mathsf' in version `bold'
(Font)                  OT1/cmss/m/n --> OT1/cmss/bx/n on input line 235.
LaTeX Font Info:    Overwriting math alphabet `\mathit' in version `bold'
(Font)                  OT1/cmss/m/it --> OT1/cmss/bx/it on input line 235.
LaTeX Font Info:    Overwriting math alphabet `\mathtt' in version `bold'
(Font)                  OT1/cmtt/m/n --> OT1/cmtt/bx/n on input line 235.
LaTeX Font Info:    Redeclaring symbol font `pureletters' on input line 235.
LaTeX Font Info:    Overwriting symbol font `pureletters' in version `normal'
(Font)                  OT1/cmss/m/it --> OT1/mathkerncmss/m/sl on input line 2
35.
LaTeX Font Info:    Overwriting symbol font `pureletters' in version `bold'
(Font)                  OT1/cmss/bx/it --> OT1/mathkerncmss/m/sl on input line 
235.
LaTeX Font Info:    Overwriting symbol font `pureletters' in version `bold'
(Font)                  OT1/mathkerncmss/m/sl --> OT1/mathkerncmss/bx/sl on inp
ut line 235.

(C:\Users\DavidEttinger02\AppData\Roaming\MiKTeX\2.9\tex/latex/translator\trans
lator-basic-dictionary-English.dict
Dictionary: translator-basic-dictionary, Language: English 
)
(C:\Users\DavidEttinger02\AppData\Roaming\MiKTeX\2.9\tex/latex/translator\trans
lator-bibliography-dictionary-English.dict
Dictionary: translator-bibliography-dictionary, Language: English 
)
(C:\Users\DavidEttinger02\AppData\Roaming\MiKTeX\2.9\tex/latex/translator\trans
lator-environment-dictionary-English.dict
Dictionary: translator-environment-dictionary, Language: English 
)
(C:\Users\DavidEttinger02\AppData\Roaming\MiKTeX\2.9\tex/latex/translator\trans
lator-months-dictionary-English.dict
Dictionary: translator-months-dictionary, Language: English 
)
(C:\Users\DavidEttinger02\AppData\Roaming\MiKTeX\2.9\tex/latex/translator\trans
lator-numbers-dictionary-English.dict
Dictionary: translator-numbers-dictionary, Language: English 
)
(C:\Users\DavidEttinger02\AppData\Roaming\MiKTeX\2.9\tex/latex/translator\trans
lator-theorem-dictionary-English.dict
Dictionary: translator-theorem-dictionary, Language: English 
)
\c@lstlisting=\count278
Package caption Info: Begin \AtBeginDocument code.
Package caption Info: End \AtBeginDocument code.
 (pres.nav) [1{C:/Users/DavidEttinger02/AppData/Local/MiKTeX/2.9/pdftex/config/
pdftex.map}

] [2

]
LaTeX Font Info:    Try loading font information for U+msa on input line 267.

("C:\Program Files\MiKTeX 2.9\tex/latex/amsfonts\umsa.fd"
File: umsa.fd 2013/01/14 v3.01 AMS symbols A
)
LaTeX Font Info:    Try loading font information for U+msb on input line 267.

("C:\Program Files\MiKTeX 2.9\tex/latex/amsfonts\umsb.fd"
File: umsb.fd 2013/01/14 v3.01 AMS symbols B
)
LaTeX Font Info:    Try loading font information for U+rsfs on input line 267.

("C:\Program Files\MiKTeX 2.9\tex/latex/jknappen\ursfs.fd"
File: ursfs.fd 1998/03/24 rsfs font definition file (jk)
)
LaTeX Font Info:    Try loading font information for OT1+mathkerncmss on input 
line 267.

(C:\Users\DavidEttinger02\AppData\Roaming\MiKTeX\2.9\tex/latex/sansmathaccent\o
t1mathkerncmss.fd
File: ot1mathkerncmss.fd 2013/03/27 Fontinst v1.933 font definitions for OT1/ma
thkerncmss.
) [3

] [4

] [5

] [6

]
Overfull \hbox (194.08179pt too wide) detected at line 315
[]
 []

[7

] [8

] [9

] [10

] [11

] [12

] [13

] [14

] [15

] [16

] [17

] [18

] [19

] [20

] [21

]
[22

] [23

] [24

] [25

] [26

] (pres.bbl) [27

]
\tf@nav=\write6
\openout6 = `pres.nav'.

\tf@toc=\write7
\openout7 = `pres.toc'.

\tf@snm=\write8
\openout8 = `pres.snm'.

Package atveryend Info: Empty hook `BeforeClearDocument' on input line 652.
Package atveryend Info: Empty hook `AfterLastShipout' on input line 652.
 (pres.aux)
Package atveryend Info: Executing hook `AtVeryEndDocument' on input line 652.
Package atveryend Info: Executing hook `AtEndAfterFileList' on input line 652.


Package rerunfilecheck Warning: File `pres.out' has changed.
(rerunfilecheck)                Rerun to get outlines right
(rerunfilecheck)                or use package `bookmark'.

Package rerunfilecheck Info: Checksums for `pres.out':
(rerunfilecheck)             Before: 09EBD0689466BAE5EAF8BC7BB3008F74;646
(rerunfilecheck)             After:  5780F658D719BD6B96DB9C81787F3D21;646.
 ) 
Here is how much of TeX's memory you used:
 24965 strings out of 492895
 479666 string characters out of 3133449
 561806 words of memory out of 3000000
 28248 multiletter control sequences out of 15000+200000
 11790 words of font info for 44 fonts, out of 3000000 for 9000
 1141 hyphenation exceptions out of 8191
 56i,15n,75p,773b,629s stack positions out of 5000i,500n,10000p,200000b,50000s
pdfTeX warning (dest): name{Outline0.4.1.25} has been referenced but does not
 exist, replaced by a fixed one

pdfTeX warning (dest): name{Outline0.3.2.23} has been referenced but does not e
xist, replaced by a fixed one

pdfTeX warning (dest): name{Outline0.3.1.21} has been referenced but does not e
xist, replaced by a fixed one

pdfTeX warning (dest): name{Outline0.1.4.8} has been referenced but does not ex
ist, replaced by a fixed one

<C:/Program Files/MiKTeX 2.9/fonts/type1/public/amsfonts/cm/cmex10.pfb><C:/Prog
ram Files/MiKTeX 2.9/fonts/type1/public/amsfonts/cm/cmmi10.pfb><C:/Program File
s/MiKTeX 2.9/fonts/type1/public/amsfonts/cm/cmss10.pfb><C:/Program Files/MiKTeX
 2.9/fonts/type1/public/amsfonts/cm/cmss12.pfb><C:/Program Files/MiKTeX 2.9/fon
ts/type1/public/amsfonts/cm/cmss8.pfb><C:/Program Files/MiKTeX 2.9/fonts/type1/
public/amsfonts/cm/cmssbx10.pfb><C:/Program Files/MiKTeX 2.9/fonts/type1/public
/amsfonts/cm/cmssi10.pfb><C:/Program Files/MiKTeX 2.9/fonts/type1/public/amsfon
ts/cm/cmssi8.pfb><C:/Program Files/MiKTeX 2.9/fonts/type1/public/amsfonts/cm/cm
sy10.pfb><C:/Program Files/MiKTeX 2.9/fonts/type1/public/amsfonts/cm/cmsy8.pfb>
Output written on pres.pdf (27 pages, 385608 bytes).
PDF statistics:
 1382 PDF objects out of 1440 (max. 8388607)
 81 named destinations out of 1000 (max. 500000)
 137 words of extra memory for PDF output out of 10000 (max. 10000000)

