This is pdfTeX, Version 3.14159265-2.6-1.40.20 (MiKTeX 2.9.7140 64-bit) (preloaded format=pdflatex 2019.8.10)  16 JAN 2020 01:40
entering extended mode
**./Coverinformation.tex
(Coverinformation.tex
LaTeX2e <2018-12-01>

("C:\Users\Dio.DESKTOP-QB6MRSV\AppData\Local\Programs\MiKTeX 2.9\tex/latex/base
\report.cls"
Document Class: report 2018/09/03 v1.4i Standard LaTeX document class

("C:\Users\Dio.DESKTOP-QB6MRSV\AppData\Local\Programs\MiKTeX 2.9\tex/latex/base
\size12.clo"
File: size12.clo 2018/09/03 v1.4i Standard LaTeX file (size option)
)
\c@part=\count80
\c@chapter=\count81
\c@section=\count82
\c@subsection=\count83
\c@subsubsection=\count84
\c@paragraph=\count85
\c@subparagraph=\count86
\c@figure=\count87
\c@table=\count88
\abovecaptionskip=\skip41
\belowcaptionskip=\skip42
\bibindent=\dimen102
)
("C:\Users\Dio.DESKTOP-QB6MRSV\AppData\Local\Programs\MiKTeX 2.9\tex/latex/base
\inputenc.sty"
Package: inputenc 2018/08/11 v1.3c Input encoding file
\inpenc@prehook=\toks14
\inpenc@posthook=\toks15
)
("C:\Users\Dio.DESKTOP-QB6MRSV\AppData\Local\Programs\MiKTeX 2.9\tex/latex/math
tools\mathtools.sty"
Package: mathtools 2019/07/31 v1.22 mathematical typesetting tools

("C:\Users\Dio.DESKTOP-QB6MRSV\AppData\Local\Programs\MiKTeX 2.9\tex/latex/grap
hics\keyval.sty"
Package: keyval 2014/10/28 v1.15 key=value parser (DPC)
\KV@toks@=\toks16
)
("C:\Users\Dio.DESKTOP-QB6MRSV\AppData\Local\Programs\MiKTeX 2.9\tex/latex/tool
s\calc.sty"
Package: calc 2017/05/25 v4.3 Infix arithmetic (KKT,FJ)
\calc@Acount=\count89
\calc@Bcount=\count90
\calc@Adimen=\dimen103
\calc@Bdimen=\dimen104
\calc@Askip=\skip43
\calc@Bskip=\skip44
LaTeX Info: Redefining \setlength on input line 80.
LaTeX Info: Redefining \addtolength on input line 81.
\calc@Ccount=\count91
\calc@Cskip=\skip45
)
("C:\Users\Dio.DESKTOP-QB6MRSV\AppData\Local\Programs\MiKTeX 2.9\tex/latex/math
tools\mhsetup.sty"
Package: mhsetup 2017/03/31 v1.3 programming setup (MH)
)
("C:\Users\Dio.DESKTOP-QB6MRSV\AppData\Local\Programs\MiKTeX 2.9\tex/latex/amsm
ath\amsmath.sty"
Package: amsmath 2018/12/01 v2.17b AMS math features
\@mathmargin=\skip46

For additional information on amsmath, use the `?' option.

("C:\Users\Dio.DESKTOP-QB6MRSV\AppData\Local\Programs\MiKTeX 2.9\tex/latex/amsm
ath\amstext.sty"
Package: amstext 2000/06/29 v2.01 AMS text

("C:\Users\Dio.DESKTOP-QB6MRSV\AppData\Local\Programs\MiKTeX 2.9\tex/latex/amsm
ath\amsgen.sty"
File: amsgen.sty 1999/11/30 v2.0 generic functions
\@emptytoks=\toks17
\ex@=\dimen105
))
("C:\Users\Dio.DESKTOP-QB6MRSV\AppData\Local\Programs\MiKTeX 2.9\tex/latex/amsm
ath\amsbsy.sty"
Package: amsbsy 1999/11/29 v1.2d Bold Symbols
\pmbraise@=\dimen106
)
("C:\Users\Dio.DESKTOP-QB6MRSV\AppData\Local\Programs\MiKTeX 2.9\tex/latex/amsm
ath\amsopn.sty"
Package: amsopn 2016/03/08 v2.02 operator names
)
\inf@bad=\count92
LaTeX Info: Redefining \frac on input line 223.
\uproot@=\count93
\leftroot@=\count94
LaTeX Info: Redefining \overline on input line 385.
\classnum@=\count95
\DOTSCASE@=\count96
LaTeX Info: Redefining \ldots on input line 482.
LaTeX Info: Redefining \dots on input line 485.
LaTeX Info: Redefining \cdots on input line 606.
\Mathstrutbox@=\box27
\strutbox@=\box28
\big@size=\dimen107
LaTeX Font Info:    Redeclaring font encoding OML on input line 729.
LaTeX Font Info:    Redeclaring font encoding OMS on input line 730.
\macc@depth=\count97
\c@MaxMatrixCols=\count98
\dotsspace@=\muskip10
\c@parentequation=\count99
\dspbrk@lvl=\count100
\tag@help=\toks18
\row@=\count101
\column@=\count102
\maxfields@=\count103
\andhelp@=\toks19
\eqnshift@=\dimen108
\alignsep@=\dimen109
\tagshift@=\dimen110
\tagwidth@=\dimen111
\totwidth@=\dimen112
\lineht@=\dimen113
\@envbody=\toks20
\multlinegap=\skip47
\multlinetaggap=\skip48
\mathdisplay@stack=\toks21
LaTeX Info: Redefining \[ on input line 2844.
LaTeX Info: Redefining \] on input line 2845.
)
LaTeX Info: Thecontrolsequence`\('isalreadyrobust on input line 129.
LaTeX Info: Thecontrolsequence`\)'isalreadyrobust on input line 129.
LaTeX Info: Thecontrolsequence`\['isalreadyrobust on input line 129.
LaTeX Info: Thecontrolsequence`\]'isalreadyrobust on input line 129.
\g_MT_multlinerow_int=\count104
\l_MT_multwidth_dim=\dimen114
\origjot=\skip49
\l_MT_shortvdotswithinadjustabove_dim=\dimen115
\l_MT_shortvdotswithinadjustbelow_dim=\dimen116
\l_MT_above_intertext_sep=\dimen117
\l_MT_below_intertext_sep=\dimen118
\l_MT_above_shortintertext_sep=\dimen119
\l_MT_below_shortintertext_sep=\dimen120
)
("C:\Users\Dio.DESKTOP-QB6MRSV\AppData\Local\Programs\MiKTeX 2.9\tex/latex/amsf
onts\amssymb.sty"
Package: amssymb 2013/01/14 v3.01 AMS font symbols

("C:\Users\Dio.DESKTOP-QB6MRSV\AppData\Local\Programs\MiKTeX 2.9\tex/latex/amsf
onts\amsfonts.sty"
Package: amsfonts 2013/01/14 v3.01 Basic AMSFonts support
\symAMSa=\mathgroup4
\symAMSb=\mathgroup5
LaTeX Font Info:    Overwriting math alphabet `\mathfrak' in version `bold'
(Font)                  U/euf/m/n --> U/euf/b/n on input line 106.
))
("C:\Users\Dio.DESKTOP-QB6MRSV\AppData\Local\Programs\MiKTeX 2.9\tex/latex/amsc
ls\amsthm.sty"
Package: amsthm 2017/10/31 v2.20.4
\thm@style=\toks22
\thm@bodyfont=\toks23
\thm@headfont=\toks24
\thm@notefont=\toks25
\thm@headpunct=\toks26
\thm@preskip=\skip50
\thm@postskip=\skip51
\thm@headsep=\skip52
\dth@everypar=\toks27
)
("C:\Users\Dio.DESKTOP-QB6MRSV\AppData\Local\Programs\MiKTeX 2.9\tex/latex/floa
t\float.sty"
Package: float 2001/11/08 v1.3d Float enhancements (AL)
\c@float@type=\count105
\float@exts=\toks28
\float@box=\box29
\@float@everytoks=\toks29
\@floatcapt=\box30
)
("C:\Users\Dio.DESKTOP-QB6MRSV\AppData\Local\Programs\MiKTeX 2.9\tex/latex/plac
eins\placeins.sty"
Package: placeins 2005/04/18  v 2.2
)
("C:\Users\Dio.DESKTOP-QB6MRSV\AppData\Local\Programs\MiKTeX 2.9\tex/latex/capt
ion\caption.sty"
Package: caption 2018/10/06 v3.3-154 Customizing captions (AR)

("C:\Users\Dio.DESKTOP-QB6MRSV\AppData\Local\Programs\MiKTeX 2.9\tex/latex/capt
ion\caption3.sty"
Package: caption3 2018/09/12 v1.8c caption3 kernel (AR)
Package caption3 Info: TeX engine: e-TeX on input line 64.
\captionmargin=\dimen121
\captionmargin@=\dimen122
\captionwidth=\dimen123
\caption@tempdima=\dimen124
\caption@indent=\dimen125
\caption@parindent=\dimen126
\caption@hangindent=\dimen127
)
\c@caption@flags=\count106
\c@ContinuedFloat=\count107
Package caption Info: float package is loaded.
)
("C:\Users\Dio.DESKTOP-QB6MRSV\AppData\Local\Programs\MiKTeX 2.9\tex/latex/grap
hics\color.sty"
Package: color 2016/07/10 v1.1e Standard LaTeX Color (DPC)

("C:\Users\Dio.DESKTOP-QB6MRSV\AppData\Local\Programs\MiKTeX 2.9\tex/latex/grap
hics-cfg\color.cfg"
File: color.cfg 2016/01/02 v1.6 sample color configuration
)
Package color Info: Driver file: pdftex.def on input line 147.

("C:\Users\Dio.DESKTOP-QB6MRSV\AppData\Local\Programs\MiKTeX 2.9\tex/latex/grap
hics-def\pdftex.def"
File: pdftex.def 2018/01/08 v1.0l Graphics/color driver for pdftex
))
("C:\Users\Dio.DESKTOP-QB6MRSV\AppData\Local\Programs\MiKTeX 2.9\tex/latex/subf
igure\subfigure.sty"
Package: subfigure 2002/07/30 v2.1.4 subfigure package
\subfigtopskip=\skip53
\subfigcapskip=\skip54
\subfigcaptopadj=\dimen128
\subfigbottomskip=\skip55
\subfigcapmargin=\dimen129
\subfiglabelskip=\skip56
\c@subfigure=\count108
\c@lofdepth=\count109
\c@subtable=\count110
\c@lotdepth=\count111

****************************************
* Local config file subfigure.cfg used *
****************************************

("C:\Users\Dio.DESKTOP-QB6MRSV\AppData\Local\Programs\MiKTeX 2.9\tex/latex/subf
igure\subfigure.cfg")
\subfig@top=\skip57
\subfig@bottom=\skip58
)
("C:\Users\Dio.DESKTOP-QB6MRSV\AppData\Local\Programs\MiKTeX 2.9\tex/latex/mult
irow\multirow.sty"
Package: multirow 2019/05/31 v2.5 Span multiple rows of a table
\multirow@colwidth=\skip59
\multirow@cntb=\count112
\multirow@dima=\skip60
\bigstrutjot=\dimen130
)
("C:\Users\Dio.DESKTOP-QB6MRSV\AppData\Local\Programs\MiKTeX 2.9\tex/latex/grap
hics\epsfig.sty"
Package: epsfig 2017/06/25 v1.7b (e)psfig emulation (SPQR)

("C:\Users\Dio.DESKTOP-QB6MRSV\AppData\Local\Programs\MiKTeX 2.9\tex/latex/grap
hics\graphicx.sty"
Package: graphicx 2017/06/01 v1.1a Enhanced LaTeX Graphics (DPC,SPQR)

("C:\Users\Dio.DESKTOP-QB6MRSV\AppData\Local\Programs\MiKTeX 2.9\tex/latex/grap
hics\graphics.sty"
Package: graphics 2017/06/25 v1.2c Standard LaTeX Graphics (DPC,SPQR)

("C:\Users\Dio.DESKTOP-QB6MRSV\AppData\Local\Programs\MiKTeX 2.9\tex/latex/grap
hics\trig.sty"
Package: trig 2016/01/03 v1.10 sin cos tan (DPC)
)
("C:\Users\Dio.DESKTOP-QB6MRSV\AppData\Local\Programs\MiKTeX 2.9\tex/latex/grap
hics-cfg\graphics.cfg"
File: graphics.cfg 2016/06/04 v1.11 sample graphics configuration
)
Package graphics Info: Driver file: pdftex.def on input line 99.
)
\Gin@req@height=\dimen131
\Gin@req@width=\dimen132
)
\epsfxsize=\dimen133
\epsfysize=\dimen134
)
("C:\Users\Dio.DESKTOP-QB6MRSV\AppData\Local\Programs\MiKTeX 2.9\tex/latex/list
ings\listings.sty"
\lst@mode=\count113
\lst@gtempboxa=\box31
\lst@token=\toks30
\lst@length=\count114
\lst@currlwidth=\dimen135
\lst@column=\count115
\lst@pos=\count116
\lst@lostspace=\dimen136
\lst@width=\dimen137
\lst@newlines=\count117
\lst@lineno=\count118
\lst@maxwidth=\dimen138

("C:\Users\Dio.DESKTOP-QB6MRSV\AppData\Local\Programs\MiKTeX 2.9\tex/latex/list
ings\lstmisc.sty"
File: lstmisc.sty 2019/02/27 1.8b (Carsten Heinz)
\c@lstnumber=\count119
\lst@skipnumbers=\count120
\lst@framebox=\box32
)
("C:\Users\Dio.DESKTOP-QB6MRSV\AppData\Local\Programs\MiKTeX 2.9\tex/latex/list
ings\listings.cfg"
File: listings.cfg 2019/02/27 1.8b listings configuration
))
Package: listings 2019/02/27 1.8b (Carsten Heinz)

("C:\Users\Dio.DESKTOP-QB6MRSV\AppData\Local\Programs\MiKTeX 2.9\tex/latex/enum
item\enumitem.sty"
Package: enumitem 2019/06/20 v3.9 Customized lists
\labelindent=\skip61
\enit@outerparindent=\dimen139
\enit@toks=\toks31
\enit@inbox=\box33
\enit@count@id=\count121
\enitdp@description=\count122
)
("C:\Users\Dio.DESKTOP-QB6MRSV\AppData\Local\Programs\MiKTeX 2.9\tex/latex/grap
hics\rotating.sty"
Package: rotating 2016/08/11 v2.16d rotated objects in LaTeX

("C:\Users\Dio.DESKTOP-QB6MRSV\AppData\Local\Programs\MiKTeX 2.9\tex/latex/base
\ifthen.sty"
Package: ifthen 2014/09/29 v1.1c Standard LaTeX ifthen package (DPC)
)
\c@r@tfl@t=\count123
\rotFPtop=\skip62
\rotFPbot=\skip63
\rot@float@box=\box34
\rot@mess@toks=\toks32
)
("C:\Users\Dio.DESKTOP-QB6MRSV\AppData\Local\Programs\MiKTeX 2.9\tex/latex/tool
s\tabularx.sty"
Package: tabularx 2016/02/03 v2.11b `tabularx' package (DPC)

("C:\Users\Dio.DESKTOP-QB6MRSV\AppData\Local\Programs\MiKTeX 2.9\tex/latex/tool
s\array.sty"
Package: array 2018/12/30 v2.4k Tabular extension package (FMi)
\col@sep=\dimen140
\ar@mcellbox=\box35
\extrarowheight=\dimen141
\NC@list=\toks33
\extratabsurround=\skip64
\backup@length=\skip65
\ar@cellbox=\box36
)
\TX@col@width=\dimen142
\TX@old@table=\dimen143
\TX@old@col=\dimen144
\TX@target=\dimen145
\TX@delta=\dimen146
\TX@cols=\count124
\TX@ftn=\toks34
)
("C:\Users\Dio.DESKTOP-QB6MRSV\AppData\Local\Programs\MiKTeX 2.9\tex/latex/ober
diek\epstopdf.sty"
Package: epstopdf 2016/05/15 v2.6 Conversion with epstopdf on the fly (HO)

("C:\Users\Dio.DESKTOP-QB6MRSV\AppData\Local\Programs\MiKTeX 2.9\tex/latex/ober
diek\epstopdf-base.sty"
Package: epstopdf-base 2016/05/15 v2.6 Base part for package epstopdf

("C:\Users\Dio.DESKTOP-QB6MRSV\AppData\Local\Programs\MiKTeX 2.9\tex/generic/ob
erdiek\infwarerr.sty"
Package: infwarerr 2016/05/16 v1.4 Providing info/warning/error messages (HO)
)
("C:\Users\Dio.DESKTOP-QB6MRSV\AppData\Local\Programs\MiKTeX 2.9\tex/latex/ober
diek\grfext.sty"
Package: grfext 2016/05/16 v1.2 Manage graphics extensions (HO)

("C:\Users\Dio.DESKTOP-QB6MRSV\AppData\Local\Programs\MiKTeX 2.9\tex/generic/ob
erdiek\kvdefinekeys.sty"
Package: kvdefinekeys 2016/05/16 v1.4 Define keys (HO)

("C:\Users\Dio.DESKTOP-QB6MRSV\AppData\Local\Programs\MiKTeX 2.9\tex/generic/ob
erdiek\ltxcmds.sty"
Package: ltxcmds 2016/05/16 v1.23 LaTeX kernel commands for general use (HO)
)))
("C:\Users\Dio.DESKTOP-QB6MRSV\AppData\Local\Programs\MiKTeX 2.9\tex/latex/ober
diek\kvoptions.sty"
Package: kvoptions 2016/05/16 v3.12 Key value format for package options (HO)

("C:\Users\Dio.DESKTOP-QB6MRSV\AppData\Local\Programs\MiKTeX 2.9\tex/generic/ob
erdiek\kvsetkeys.sty"
Package: kvsetkeys 2016/05/16 v1.17 Key value parser (HO)

("C:\Users\Dio.DESKTOP-QB6MRSV\AppData\Local\Programs\MiKTeX 2.9\tex/generic/ob
erdiek\etexcmds.sty"
Package: etexcmds 2016/05/16 v1.6 Avoid name clashes with e-TeX commands (HO)

("C:\Users\Dio.DESKTOP-QB6MRSV\AppData\Local\Programs\MiKTeX 2.9\tex/generic/ob
erdiek\ifluatex.sty"
Package: ifluatex 2016/05/16 v1.4 Provides the ifluatex switch (HO)
Package ifluatex Info: LuaTeX not detected.
))))
("C:\Users\Dio.DESKTOP-QB6MRSV\AppData\Local\Programs\MiKTeX 2.9\tex/generic/ob
erdiek\pdftexcmds.sty"
Package: pdftexcmds 2019/07/25 v0.30 Utility functions of pdfTeX for LuaTeX (HO
)

("C:\Users\Dio.DESKTOP-QB6MRSV\AppData\Local\Programs\MiKTeX 2.9\tex/generic/ob
erdiek\ifpdf.sty"
Package: ifpdf 2018/09/07 v3.3 Provides the ifpdf switch
)
Package pdftexcmds Info: LuaTeX not detected.
Package pdftexcmds Info: \pdf@primitive is available.
Package pdftexcmds Info: \pdf@ifprimitive is available.
Package pdftexcmds Info: \pdfdraftmode found.
)
Package epstopdf-base Info: Redefining graphics rule for `.eps' on input line 4
38.
Package grfext Info: Graphics extension search list:
(grfext)             [.pdf,.png,.jpg,.mps,.jpeg,.jbig2,.jb2,.PDF,.PNG,.JPG,.JPE
G,.JBIG2,.JB2,.eps]
(grfext)             \AppendGraphicsExtensions on input line 456.
))
("C:\Users\Dio.DESKTOP-QB6MRSV\AppData\Local\Programs\MiKTeX 2.9\tex/latex/tool
s\longtable.sty"
Package: longtable 2014/10/28 v4.11 Multi-page Table package (DPC)+ FMi change
\LTleft=\skip66
\LTright=\skip67
\LTpre=\skip68
\LTpost=\skip69
\LTchunksize=\count125
\LTcapwidth=\dimen147
\LT@head=\box37
\LT@firsthead=\box38
\LT@foot=\box39
\LT@lastfoot=\box40
\LT@cols=\count126
\LT@rows=\count127
\c@LT@tables=\count128
\c@LT@chunks=\count129
\LT@p@ftn=\toks35
)
("C:\Users\Dio.DESKTOP-QB6MRSV\AppData\Local\Programs\MiKTeX 2.9\tex/latex/hype
rref\hyperref.sty"
Package: hyperref 2019/06/12 v6.88h Hypertext links for LaTeX

("C:\Users\Dio.DESKTOP-QB6MRSV\AppData\Local\Programs\MiKTeX 2.9\tex/generic/ob
erdiek\hobsub-hyperref.sty"
Package: hobsub-hyperref 2016/05/16 v1.14 Bundle oberdiek, subset hyperref (HO)


("C:\Users\Dio.DESKTOP-QB6MRSV\AppData\Local\Programs\MiKTeX 2.9\tex/generic/ob
erdiek\hobsub-generic.sty"
Package: hobsub-generic 2016/05/16 v1.14 Bundle oberdiek, subset generic (HO)
Package: hobsub 2016/05/16 v1.14 Construct package bundles (HO)
Package hobsub Info: Skipping package `infwarerr' (already loaded).
Package hobsub Info: Skipping package `ltxcmds' (already loaded).
Package hobsub Info: Skipping package `ifluatex' (already loaded).
Package: ifvtex 2016/05/16 v1.6 Detect VTeX and its facilities (HO)
Package ifvtex Info: VTeX not detected.
Package: intcalc 2016/05/16 v1.2 Expandable calculations with integers (HO)
Package hobsub Info: Skipping package `ifpdf' (already loaded).
Package hobsub Info: Skipping package `etexcmds' (already loaded).
Package hobsub Info: Skipping package `kvsetkeys' (already loaded).
Package hobsub Info: Skipping package `kvdefinekeys' (already loaded).
Package hobsub Info: Skipping package `pdftexcmds' (already loaded).
Package: pdfescape 2016/05/16 v1.14 Implements pdfTeX's escape features (HO)
Package: bigintcalc 2016/05/16 v1.4 Expandable calculations on big integers (HO
)
Package: bitset 2016/05/16 v1.2 Handle bit-vector datatype (HO)
Package: uniquecounter 2016/05/16 v1.3 Provide unlimited unique counter (HO)
)
Package hobsub Info: Skipping package `hobsub' (already loaded).
Package: letltxmacro 2016/05/16 v1.5 Let assignment for LaTeX macros (HO)
Package: hopatch 2016/05/16 v1.3 Wrapper for package hooks (HO)
Package: xcolor-patch 2016/05/16 xcolor patch
Package: atveryend 2016/05/16 v1.9 Hooks at the very end of document (HO)
Package atveryend Info: \enddocument detected (standard20110627).
Package: atbegshi 2016/06/09 v1.18 At begin shipout hook (HO)
Package: refcount 2016/05/16 v3.5 Data extraction from label references (HO)
Package: hycolor 2016/05/16 v1.8 Color options for hyperref/bookmark (HO)
)
("C:\Users\Dio.DESKTOP-QB6MRSV\AppData\Local\Programs\MiKTeX 2.9\tex/generic/if
xetex\ifxetex.sty"
Package: ifxetex 2010/09/12 v0.6 Provides ifxetex conditional
)
("C:\Users\Dio.DESKTOP-QB6MRSV\AppData\Local\Programs\MiKTeX 2.9\tex/latex/ober
diek\auxhook.sty"
Package: auxhook 2016/05/16 v1.4 Hooks for auxiliary files (HO)
)
\@linkdim=\dimen148
\Hy@linkcounter=\count130
\Hy@pagecounter=\count131

("C:\Users\Dio.DESKTOP-QB6MRSV\AppData\Local\Programs\MiKTeX 2.9\tex/latex/hype
rref\pd1enc.def"
File: pd1enc.def 2019/06/12 v6.88h Hyperref: PDFDocEncoding definition (HO)
Now handling font encoding PD1 ...
... no UTF-8 mapping file for font encoding PD1
)
\Hy@SavedSpaceFactor=\count132

("C:\Users\Dio.DESKTOP-QB6MRSV\AppData\Local\Programs\MiKTeX 2.9\tex/latex/00mi
ktex\hyperref.cfg"
File: hyperref.cfg 2002/06/06 v1.2 hyperref configuration of TeXLive
)
Package hyperref Info: Hyper figures OFF on input line 4550.
Package hyperref Info: Link nesting OFF on input line 4555.
Package hyperref Info: Hyper index ON on input line 4558.
Package hyperref Info: Plain pages OFF on input line 4565.
Package hyperref Info: Backreferencing OFF on input line 4570.
Package hyperref Info: Implicit mode ON; LaTeX internals redefined.
Package hyperref Info: Bookmarks ON on input line 4803.
\c@Hy@tempcnt=\count133

("C:\Users\Dio.DESKTOP-QB6MRSV\AppData\Local\Programs\MiKTeX 2.9\tex/latex/url\
url.sty"
\Urlmuskip=\muskip11
Package: url 2013/09/16  ver 3.4  Verb mode for urls, etc.
)
LaTeX Info: Redefining \url on input line 5156.
\XeTeXLinkMargin=\dimen149
\Fld@menulength=\count134
\Field@Width=\dimen150
\Fld@charsize=\dimen151
Package hyperref Info: Hyper figures OFF on input line 6411.
Package hyperref Info: Link nesting OFF on input line 6416.
Package hyperref Info: Hyper index ON on input line 6419.
Package hyperref Info: backreferencing OFF on input line 6426.
Package hyperref Info: Link coloring OFF on input line 6431.
Package hyperref Info: Link coloring with OCG OFF on input line 6436.
Package hyperref Info: PDF/A mode OFF on input line 6441.
LaTeX Info: Redefining \ref on input line 6481.
LaTeX Info: Redefining \pageref on input line 6485.
\Hy@abspage=\count135
\c@Item=\count136
\c@Hfootnote=\count137
)
Package hyperref Info: Driver: hpdftex.

("C:\Users\Dio.DESKTOP-QB6MRSV\AppData\Local\Programs\MiKTeX 2.9\tex/latex/hype
rref\hpdftex.def"
File: hpdftex.def 2019/06/12 v6.88h Hyperref driver for pdfTeX
\Fld@listcount=\count138
\c@bookmark@seq@number=\count139

("C:\Users\Dio.DESKTOP-QB6MRSV\AppData\Local\Programs\MiKTeX 2.9\tex/latex/ober
diek\rerunfilecheck.sty"
Package: rerunfilecheck 2016/05/16 v1.8 Rerun checks for auxiliary files (HO)
Package uniquecounter Info: New unique counter `rerunfilecheck' on input line 2
82.
)
\Hy@SectionHShift=\skip70
)
("C:\Users\Dio.DESKTOP-QB6MRSV\AppData\Local\Programs\MiKTeX 2.9\tex/latex/epig
raph\epigraph.sty"
Package: epigraph 2009/09/02 v1.5c typesetting epigraphs
\beforeepigraphskip=\skip71
\afterepigraphskip=\skip72
\epigraphwidth=\skip73
\epigraphrule=\skip74
)
("C:\Users\Dio.DESKTOP-QB6MRSV\AppData\Local\Programs\MiKTeX 2.9\tex/latex/tool
s\xspace.sty"
Package: xspace 2014/10/28 v1.13 Space after command names (DPC,MH)
)
("C:\Users\Dio.DESKTOP-QB6MRSV\AppData\Local\Programs\MiKTeX 2.9\tex/latex/euro
sym\eurosym.sty"
Package: eurosym 1998/08/06 v1.1 European currency symbol ``Euro''
\@eurobox=\box41
)
("C:\Users\Dio.DESKTOP-QB6MRSV\AppData\Local\Programs\MiKTeX 2.9\tex/latex/ulem
\ulem.sty"
\UL@box=\box42
\UL@hyphenbox=\box43
\UL@skip=\skip75
\UL@hook=\toks36
\UL@height=\dimen152
\UL@pe=\count140
\UL@pixel=\dimen153
\ULC@box=\box44
Package: ulem 2012/05/18
\ULdepth=\dimen154
)
("C:\Users\Dio.DESKTOP-QB6MRSV\AppData\Local\Programs\MiKTeX 2.9\tex/latex/pgf/
frontendlayer\tikz.sty"
("C:\Users\Dio.DESKTOP-QB6MRSV\AppData\Local\Programs\MiKTeX 2.9\tex/latex/pgf/
basiclayer\pgf.sty"
("C:\Users\Dio.DESKTOP-QB6MRSV\AppData\Local\Programs\MiKTeX 2.9\tex/latex/pgf/
utilities\pgfrcs.sty"
("C:\Users\Dio.DESKTOP-QB6MRSV\AppData\Local\Programs\MiKTeX 2.9\tex/generic/pg
f/utilities\pgfutil-common.tex"
\pgfutil@everybye=\toks37
\pgfutil@tempdima=\dimen155
\pgfutil@tempdimb=\dimen156

("C:\Users\Dio.DESKTOP-QB6MRSV\AppData\Local\Programs\MiKTeX 2.9\tex/generic/pg
f/utilities\pgfutil-common-lists.tex"))
("C:\Users\Dio.DESKTOP-QB6MRSV\AppData\Local\Programs\MiKTeX 2.9\tex/generic/pg
f/utilities\pgfutil-latex.def"
\pgfutil@abb=\box45

("C:\Users\Dio.DESKTOP-QB6MRSV\AppData\Local\Programs\MiKTeX 2.9\tex/latex/ms\e
veryshi.sty"
Package: everyshi 2001/05/15 v3.00 EveryShipout Package (MS)
))
("C:\Users\Dio.DESKTOP-QB6MRSV\AppData\Local\Programs\MiKTeX 2.9\tex/generic/pg
f/utilities\pgfrcs.code.tex"
("C:\Users\Dio.DESKTOP-QB6MRSV\AppData\Local\Programs\MiKTeX 2.9\tex/generic/pg
f\pgf.revision.tex")
Package: pgfrcs 2019/08/03 v3.1.4b (3.1.4b)
))
Package: pgf 2019/08/03 v3.1.4b (3.1.4b)

("C:\Users\Dio.DESKTOP-QB6MRSV\AppData\Local\Programs\MiKTeX 2.9\tex/latex/pgf/
basiclayer\pgfcore.sty"
("C:\Users\Dio.DESKTOP-QB6MRSV\AppData\Local\Programs\MiKTeX 2.9\tex/latex/pgf/
systemlayer\pgfsys.sty"
("C:\Users\Dio.DESKTOP-QB6MRSV\AppData\Local\Programs\MiKTeX 2.9\tex/generic/pg
f/systemlayer\pgfsys.code.tex"
Package: pgfsys 2019/08/03 v3.1.4b (3.1.4b)

("C:\Users\Dio.DESKTOP-QB6MRSV\AppData\Local\Programs\MiKTeX 2.9\tex/generic/pg
f/utilities\pgfkeys.code.tex"
\pgfkeys@pathtoks=\toks38
\pgfkeys@temptoks=\toks39

("C:\Users\Dio.DESKTOP-QB6MRSV\AppData\Local\Programs\MiKTeX 2.9\tex/generic/pg
f/utilities\pgfkeysfiltered.code.tex"
\pgfkeys@tmptoks=\toks40
))
\pgf@x=\dimen157
\pgf@y=\dimen158
\pgf@xa=\dimen159
\pgf@ya=\dimen160
\pgf@xb=\dimen161
\pgf@yb=\dimen162
\pgf@xc=\dimen163
\pgf@yc=\dimen164
\pgf@xd=\dimen165
\pgf@yd=\dimen166
\w@pgf@writea=\write3
\r@pgf@reada=\read1
\c@pgf@counta=\count141
\c@pgf@countb=\count142
\c@pgf@countc=\count143
\c@pgf@countd=\count144
\t@pgf@toka=\toks41
\t@pgf@tokb=\toks42
\t@pgf@tokc=\toks43
\pgf@sys@id@count=\count145

("C:\Users\Dio.DESKTOP-QB6MRSV\AppData\Local\Programs\MiKTeX 2.9\tex/generic/pg
f/systemlayer\pgf.cfg"
File: pgf.cfg 2019/08/03 v3.1.4b (3.1.4b)
)
Driver file for pgf: pgfsys-pdftex.def

("C:\Users\Dio.DESKTOP-QB6MRSV\AppData\Local\Programs\MiKTeX 2.9\tex/generic/pg
f/systemlayer\pgfsys-pdftex.def"
File: pgfsys-pdftex.def 2019/08/03 v3.1.4b (3.1.4b)

("C:\Users\Dio.DESKTOP-QB6MRSV\AppData\Local\Programs\MiKTeX 2.9\tex/generic/pg
f/systemlayer\pgfsys-common-pdf.def"
File: pgfsys-common-pdf.def 2019/08/03 v3.1.4b (3.1.4b)
)))
("C:\Users\Dio.DESKTOP-QB6MRSV\AppData\Local\Programs\MiKTeX 2.9\tex/generic/pg
f/systemlayer\pgfsyssoftpath.code.tex"
File: pgfsyssoftpath.code.tex 2019/08/03 v3.1.4b (3.1.4b)
\pgfsyssoftpath@smallbuffer@items=\count146
\pgfsyssoftpath@bigbuffer@items=\count147
)
("C:\Users\Dio.DESKTOP-QB6MRSV\AppData\Local\Programs\MiKTeX 2.9\tex/generic/pg
f/systemlayer\pgfsysprotocol.code.tex"
File: pgfsysprotocol.code.tex 2019/08/03 v3.1.4b (3.1.4b)
))
("C:\Users\Dio.DESKTOP-QB6MRSV\AppData\Local\Programs\MiKTeX 2.9\tex/latex/xcol
or\xcolor.sty"
Package: xcolor 2016/05/11 v2.12 LaTeX color extensions (UK)

("C:\Users\Dio.DESKTOP-QB6MRSV\AppData\Local\Programs\MiKTeX 2.9\tex/latex/grap
hics-cfg\color.cfg"
File: color.cfg 2016/01/02 v1.6 sample color configuration
)
Package xcolor Info: Driver file: pdftex.def on input line 225.
LaTeX Info: Redefining \color on input line 709.
Package xcolor Info: Model `cmy' substituted by `cmy0' on input line 1348.
Package xcolor Info: Model `hsb' substituted by `rgb' on input line 1352.
Package xcolor Info: Model `RGB' extended on input line 1364.
Package xcolor Info: Model `HTML' substituted by `rgb' on input line 1366.
Package xcolor Info: Model `Hsb' substituted by `hsb' on input line 1367.
Package xcolor Info: Model `tHsb' substituted by `hsb' on input line 1368.
Package xcolor Info: Model `HSB' substituted by `hsb' on input line 1369.
Package xcolor Info: Model `Gray' substituted by `gray' on input line 1370.
Package xcolor Info: Model `wave' substituted by `hsb' on input line 1371.
)
("C:\Users\Dio.DESKTOP-QB6MRSV\AppData\Local\Programs\MiKTeX 2.9\tex/generic/pg
f/basiclayer\pgfcore.code.tex"
Package: pgfcore 2019/08/03 v3.1.4b (3.1.4b)

("C:\Users\Dio.DESKTOP-QB6MRSV\AppData\Local\Programs\MiKTeX 2.9\tex/generic/pg
f/math\pgfmath.code.tex"
("C:\Users\Dio.DESKTOP-QB6MRSV\AppData\Local\Programs\MiKTeX 2.9\tex/generic/pg
f/math\pgfmathcalc.code.tex"
("C:\Users\Dio.DESKTOP-QB6MRSV\AppData\Local\Programs\MiKTeX 2.9\tex/generic/pg
f/math\pgfmathutil.code.tex")
("C:\Users\Dio.DESKTOP-QB6MRSV\AppData\Local\Programs\MiKTeX 2.9\tex/generic/pg
f/math\pgfmathparser.code.tex"
\pgfmath@dimen=\dimen167
\pgfmath@count=\count148
\pgfmath@box=\box46
\pgfmath@toks=\toks44
\pgfmath@stack@operand=\toks45
\pgfmath@stack@operation=\toks46
)
("C:\Users\Dio.DESKTOP-QB6MRSV\AppData\Local\Programs\MiKTeX 2.9\tex/generic/pg
f/math\pgfmathfunctions.code.tex"
("C:\Users\Dio.DESKTOP-QB6MRSV\AppData\Local\Programs\MiKTeX 2.9\tex/generic/pg
f/math\pgfmathfunctions.basic.code.tex")
("C:\Users\Dio.DESKTOP-QB6MRSV\AppData\Local\Programs\MiKTeX 2.9\tex/generic/pg
f/math\pgfmathfunctions.trigonometric.code.tex")
("C:\Users\Dio.DESKTOP-QB6MRSV\AppData\Local\Programs\MiKTeX 2.9\tex/generic/pg
f/math\pgfmathfunctions.random.code.tex")
("C:\Users\Dio.DESKTOP-QB6MRSV\AppData\Local\Programs\MiKTeX 2.9\tex/generic/pg
f/math\pgfmathfunctions.comparison.code.tex")
("C:\Users\Dio.DESKTOP-QB6MRSV\AppData\Local\Programs\MiKTeX 2.9\tex/generic/pg
f/math\pgfmathfunctions.base.code.tex")
("C:\Users\Dio.DESKTOP-QB6MRSV\AppData\Local\Programs\MiKTeX 2.9\tex/generic/pg
f/math\pgfmathfunctions.round.code.tex")
("C:\Users\Dio.DESKTOP-QB6MRSV\AppData\Local\Programs\MiKTeX 2.9\tex/generic/pg
f/math\pgfmathfunctions.misc.code.tex")
("C:\Users\Dio.DESKTOP-QB6MRSV\AppData\Local\Programs\MiKTeX 2.9\tex/generic/pg
f/math\pgfmathfunctions.integerarithmetics.code.tex")))
("C:\Users\Dio.DESKTOP-QB6MRSV\AppData\Local\Programs\MiKTeX 2.9\tex/generic/pg
f/math\pgfmathfloat.code.tex"
\c@pgfmathroundto@lastzeros=\count149
))
("C:\Users\Dio.DESKTOP-QB6MRSV\AppData\Local\Programs\MiKTeX 2.9\tex/generic/pg
f/math\pgfint.code.tex")
("C:\Users\Dio.DESKTOP-QB6MRSV\AppData\Local\Programs\MiKTeX 2.9\tex/generic/pg
f/basiclayer\pgfcorepoints.code.tex"
File: pgfcorepoints.code.tex 2019/08/03 v3.1.4b (3.1.4b)
\pgf@picminx=\dimen168
\pgf@picmaxx=\dimen169
\pgf@picminy=\dimen170
\pgf@picmaxy=\dimen171
\pgf@pathminx=\dimen172
\pgf@pathmaxx=\dimen173
\pgf@pathminy=\dimen174
\pgf@pathmaxy=\dimen175
\pgf@xx=\dimen176
\pgf@xy=\dimen177
\pgf@yx=\dimen178
\pgf@yy=\dimen179
\pgf@zx=\dimen180
\pgf@zy=\dimen181
)
("C:\Users\Dio.DESKTOP-QB6MRSV\AppData\Local\Programs\MiKTeX 2.9\tex/generic/pg
f/basiclayer\pgfcorepathconstruct.code.tex"
File: pgfcorepathconstruct.code.tex 2019/08/03 v3.1.4b (3.1.4b)
\pgf@path@lastx=\dimen182
\pgf@path@lasty=\dimen183
)
("C:\Users\Dio.DESKTOP-QB6MRSV\AppData\Local\Programs\MiKTeX 2.9\tex/generic/pg
f/basiclayer\pgfcorepathusage.code.tex"
File: pgfcorepathusage.code.tex 2019/08/03 v3.1.4b (3.1.4b)
\pgf@shorten@end@additional=\dimen184
\pgf@shorten@start@additional=\dimen185
)
("C:\Users\Dio.DESKTOP-QB6MRSV\AppData\Local\Programs\MiKTeX 2.9\tex/generic/pg
f/basiclayer\pgfcorescopes.code.tex"
File: pgfcorescopes.code.tex 2019/08/03 v3.1.4b (3.1.4b)
\pgfpic=\box47
\pgf@hbox=\box48
\pgf@layerbox@main=\box49
\pgf@picture@serial@count=\count150
)
("C:\Users\Dio.DESKTOP-QB6MRSV\AppData\Local\Programs\MiKTeX 2.9\tex/generic/pg
f/basiclayer\pgfcoregraphicstate.code.tex"
File: pgfcoregraphicstate.code.tex 2019/08/03 v3.1.4b (3.1.4b)
\pgflinewidth=\dimen186
)
("C:\Users\Dio.DESKTOP-QB6MRSV\AppData\Local\Programs\MiKTeX 2.9\tex/generic/pg
f/basiclayer\pgfcoretransformations.code.tex"
File: pgfcoretransformations.code.tex 2019/08/03 v3.1.4b (3.1.4b)
\pgf@pt@x=\dimen187
\pgf@pt@y=\dimen188
\pgf@pt@temp=\dimen189
)
("C:\Users\Dio.DESKTOP-QB6MRSV\AppData\Local\Programs\MiKTeX 2.9\tex/generic/pg
f/basiclayer\pgfcorequick.code.tex"
File: pgfcorequick.code.tex 2019/08/03 v3.1.4b (3.1.4b)
)
("C:\Users\Dio.DESKTOP-QB6MRSV\AppData\Local\Programs\MiKTeX 2.9\tex/generic/pg
f/basiclayer\pgfcoreobjects.code.tex"
File: pgfcoreobjects.code.tex 2019/08/03 v3.1.4b (3.1.4b)
)
("C:\Users\Dio.DESKTOP-QB6MRSV\AppData\Local\Programs\MiKTeX 2.9\tex/generic/pg
f/basiclayer\pgfcorepathprocessing.code.tex"
File: pgfcorepathprocessing.code.tex 2019/08/03 v3.1.4b (3.1.4b)
)
("C:\Users\Dio.DESKTOP-QB6MRSV\AppData\Local\Programs\MiKTeX 2.9\tex/generic/pg
f/basiclayer\pgfcorearrows.code.tex"
File: pgfcorearrows.code.tex 2019/08/03 v3.1.4b (3.1.4b)
\pgfarrowsep=\dimen190
)
("C:\Users\Dio.DESKTOP-QB6MRSV\AppData\Local\Programs\MiKTeX 2.9\tex/generic/pg
f/basiclayer\pgfcoreshade.code.tex"
File: pgfcoreshade.code.tex 2019/08/03 v3.1.4b (3.1.4b)
\pgf@max=\dimen191
\pgf@sys@shading@range@num=\count151
\pgf@shadingcount=\count152
)
("C:\Users\Dio.DESKTOP-QB6MRSV\AppData\Local\Programs\MiKTeX 2.9\tex/generic/pg
f/basiclayer\pgfcoreimage.code.tex"
File: pgfcoreimage.code.tex 2019/08/03 v3.1.4b (3.1.4b)

("C:\Users\Dio.DESKTOP-QB6MRSV\AppData\Local\Programs\MiKTeX 2.9\tex/generic/pg
f/basiclayer\pgfcoreexternal.code.tex"
File: pgfcoreexternal.code.tex 2019/08/03 v3.1.4b (3.1.4b)
\pgfexternal@startupbox=\box50
))
("C:\Users\Dio.DESKTOP-QB6MRSV\AppData\Local\Programs\MiKTeX 2.9\tex/generic/pg
f/basiclayer\pgfcorelayers.code.tex"
File: pgfcorelayers.code.tex 2019/08/03 v3.1.4b (3.1.4b)
)
("C:\Users\Dio.DESKTOP-QB6MRSV\AppData\Local\Programs\MiKTeX 2.9\tex/generic/pg
f/basiclayer\pgfcoretransparency.code.tex"
File: pgfcoretransparency.code.tex 2019/08/03 v3.1.4b (3.1.4b)
)
("C:\Users\Dio.DESKTOP-QB6MRSV\AppData\Local\Programs\MiKTeX 2.9\tex/generic/pg
f/basiclayer\pgfcorepatterns.code.tex"
File: pgfcorepatterns.code.tex 2019/08/03 v3.1.4b (3.1.4b)
)
("C:\Users\Dio.DESKTOP-QB6MRSV\AppData\Local\Programs\MiKTeX 2.9\tex/generic/pg
f/basiclayer\pgfcorerdf.code.tex"
File: pgfcorerdf.code.tex 2019/08/03 v3.1.4b (3.1.4b)
)))
("C:\Users\Dio.DESKTOP-QB6MRSV\AppData\Local\Programs\MiKTeX 2.9\tex/generic/pg
f/modules\pgfmoduleshapes.code.tex"
File: pgfmoduleshapes.code.tex 2019/08/03 v3.1.4b (3.1.4b)
\pgfnodeparttextbox=\box51
)
("C:\Users\Dio.DESKTOP-QB6MRSV\AppData\Local\Programs\MiKTeX 2.9\tex/generic/pg
f/modules\pgfmoduleplot.code.tex"
File: pgfmoduleplot.code.tex 2019/08/03 v3.1.4b (3.1.4b)
)
("C:\Users\Dio.DESKTOP-QB6MRSV\AppData\Local\Programs\MiKTeX 2.9\tex/latex/pgf/
compatibility\pgfcomp-version-0-65.sty"
Package: pgfcomp-version-0-65 2019/08/03 v3.1.4b (3.1.4b)
\pgf@nodesepstart=\dimen192
\pgf@nodesepend=\dimen193
)
("C:\Users\Dio.DESKTOP-QB6MRSV\AppData\Local\Programs\MiKTeX 2.9\tex/latex/pgf/
compatibility\pgfcomp-version-1-18.sty"
Package: pgfcomp-version-1-18 2019/08/03 v3.1.4b (3.1.4b)
))
("C:\Users\Dio.DESKTOP-QB6MRSV\AppData\Local\Programs\MiKTeX 2.9\tex/latex/pgf/
utilities\pgffor.sty"
("C:\Users\Dio.DESKTOP-QB6MRSV\AppData\Local\Programs\MiKTeX 2.9\tex/latex/pgf/
utilities\pgfkeys.sty"
("C:\Users\Dio.DESKTOP-QB6MRSV\AppData\Local\Programs\MiKTeX 2.9\tex/generic/pg
f/utilities\pgfkeys.code.tex"))
("C:\Users\Dio.DESKTOP-QB6MRSV\AppData\Local\Programs\MiKTeX 2.9\tex/latex/pgf/
math\pgfmath.sty"
("C:\Users\Dio.DESKTOP-QB6MRSV\AppData\Local\Programs\MiKTeX 2.9\tex/generic/pg
f/math\pgfmath.code.tex"))
("C:\Users\Dio.DESKTOP-QB6MRSV\AppData\Local\Programs\MiKTeX 2.9\tex/generic/pg
f/utilities\pgffor.code.tex"
Package: pgffor 2019/08/03 v3.1.4b (3.1.4b)

("C:\Users\Dio.DESKTOP-QB6MRSV\AppData\Local\Programs\MiKTeX 2.9\tex/generic/pg
f/math\pgfmath.code.tex")
\pgffor@iter=\dimen194
\pgffor@skip=\dimen195
\pgffor@stack=\toks47
\pgffor@toks=\toks48
))
("C:\Users\Dio.DESKTOP-QB6MRSV\AppData\Local\Programs\MiKTeX 2.9\tex/generic/pg
f/frontendlayer/tikz\tikz.code.tex"
Package: tikz 2019/08/03 v3.1.4b (3.1.4b)

("C:\Users\Dio.DESKTOP-QB6MRSV\AppData\Local\Programs\MiKTeX 2.9\tex/generic/pg
f/libraries\pgflibraryplothandlers.code.tex"
File: pgflibraryplothandlers.code.tex 2019/08/03 v3.1.4b (3.1.4b)
\pgf@plot@mark@count=\count153
\pgfplotmarksize=\dimen196
)
\tikz@lastx=\dimen197
\tikz@lasty=\dimen198
\tikz@lastxsaved=\dimen199
\tikz@lastysaved=\dimen256
\tikz@lastmovetox=\dimen257
\tikz@lastmovetoy=\dimen258
\tikzleveldistance=\dimen259
\tikzsiblingdistance=\dimen260
\tikz@figbox=\box52
\tikz@figbox@bg=\box53
\tikz@tempbox=\box54
\tikz@tempbox@bg=\box55
\tikztreelevel=\count154
\tikznumberofchildren=\count155
\tikznumberofcurrentchild=\count156
\tikz@fig@count=\count157

("C:\Users\Dio.DESKTOP-QB6MRSV\AppData\Local\Programs\MiKTeX 2.9\tex/generic/pg
f/modules\pgfmodulematrix.code.tex"
File: pgfmodulematrix.code.tex 2019/08/03 v3.1.4b (3.1.4b)
\pgfmatrixcurrentrow=\count158
\pgfmatrixcurrentcolumn=\count159
\pgf@matrix@numberofcolumns=\count160
)
\tikz@expandcount=\count161

("C:\Users\Dio.DESKTOP-QB6MRSV\AppData\Local\Programs\MiKTeX 2.9\tex/generic/pg
f/frontendlayer/tikz/libraries\tikzlibrarytopaths.code.tex"
File: tikzlibrarytopaths.code.tex 2019/08/03 v3.1.4b (3.1.4b)
)))
("C:\Users\Dio.DESKTOP-QB6MRSV\AppData\Local\Programs\MiKTeX 2.9\tex/generic/pg
f/frontendlayer/tikz/libraries\tikzlibraryspy.code.tex"
File: tikzlibraryspy.code.tex 2019/08/03 v3.1.4b (3.1.4b)
\tikz@lib@spybox=\box56
)
("C:\Users\Dio.DESKTOP-QB6MRSV\AppData\Local\Programs\MiKTeX 2.9\tex/latex/tool
s\verbatim.sty"
Package: verbatim 2014/10/28 v1.5q LaTeX2e package for verbatim enhancements
\every@verbatim=\toks49
\verbatim@line=\toks50
\verbatim@in@stream=\read2
)
("C:\Users\Dio.DESKTOP-QB6MRSV\AppData\Local\Programs\MiKTeX 2.9\tex/latex/foot
misc\footmisc.sty"
Package: footmisc 2011/06/06 v5.5b a miscellany of footnote facilities
\FN@temptoken=\toks51
\footnotemargin=\dimen261
\c@pp@next@reset=\count162
Package footmisc Info: Declaring symbol style bringhurst on input line 855.
Package footmisc Info: Declaring symbol style chicago on input line 863.
Package footmisc Info: Declaring symbol style wiley on input line 872.
Package footmisc Info: Declaring symbol style lamport-robust on input line 883.

Package footmisc Info: Declaring symbol style lamport* on input line 903.
Package footmisc Info: Declaring symbol style lamport*-robust on input line 924
.
)
("C:\Users\Dio.DESKTOP-QB6MRSV\AppData\Local\Programs\MiKTeX 2.9\tex/latex/comm
ent\comment.sty"
\CommentStream=\write4
 Excluding comment 'comment')
("C:\Users\Dio.DESKTOP-QB6MRSV\AppData\Local\Programs\MiKTeX 2.9\tex/latex/sets
pace\setspace.sty"
Package: setspace 2011/12/19 v6.7a set line spacing
)
("C:\Users\Dio.DESKTOP-QB6MRSV\AppData\Local\Programs\MiKTeX 2.9\tex/latex/geom
etry\geometry.sty"
Package: geometry 2018/04/16 v5.8 Page Geometry
\Gm@cnth=\count163
\Gm@cntv=\count164
\c@Gm@tempcnt=\count165
\Gm@bindingoffset=\dimen262
\Gm@wd@mp=\dimen263
\Gm@odd@mp=\dimen264
\Gm@even@mp=\dimen265
\Gm@layoutwidth=\dimen266
\Gm@layoutheight=\dimen267
\Gm@layouthoffset=\dimen268
\Gm@layoutvoffset=\dimen269
\Gm@dimlist=\toks52

("C:\Users\Dio.DESKTOP-QB6MRSV\AppData\Local\Programs\MiKTeX 2.9\tex/latex/geom
etry\geometry.cfg"))
("C:\Users\Dio.DESKTOP-QB6MRSV\AppData\Local\Programs\MiKTeX 2.9\tex/latex/ober
diek\pdflscape.sty"
Package: pdflscape 2016/05/14 v0.11 Display of landscape pages in PDF (HO)

("C:\Users\Dio.DESKTOP-QB6MRSV\AppData\Local\Programs\MiKTeX 2.9\tex/latex/grap
hics\lscape.sty"
Package: lscape 2000/10/22 v3.01 Landscape Pages (DPC)
)
Package pdflscape Info: Auto-detected driver: pdftex on input line 81.
)
("C:\Users\Dio.DESKTOP-QB6MRSV\AppData\Local\Programs\MiKTeX 2.9\tex/latex/natb
ib\natbib.sty"
Package: natbib 2010/09/13 8.31b (PWD, AO)
\bibhang=\skip76
\bibsep=\skip77
LaTeX Info: Redefining \cite on input line 694.
\c@NAT@ctr=\count166
)
("C:\Users\Dio.DESKTOP-QB6MRSV\AppData\Local\Programs\MiKTeX 2.9\tex/latex/book
tabs\booktabs.sty"
Package: booktabs 2005/04/14 v1.61803 publication quality tables
\heavyrulewidth=\dimen270
\lightrulewidth=\dimen271
\cmidrulewidth=\dimen272
\belowrulesep=\dimen273
\belowbottomsep=\dimen274
\aboverulesep=\dimen275
\abovetopsep=\dimen276
\cmidrulesep=\dimen277
\cmidrulekern=\dimen278
\defaultaddspace=\dimen279
\@cmidla=\count167
\@cmidlb=\count168
\@aboverulesep=\dimen280
\@belowrulesep=\dimen281
\@thisruleclass=\count169
\@lastruleclass=\count170
\@thisrulewidth=\dimen282
)
("C:\Users\Dio.DESKTOP-QB6MRSV\AppData\Local\Programs\MiKTeX 2.9\tex/latex/tool
s\dcolumn.sty"
Package: dcolumn 2014/10/28 v1.06 decimal alignment package (DPC)
)
("C:\Users\Dio.DESKTOP-QB6MRSV\AppData\Local\Programs\MiKTeX 2.9\tex/latex/jkna
ppen\mathrsfs.sty"
Package: mathrsfs 1996/01/01 Math RSFS package v1.0 (jk)
\symrsfs=\mathgroup6
)
("C:\Users\Dio.DESKTOP-QB6MRSV\AppData\Local\Programs\MiKTeX 2.9\tex/generic/pg
f/frontendlayer/tikz/libraries\tikzlibrarypositioning.code.tex"
File: tikzlibrarypositioning.code.tex 2019/08/03 v3.1.4b (3.1.4b)
)
("C:\Users\Dio.DESKTOP-QB6MRSV\AppData\Local\Programs\MiKTeX 2.9\tex/generic/pg
f/frontendlayer/tikz/libraries\tikzlibraryarrows.code.tex"
File: tikzlibraryarrows.code.tex 2019/08/03 v3.1.4b (3.1.4b)

("C:\Users\Dio.DESKTOP-QB6MRSV\AppData\Local\Programs\MiKTeX 2.9\tex/generic/pg
f/libraries\pgflibraryarrows.code.tex"
File: pgflibraryarrows.code.tex 2019/08/03 v3.1.4b (3.1.4b)
\arrowsize=\dimen283
))
("C:\Users\Dio.DESKTOP-QB6MRSV\AppData\Local\Programs\MiKTeX 2.9\tex/generic/pg
f/frontendlayer/tikz/libraries\tikzlibraryshapes.multipart.code.tex"
File: tikzlibraryshapes.multipart.code.tex 2019/08/03 v3.1.4b (3.1.4b)

("C:\Users\Dio.DESKTOP-QB6MRSV\AppData\Local\Programs\MiKTeX 2.9\tex/generic/pg
f/libraries/shapes\pgflibraryshapes.multipart.code.tex"
File: pgflibraryshapes.multipart.code.tex 2019/08/03 v3.1.4b (3.1.4b)
\pgfnodepartlowerbox=\box57
\pgfnodeparttwobox=\box58
\pgfnodepartthreebox=\box59
\pgfnodepartfourbox=\box60
\pgfnodeparttwentybox=\box61
\pgfnodepartnineteenbox=\box62
\pgfnodeparteighteenbox=\box63
\pgfnodepartseventeenbox=\box64
\pgfnodepartsixteenbox=\box65
\pgfnodepartfifteenbox=\box66
\pgfnodepartfourteenbox=\box67
\pgfnodepartthirteenbox=\box68
\pgfnodeparttwelvebox=\box69
\pgfnodepartelevenbox=\box70
\pgfnodeparttenbox=\box71
\pgfnodepartninebox=\box72
\pgfnodeparteightbox=\box73
\pgfnodepartsevenbox=\box74
\pgfnodepartsixbox=\box75
\pgfnodepartfivebox=\box76
))
("C:\Users\Dio.DESKTOP-QB6MRSV\AppData\Local\Programs\MiKTeX 2.9\tex/generic/pg
f/frontendlayer/tikz/libraries\tikzlibraryshapes.code.tex"
File: tikzlibraryshapes.code.tex 2019/08/03 v3.1.4b (3.1.4b)

("C:\Users\Dio.DESKTOP-QB6MRSV\AppData\Local\Programs\MiKTeX 2.9\tex/generic/pg
f/frontendlayer/tikz/libraries\tikzlibraryshapes.geometric.code.tex"
File: tikzlibraryshapes.geometric.code.tex 2019/08/03 v3.1.4b (3.1.4b)

("C:\Users\Dio.DESKTOP-QB6MRSV\AppData\Local\Programs\MiKTeX 2.9\tex/generic/pg
f/libraries/shapes\pgflibraryshapes.geometric.code.tex"
File: pgflibraryshapes.geometric.code.tex 2019/08/03 v3.1.4b (3.1.4b)
))
("C:\Users\Dio.DESKTOP-QB6MRSV\AppData\Local\Programs\MiKTeX 2.9\tex/generic/pg
f/frontendlayer/tikz/libraries\tikzlibraryshapes.misc.code.tex"
File: tikzlibraryshapes.misc.code.tex 2019/08/03 v3.1.4b (3.1.4b)

("C:\Users\Dio.DESKTOP-QB6MRSV\AppData\Local\Programs\MiKTeX 2.9\tex/generic/pg
f/libraries/shapes\pgflibraryshapes.misc.code.tex"
File: pgflibraryshapes.misc.code.tex 2019/08/03 v3.1.4b (3.1.4b)
))
("C:\Users\Dio.DESKTOP-QB6MRSV\AppData\Local\Programs\MiKTeX 2.9\tex/generic/pg
f/frontendlayer/tikz/libraries\tikzlibraryshapes.symbols.code.tex"
File: tikzlibraryshapes.symbols.code.tex 2019/08/03 v3.1.4b (3.1.4b)

("C:\Users\Dio.DESKTOP-QB6MRSV\AppData\Local\Programs\MiKTeX 2.9\tex/generic/pg
f/libraries/shapes\pgflibraryshapes.symbols.code.tex"
File: pgflibraryshapes.symbols.code.tex 2019/08/03 v3.1.4b (3.1.4b)
))
("C:\Users\Dio.DESKTOP-QB6MRSV\AppData\Local\Programs\MiKTeX 2.9\tex/generic/pg
f/frontendlayer/tikz/libraries\tikzlibraryshapes.arrows.code.tex"
File: tikzlibraryshapes.arrows.code.tex 2019/08/03 v3.1.4b (3.1.4b)

("C:\Users\Dio.DESKTOP-QB6MRSV\AppData\Local\Programs\MiKTeX 2.9\tex/generic/pg
f/libraries/shapes\pgflibraryshapes.arrows.code.tex"
File: pgflibraryshapes.arrows.code.tex 2019/08/03 v3.1.4b (3.1.4b)
))
("C:\Users\Dio.DESKTOP-QB6MRSV\AppData\Local\Programs\MiKTeX 2.9\tex/generic/pg
f/frontendlayer/tikz/libraries\tikzlibraryshapes.callouts.code.tex"
("C:\Users\Dio.DESKTOP-QB6MRSV\AppData\Local\Programs\MiKTeX 2.9\tex/generic/pg
f/libraries/shapes\pgflibraryshapes.callouts.code.tex")))
Package hyperref Info: Option `colorlinks' set `true' on input line 84.
\c@theorem=\count171
\c@proposition=\count172
\c@definition=\count173
\c@axiom=\count174
\c@observation=\count175
\c@assumption=\count176
\c@remark=\count177
\c@lemma=\count178
\c@result=\count179
\c@hyp=\count180
\c@subhyp=\count181
 (Coverinformation.aux)
\openout1 = `Coverinformation.aux'.

LaTeX Font Info:    Checking defaults for OML/cmm/m/it on input line 211.
LaTeX Font Info:    ... okay on input line 211.
LaTeX Font Info:    Checking defaults for T1/cmr/m/n on input line 211.
LaTeX Font Info:    ... okay on input line 211.
LaTeX Font Info:    Checking defaults for OT1/cmr/m/n on input line 211.
LaTeX Font Info:    ... okay on input line 211.
LaTeX Font Info:    Checking defaults for OMS/cmsy/m/n on input line 211.
LaTeX Font Info:    ... okay on input line 211.
LaTeX Font Info:    Checking defaults for OMX/cmex/m/n on input line 211.
LaTeX Font Info:    ... okay on input line 211.
LaTeX Font Info:    Checking defaults for U/cmr/m/n on input line 211.
LaTeX Font Info:    ... okay on input line 211.
LaTeX Font Info:    Checking defaults for PD1/pdf/m/n on input line 211.
LaTeX Font Info:    ... okay on input line 211.
Package caption Info: Begin \AtBeginDocument code.
Package caption Info: hyperref package is loaded.
Package caption Info: listings package is loaded.
Package caption Info: longtable package is loaded.

("C:\Users\Dio.DESKTOP-QB6MRSV\AppData\Local\Programs\MiKTeX 2.9\tex/latex/capt
ion\ltcaption.sty"
Package: ltcaption 2018/08/26 v1.4-95 longtable captions (AR)
)
Package caption Info: rotating package is loaded.
Package caption Info: subfigure package is loaded.
Package caption Info: End \AtBeginDocument code.

("C:\Users\Dio.DESKTOP-QB6MRSV\AppData\Local\Programs\MiKTeX 2.9\tex/context/ba
se/mkii\supp-pdf.mkii"
[Loading MPS to PDF converter (version 2006.09.02).]
\scratchcounter=\count182
\scratchdimen=\dimen284
\scratchbox=\box77
\nofMPsegments=\count183
\nofMParguments=\count184
\everyMPshowfont=\toks53
\MPscratchCnt=\count185
\MPscratchDim=\dimen285
\MPnumerator=\count186
\makeMPintoPDFobject=\count187
\everyMPtoPDFconversion=\toks54
)
\c@lstlisting=\count188
\AtBeginShipoutBox=\box78
Package hyperref Info: Link coloring ON on input line 211.

("C:\Users\Dio.DESKTOP-QB6MRSV\AppData\Local\Programs\MiKTeX 2.9\tex/latex/hype
rref\nameref.sty"
Package: nameref 2016/05/21 v2.44 Cross-referencing by name of section

("C:\Users\Dio.DESKTOP-QB6MRSV\AppData\Local\Programs\MiKTeX 2.9\tex/generic/ob
erdiek\gettitlestring.sty"
Package: gettitlestring 2016/05/16 v1.5 Cleanup title references (HO)
)
\c@section@level=\count189
)
LaTeX Info: Redefining \ref on input line 211.
LaTeX Info: Redefining \pageref on input line 211.
LaTeX Info: Redefining \nameref on input line 211.
 (Coverinformation.out) (Coverinformation.out)
\@outlinefile=\write5
\openout5 = `Coverinformation.out'.


ABD: EveryShipout initializing macros
*geometry* driver: auto-detecting
*geometry* detected driver: pdftex
*geometry* verbose mode - [ preamble ] result:
* driver: pdftex
* paper: <default>
* layout: <same size as paper>
* layoutoffset:(h,v)=(0.0pt,0.0pt)
* modes: 
* h-part:(L,W,R)=(72.26999pt, 469.75502pt, 72.26999pt)
* v-part:(T,H,B)=(72.26999pt, 650.43001pt, 72.26999pt)
* \paperwidth=614.295pt
* \paperheight=794.96999pt
* \textwidth=469.75502pt
* \textheight=650.43001pt
* \oddsidemargin=0.0pt
* \evensidemargin=0.0pt
* \topmargin=-37.0pt
* \headheight=12.0pt
* \headsep=25.0pt
* \topskip=12.0pt
* \footskip=30.0pt
* \marginparwidth=44.0pt
* \marginparsep=10.0pt
* \columnsep=10.0pt
* \skip\footins=10.8pt plus 4.0pt minus 2.0pt
* \hoffset=0.0pt
* \voffset=0.0pt
* \mag=1000
* \@twocolumnfalse
* \@twosidefalse
* \@mparswitchfalse
* \@reversemarginfalse
* (1in=72.27pt=25.4mm, 1cm=28.453pt)

LaTeX Font Info:    Try loading font information for U+msa on input line 214.

("C:\Users\Dio.DESKTOP-QB6MRSV\AppData\Local\Programs\MiKTeX 2.9\tex/latex/amsf
onts\umsa.fd"
File: umsa.fd 2013/01/14 v3.01 AMS symbols A
)
LaTeX Font Info:    Try loading font information for U+msb on input line 214.

("C:\Users\Dio.DESKTOP-QB6MRSV\AppData\Local\Programs\MiKTeX 2.9\tex/latex/amsf
onts\umsb.fd"
File: umsb.fd 2013/01/14 v3.01 AMS symbols B
)
LaTeX Font Info:    Try loading font information for U+rsfs on input line 214.

("C:\Users\Dio.DESKTOP-QB6MRSV\AppData\Local\Programs\MiKTeX 2.9\tex/latex/jkna
ppen\ursfs.fd"
File: ursfs.fd 1998/03/24 rsfs font definition file (jk)
)
No file Coverinformation.bbl.
[1

{C:/Users/Dio.DESKTOP-QB6MRSV/AppData/Local/MiKTeX/2.9/pdftex/config/pdftex.map
}]
Package atveryend Info: Empty hook `BeforeClearDocument' on input line 236.
Package atveryend Info: Empty hook `AfterLastShipout' on input line 236.
 (Coverinformation.aux)
Package atveryend Info: Executing hook `AtVeryEndDocument' on input line 236.
Package atveryend Info: Executing hook `AtEndAfterFileList' on input line 236.
Package rerunfilecheck Info: File `Coverinformation.out' has not changed.
(rerunfilecheck)             Checksum: 6CFF835B5152538C201245DF41E3DD73;191.
Package atveryend Info: Empty hook `AtVeryVeryEnd' on input line 236.
 ) 
Here is how much of TeX's memory you used:
 23886 strings out of 492895
 469109 string characters out of 3117197
 562940 words of memory out of 3000000
 27311 multiletter control sequences out of 15000+200000
 10096 words of font info for 40 fonts, out of 3000000 for 9000
 1141 hyphenation exceptions out of 8191
 55i,9n,67p,420b,324s stack positions out of 5000i,500n,10000p,200000b,50000s
<C:/Users/Dio.DESKTOP-QB6MRSV/AppData/Local/Programs/MiKTeX 2.9/fonts/type1/p
ublic/amsfonts/cm/cmbx12.pfb><C:/Users/Dio.DESKTOP-QB6MRSV/AppData/Local/Progra
ms/MiKTeX 2.9/fonts/type1/public/amsfonts/cm/cmex10.pfb><C:/Users/Dio.DESKTOP-Q
B6MRSV/AppData/Local/Programs/MiKTeX 2.9/fonts/type1/public/amsfonts/cm/cmmi12.
pfb><C:/Users/Dio.DESKTOP-QB6MRSV/AppData/Local/Programs/MiKTeX 2.9/fonts/type1
/public/amsfonts/cm/cmmi8.pfb><C:/Users/Dio.DESKTOP-QB6MRSV/AppData/Local/Progr
ams/MiKTeX 2.9/fonts/type1/public/amsfonts/cm/cmr12.pfb><C:/Users/Dio.DESKTOP-Q
B6MRSV/AppData/Local/Programs/MiKTeX 2.9/fonts/type1/public/amsfonts/cm/cmr8.pf
b><C:/Users/Dio.DESKTOP-QB6MRSV/AppData/Local/Programs/MiKTeX 2.9/fonts/type1/p
ublic/amsfonts/cm/cmsy10.pfb><C:/Users/Dio.DESKTOP-QB6MRSV/AppData/Local/Progra
ms/MiKTeX 2.9/fonts/type1/public/amsfonts/cm/cmsy8.pfb>
Output written on Coverinformation.pdf (1 page, 75273 bytes).
PDF statistics:
 68 PDF objects out of 1000 (max. 8388607)
 12 named destinations out of 1000 (max. 500000)
 37 words of extra memory for PDF output out of 10000 (max. 10000000)

