\BOOKMARK [1][-]{section.0.1}{The origins on the debate about private property}{}% 1
\BOOKMARK [2][-]{subsection.0.1.1}{What is a property right?}{section.0.1}% 2
\BOOKMARK [2][-]{subsection.0.1.2}{The language of property rights}{section.0.1}% 3
\BOOKMARK [1][-]{section.0.2}{The static economics of property rights}{}% 4
\BOOKMARK [2][-]{subsection.0.2.1}{Coasian paradigm}{section.0.2}% 5
\BOOKMARK [1][-]{section.0.3}{The Dynamic creation of property rights}{}% 6
\BOOKMARK [2][-]{subsection.0.3.1}{Incomplete contracting}{section.0.3}% 7
\BOOKMARK [1][-]{section.0.4}{Intellectual Property}{}% 8
\BOOKMARK [2][-]{subsection.0.4.1}{Assumptions of intellectual property}{section.0.4}% 9
\BOOKMARK [2][-]{subsection.0.4.2}{Mechanism Design}{section.0.4}% 10
\BOOKMARK [2][-]{subsection.0.4.3}{Scope and evidence}{section.0.4}% 11
\BOOKMARK [1][-]{section.0.5}{Contrbutions in this thesis}{}% 12
\BOOKMARK [2][-]{subsection.0.5.1}{First chapter}{section.0.5}% 13
\BOOKMARK [2][-]{subsection.0.5.2}{Second chapter}{section.0.5}% 14
\BOOKMARK [2][-]{subsection.0.5.3}{Third chapter}{section.0.5}% 15
\BOOKMARK [0][-]{chapter.1}{Piracy and network value}{}% 16
\BOOKMARK [1][-]{section.1.1}{Introduction}{chapter.1}% 17
\BOOKMARK [1][-]{section.1.2}{Literature review}{chapter.1}% 18
\BOOKMARK [1][-]{section.1.3}{The model}{chapter.1}% 19
\BOOKMARK [1][-]{section.1.4}{Preliminary Analysis}{chapter.1}% 20
\BOOKMARK [1][-]{section.1.5}{Solving the model}{chapter.1}% 21
\BOOKMARK [2][-]{subsection.1.5.1}{Equilibrium when r=0, no piracy cost}{section.1.5}% 22
\BOOKMARK [2][-]{subsection.1.5.2}{ Equilibrium when r is high}{section.1.5}% 23
\BOOKMARK [2][-]{subsection.1.5.3}{Does the firm prefer the high product degradation case or the no product degradation case? }{section.1.5}% 24
\BOOKMARK [2][-]{subsection.1.5.4}{ Equilibrium for intermediate values of the cost of piracy}{section.1.5}% 25
\BOOKMARK [1][-]{section.1.6}{Extension: Endogenous product improvement}{chapter.1}% 26
\BOOKMARK [1][-]{section.1.7}{Discussion and Conclusion}{chapter.1}% 27
\BOOKMARK [1][-]{section.1.8}{Appendix}{chapter.1}% 28
\BOOKMARK [2][-]{subsection.1.8.1}{Buyers and pirates}{section.1.8}% 29
\BOOKMARK [2][-]{subsection.1.8.2}{Proof of proposition 2}{section.1.8}% 30
\BOOKMARK [2][-]{subsection.1.8.3}{Proof of proposition 3}{section.1.8}% 31
\BOOKMARK [2][-]{subsection.1.8.4}{Proof of proposition 4}{section.1.8}% 32
\BOOKMARK [1][-]{section.1.9}{Endogenous k}{chapter.1}% 33
\BOOKMARK [2][-]{subsection.1.9.1}{case where r=0}{section.1.9}% 34
\BOOKMARK [2][-]{subsection.1.9.2}{Intermediate r}{section.1.9}% 35
\BOOKMARK [2][-]{subsection.1.9.3}{Some values for k}{section.1.9}% 36
\BOOKMARK [2][-]{subsection.1.9.4}{Notes}{section.1.9}% 37
\BOOKMARK [0][-]{chapter.2}{Cost-side innovation with project variance}{}% 38
\BOOKMARK [1][-]{section.2.1}{Introduction}{chapter.2}% 39
\BOOKMARK [1][-]{section.2.2}{Link to the literature}{chapter.2}% 40
\BOOKMARK [1][-]{section.2.3}{Setup}{chapter.2}% 41
\BOOKMARK [2][-]{subsection.2.3.1}{The dynamic model}{section.2.3}% 42
\BOOKMARK [2][-]{subsection.2.3.2}{Sequential}{section.2.3}% 43
\BOOKMARK [2][-]{subsection.2.3.3}{Radical}{section.2.3}% 44
\BOOKMARK [2][-]{subsection.2.3.4}{The willingness to lobby for buyouts}{section.2.3}% 45
\BOOKMARK [1][-]{section.2.4}{Applications:}{chapter.2}% 46
\BOOKMARK [2][-]{subsection.2.4.1}{Ex-ante buyout}{section.2.4}% 47
\BOOKMARK [2][-]{subsection.2.4.2}{Ex-post Bertrand}{section.2.4}% 48
\BOOKMARK [2][-]{subsection.2.4.3}{Ex-Post Cournot}{section.2.4}% 49
\BOOKMARK [2][-]{subsection.2.4.4}{Static case: Reduced form version of the Coasian argument}{section.2.4}% 50
\BOOKMARK [1][-]{section.2.5}{Discussion}{chapter.2}% 51
\BOOKMARK [1][-]{section.2.6}{Conclusion}{chapter.2}% 52
\BOOKMARK [2][-]{subsection.2.6.1}{Sequential}{section.2.6}% 53
\BOOKMARK [2][-]{subsection.2.6.2}{Radical}{section.2.6}% 54
\BOOKMARK [2][-]{subsection.2.6.3}{Proof of proposition 20}{section.2.6}% 55
\BOOKMARK [0][-]{chapter.3}{Microfoundations of Discounting}{}% 56
\BOOKMARK [1][-]{section.3.1}{Introduction}{chapter.3}% 57
\BOOKMARK [2][-]{subsection.3.1.1}{Background}{section.3.1}% 58
\BOOKMARK [2][-]{subsection.3.1.2}{Our model \205 growth rate maximization}{section.3.1}% 59
\BOOKMARK [2][-]{subsection.3.1.3}{Related literature}{section.3.1}% 60
\BOOKMARK [1][-]{section.3.2}{Theoretical Framework}{chapter.3}% 61
\BOOKMARK [2][-]{subsection.3.2.1}{Problem definition}{section.3.2}% 62
\BOOKMARK [2][-]{subsection.3.2.2}{Model setup}{section.3.2}% 63
\BOOKMARK [1][-]{section.3.3}{Results}{chapter.3}% 64
\BOOKMARK [2][-]{subsection.3.3.1}{Specification}{section.3.3}% 65
\BOOKMARK [2][-]{subsection.3.3.2}{Case A \205 Fixed time frame with additive dynamics}{section.3.3}% 66
\BOOKMARK [2][-]{subsection.3.3.3}{Case B \205 Fixed time frame with multiplicative dynamics}{section.3.3}% 67
\BOOKMARK [2][-]{subsection.3.3.4}{Case C \205 Adaptive time frame with additive dynamics}{section.3.3}% 68
\BOOKMARK [2][-]{subsection.3.3.5}{Case D \205 Adaptive time frame with multiplicative dynamics}{section.3.3}% 69
\BOOKMARK [1][-]{section.3.4}{Discussion}{chapter.3}% 70
\BOOKMARK [1][-]{section.Alph0.1}{The Transitivity of Growth Rate Maximization}{chapter.3}% 71
\BOOKMARK [0][-]{appendix*.5}{Bibliography}{}% 72
