\BOOKMARK [1][-]{section.0.1}{Introduction}{}% 1
\BOOKMARK [0][-]{chapter.1}{The arguments for not eating animals}{}% 2
\BOOKMARK [1][-]{section.1.1}{Minimizing Harm}{chapter.1}% 3
\BOOKMARK [2][-]{subsection.1.1.1}{Why these words?}{section.1.1}% 4
\BOOKMARK [2][-]{subsection.1.1.2}{Necesity}{section.1.1}% 5
\BOOKMARK [2][-]{subsection.1.1.3}{Utilitarianism}{section.1.1}% 6
\BOOKMARK [1][-]{section.1.2}{An alternative picture of humans}{chapter.1}% 7
\BOOKMARK [1][-]{section.1.3}{Speciesm}{chapter.1}% 8
\BOOKMARK [1][-]{section.1.4}{Cost-benefit}{chapter.1}% 9
\BOOKMARK [2][-]{subsection.1.4.1}{calculus}{section.1.4}% 10
\BOOKMARK [1][-]{section.1.5}{Equal consideration}{chapter.1}% 11
\BOOKMARK [1][-]{section.1.6}{Ecological:Plants}{chapter.1}% 12
\BOOKMARK [0][-]{chapter.2}{The good arguments for eating animals}{}% 13
\BOOKMARK [1][-]{section.2.1}{The extreme case: What if you have to?}{chapter.2}% 14
\BOOKMARK [0][-]{chapter.3}{The bad arguments for eating animals}{}% 15
\BOOKMARK [1][-]{section.3.1}{It is natural}{chapter.3}% 16
\BOOKMARK [1][-]{section.3.2}{We are superior}{chapter.3}% 17
\BOOKMARK [1][-]{section.3.3}{Harm and necceccity}{chapter.3}% 18
\BOOKMARK [2][-]{subsection.3.3.1}{Lifestyle preferences}{section.3.3}% 19
\BOOKMARK [2][-]{subsection.3.3.2}{Formulation vs induction}{section.3.3}% 20
\BOOKMARK [2][-]{subsection.3.3.3}{Against false principles}{section.3.3}% 21
